<?xml version="1.0" encoding="utf-8"?>
<test-run id="2" testcasecount="25" result="Passed" total="25" passed="25" failed="0" inconclusive="0" skipped="0" asserts="0" engine-version="3.5.0.0" clr-version="4.0.30319.42000" start-time="2026-09-21 20:53:55Z" end-time="2026-09-21 20:54:00Z" duration="5.5901219">
  <test-suite type="TestSuite" id="1000" name="City Forge V3" fullname="City Forge V3" runstate="Runnable" testcasecount="1168" result="Passed" start-time="2026-09-21 20:53:55Z" end-time="2026-09-21 20:54:00Z" duration="5.590122" total="25" passed="25" failed="0" inconclusive="0" skipped="0" asserts="0">
    <properties>
      <property name="platform" value="EditMode" />
    </properties>
    <test-suite type="Assembly" id="2342" name="CityForgeV3.Tests.EditMode.dll" fullname="/Users/joelinstrum/dev/CityForge-workspaces/texture-refinements/Library/ScriptAssemblies/CityForgeV3.Tests.EditMode.dll" runstate="Runnable" testcasecount="1168" result="Passed" start-time="2026-09-21 20:53:55Z" end-time="2026-09-21 20:54:00Z" duration="5.578004" total="25" passed="25" failed="0" inconclusive="0" skipped="0" asserts="0">
      <properties>
        <property name="_PID" value="97851" />
        <property name="_APPDOMAIN" value="Unity Child Domain" />
        <property name="platform" value="EditMode" />
        <property name="EditorOnly" value="True" />
      </properties>
      <test-suite type="TestSuite" id="2343" name="CityForgeV3" fullname="CityForgeV3" runstate="Runnable" testcasecount="1015" result="Passed" start-time="2026-09-21 20:53:55Z" end-time="2026-09-21 20:54:00Z" duration="5.566095" total="25" passed="25" failed="0" inconclusive="0" skipped="0" asserts="0">
        <properties />
        <test-suite type="TestSuite" id="2344" name="Tests" fullname="CityForgeV3.Tests" runstate="Runnable" testcasecount="1015" result="Passed" start-time="2026-09-21 20:53:55Z" end-time="2026-09-21 20:54:00Z" duration="5.560580" total="25" passed="25" failed="0" inconclusive="0" skipped="0" asserts="0">
          <properties />
          <test-suite type="TestFixture" id="1241" name="DistrictRiverTests" fullname="CityForgeV3.Tests.DistrictRiverTests" classname="CityForgeV3.Tests.DistrictRiverTests" runstate="Runnable" testcasecount="13" result="Passed" start-time="2026-09-21 20:53:55Z" end-time="2026-09-21 20:53:58Z" duration="3.524463" total="13" passed="13" failed="0" inconclusive="0" skipped="0" asserts="0">
            <properties />
            <test-case id="1254" name="BothCardinalAxesUseTheBlueV02SurfaceCalibration" fullname="CityForgeV3.Tests.DistrictRiverTests.BothCardinalAxesUseTheBlueV02SurfaceCalibration" methodname="BothCardinalAxesUseTheBlueV02SurfaceCalibration" classname="CityForgeV3.Tests.DistrictRiverTests" runstate="Runnable" seed="1011690406" result="Passed" start-time="2026-09-21 20:53:55Z" end-time="2026-09-21 20:53:56Z" duration="1.345475" asserts="0">
              <properties>
                <property name="retryIteration" value="0" />
                <property name="repeatIteration" value="0" />
              </properties>
              <output><![CDATA[RIVER REFRESH mesh=255ms terrain=1ms decals=206ms total=462ms
]]></output>
            </test-case>
            <test-case id="1250" name="DistrictFloraSurvivesRegionSerialization" fullname="CityForgeV3.Tests.DistrictRiverTests.DistrictFloraSurvivesRegionSerialization" methodname="DistrictFloraSurvivesRegionSerialization" classname="CityForgeV3.Tests.DistrictRiverTests" runstate="Runnable" seed="514417327" result="Passed" start-time="2026-09-21 20:53:56Z" end-time="2026-09-21 20:53:56Z" duration="0.001751" asserts="0">
              <properties>
                <property name="retryIteration" value="0" />
                <property name="repeatIteration" value="0" />
              </properties>
            </test-case>
            <test-suite type="ParameterizedMethod" id="1247" name="HorizontalRiverCrossesOppositeDistrictEdges" fullname="CityForgeV3.Tests.DistrictRiverTests.HorizontalRiverCrossesOppositeDistrictEdges" classname="CityForgeV3.Tests.DistrictRiverTests" runstate="Runnable" testcasecount="2" result="Passed" start-time="2026-09-21 20:53:56Z" end-time="2026-09-21 20:53:56Z" duration="0.018269" total="2" passed="2" failed="0" inconclusive="0" skipped="0" asserts="0">
              <properties />
              <test-case id="1245" name="HorizontalRiverCrossesOppositeDistrictEdges(WestToEast,0.0f,1.0f)" fullname="CityForgeV3.Tests.DistrictRiverTests.HorizontalRiverCrossesOppositeDistrictEdges(WestToEast,0.0f,1.0f)" methodname="HorizontalRiverCrossesOppositeDistrictEdges" classname="CityForgeV3.Tests.DistrictRiverTests" runstate="Runnable" seed="167098668" result="Passed" start-time="2026-09-21 20:53:56Z" end-time="2026-09-21 20:53:56Z" duration="0.006063" asserts="0">
                <properties>
                  <property name="retryIteration" value="0" />
                  <property name="repeatIteration" value="0" />
                </properties>
              </test-case>
              <test-case id="1246" name="HorizontalRiverCrossesOppositeDistrictEdges(EastToWest,1.0f,0.0f)" fullname="CityForgeV3.Tests.DistrictRiverTests.HorizontalRiverCrossesOppositeDistrictEdges(EastToWest,1.0f,0.0f)" methodname="HorizontalRiverCrossesOppositeDistrictEdges" classname="CityForgeV3.Tests.DistrictRiverTests" runstate="Runnable" seed="907811764" result="Passed" start-time="2026-09-21 20:53:56Z" end-time="2026-09-21 20:53:56Z" duration="0.000216" asserts="0">
                <properties>
                  <property name="retryIteration" value="0" />
                  <property name="repeatIteration" value="0" />
                </properties>
              </test-case>
            </test-suite>
            <test-case id="1253" name="RiverBedTextureIsAvailableToRuntimeRendering" fullname="CityForgeV3.Tests.DistrictRiverTests.RiverBedTextureIsAvailableToRuntimeRendering" methodname="RiverBedTextureIsAvailableToRuntimeRendering" classname="CityForgeV3.Tests.DistrictRiverTests" runstate="Runnable" seed="1699062511" result="Passed" start-time="2026-09-21 20:53:56Z" end-time="2026-09-21 20:53:56Z" duration="0.016605" asserts="0">
              <properties>
                <property name="retryIteration" value="0" />
                <property name="repeatIteration" value="0" />
              </properties>
            </test-case>
            <test-case id="1248" name="RiverDataSurvivesRegionSerialization" fullname="CityForgeV3.Tests.DistrictRiverTests.RiverDataSurvivesRegionSerialization" methodname="RiverDataSurvivesRegionSerialization" classname="CityForgeV3.Tests.DistrictRiverTests" runstate="Runnable" seed="535953429" result="Passed" start-time="2026-09-21 20:53:56Z" end-time="2026-09-21 20:53:56Z" duration="0.001692" asserts="0">
              <properties>
                <property name="retryIteration" value="0" />
                <property name="repeatIteration" value="0" />
              </properties>
            </test-case>
            <test-case id="1256" name="RiverSurfaceSamplerReturnsBedWaterAndDownstreamDirection" fullname="CityForgeV3.Tests.DistrictRiverTests.RiverSurfaceSamplerReturnsBedWaterAndDownstreamDirection" methodname="RiverSurfaceSamplerReturnsBedWaterAndDownstreamDirection" classname="CityForgeV3.Tests.DistrictRiverTests" runstate="Runnable" seed="1107464754" result="Passed" start-time="2026-09-21 20:53:56Z" end-time="2026-09-21 20:53:57Z" duration="0.992914" asserts="0">
              <properties>
                <property name="retryIteration" value="0" />
                <property name="repeatIteration" value="0" />
              </properties>
              <output><![CDATA[RIVER REFRESH mesh=23ms terrain=0ms decals=170ms total=193ms
]]></output>
            </test-case>
            <test-case id="1251" name="ShallowRiverIsBroaderThanDeepRiver" fullname="CityForgeV3.Tests.DistrictRiverTests.ShallowRiverIsBroaderThanDeepRiver" methodname="ShallowRiverIsBroaderThanDeepRiver" classname="CityForgeV3.Tests.DistrictRiverTests" runstate="Runnable" seed="538725246" result="Passed" start-time="2026-09-21 20:53:57Z" end-time="2026-09-21 20:53:57Z" duration="0.000197" asserts="0">
              <properties>
                <property name="retryIteration" value="0" />
                <property name="repeatIteration" value="0" />
              </properties>
            </test-case>
            <test-case id="1249" name="StairRunsUseSeededLongAndShortGridSpans" fullname="CityForgeV3.Tests.DistrictRiverTests.StairRunsUseSeededLongAndShortGridSpans" methodname="StairRunsUseSeededLongAndShortGridSpans" classname="CityForgeV3.Tests.DistrictRiverTests" runstate="Runnable" seed="1496629995" result="Passed" start-time="2026-09-21 20:53:57Z" end-time="2026-09-21 20:53:57Z" duration="0.002470" asserts="0">
              <properties>
                <property name="retryIteration" value="0" />
                <property name="repeatIteration" value="0" />
              </properties>
            </test-case>
            <test-suite type="ParameterizedMethod" id="1244" name="VerticalRiverCrossesOppositeDistrictEdges" fullname="CityForgeV3.Tests.DistrictRiverTests.VerticalRiverCrossesOppositeDistrictEdges" classname="CityForgeV3.Tests.DistrictRiverTests" runstate="Runnable" testcasecount="2" result="Passed" start-time="2026-09-21 20:53:57Z" end-time="2026-09-21 20:53:57Z" duration="0.001628" total="2" passed="2" failed="0" inconclusive="0" skipped="0" asserts="0">
              <properties />
              <test-case id="1242" name="VerticalRiverCrossesOppositeDistrictEdges(SouthToNorth,0.0f,1.0f)" fullname="CityForgeV3.Tests.DistrictRiverTests.VerticalRiverCrossesOppositeDistrictEdges(SouthToNorth,0.0f,1.0f)" methodname="VerticalRiverCrossesOppositeDistrictEdges" classname="CityForgeV3.Tests.DistrictRiverTests" runstate="Runnable" seed="201304782" result="Passed" start-time="2026-09-21 20:53:57Z" end-time="2026-09-21 20:53:57Z" duration="0.000404" asserts="0">
                <properties>
                  <property name="retryIteration" value="0" />
                  <property name="repeatIteration" value="0" />
                </properties>
              </test-case>
              <test-case id="1243" name="VerticalRiverCrossesOppositeDistrictEdges(NorthToSouth,1.0f,0.0f)" fullname="CityForgeV3.Tests.DistrictRiverTests.VerticalRiverCrossesOppositeDistrictEdges(NorthToSouth,1.0f,0.0f)" methodname="VerticalRiverCrossesOppositeDistrictEdges" classname="CityForgeV3.Tests.DistrictRiverTests" runstate="Runnable" seed="806444135" result="Passed" start-time="2026-09-21 20:53:57Z" end-time="2026-09-21 20:53:57Z" duration="0.000127" asserts="0">
                <properties>
                  <property name="retryIteration" value="0" />
                  <property name="repeatIteration" value="0" />
                </properties>
              </test-case>
            </test-suite>
            <test-case id="1252" name="WaterSelectionFindsAndMovesOnlyTheRiver" fullname="CityForgeV3.Tests.DistrictRiverTests.WaterSelectionFindsAndMovesOnlyTheRiver" methodname="WaterSelectionFindsAndMovesOnlyTheRiver" classname="CityForgeV3.Tests.DistrictRiverTests" runstate="Runnable" seed="1078945257" result="Passed" start-time="2026-09-21 20:53:57Z" end-time="2026-09-21 20:53:57Z" duration="0.001592" asserts="0">
              <properties>
                <property name="retryIteration" value="0" />
                <property name="repeatIteration" value="0" />
              </properties>
            </test-case>
            <test-case id="1255" name="WiderRiverOwnsJunctionAndTributaryFadesRegardlessOfOrder" fullname="CityForgeV3.Tests.DistrictRiverTests.WiderRiverOwnsJunctionAndTributaryFadesRegardlessOfOrder" methodname="WiderRiverOwnsJunctionAndTributaryFadesRegardlessOfOrder" classname="CityForgeV3.Tests.DistrictRiverTests" runstate="Runnable" seed="1073018199" result="Passed" start-time="2026-09-21 20:53:57Z" end-time="2026-09-21 20:53:58Z" duration="1.131654" asserts="0">
              <properties>
                <property name="retryIteration" value="0" />
                <property name="repeatIteration" value="0" />
              </properties>
              <output><![CDATA[RIVER REFRESH mesh=173ms terrain=0ms decals=174ms total=347ms
]]></output>
            </test-case>
          </test-suite>
          <test-suite type="TestFixture" id="1336" name="RiverBankAppearanceTests" fullname="CityForgeV3.Tests.RiverBankAppearanceTests" classname="CityForgeV3.Tests.RiverBankAppearanceTests" runstate="Runnable" testcasecount="12" result="Passed" start-time="2026-09-21 20:53:58Z" end-time="2026-09-21 20:54:00Z" duration="2.007112" total="12" passed="12" failed="0" inconclusive="0" skipped="0" asserts="0">
            <properties />
            <test-case id="1344" name="BankMaterialsLoadWithHorizontalRepeatAndVerticalClamp" fullname="CityForgeV3.Tests.RiverBankAppearanceTests.BankMaterialsLoadWithHorizontalRepeatAndVerticalClamp" methodname="BankMaterialsLoadWithHorizontalRepeatAndVerticalClamp" classname="CityForgeV3.Tests.RiverBankAppearanceTests" runstate="Runnable" seed="1383909477" result="Passed" start-time="2026-09-21 20:53:58Z" end-time="2026-09-21 20:53:58Z" duration="0.031003" asserts="0">
              <properties>
                <property name="retryIteration" value="0" />
                <property name="repeatIteration" value="0" />
              </properties>
            </test-case>
            <test-case id="1341" name="ClippingAndJunctionSubtractionRetainInterpolatedSignedBankWeights" fullname="CityForgeV3.Tests.RiverBankAppearanceTests.ClippingAndJunctionSubtractionRetainInterpolatedSignedBankWeights" methodname="ClippingAndJunctionSubtractionRetainInterpolatedSignedBankWeights" classname="CityForgeV3.Tests.RiverBankAppearanceTests" runstate="Runnable" seed="1725156607" result="Passed" start-time="2026-09-21 20:53:58Z" end-time="2026-09-21 20:53:58Z" duration="0.001074" asserts="0">
              <properties>
                <property name="retryIteration" value="0" />
                <property name="repeatIteration" value="0" />
              </properties>
            </test-case>
            <test-case id="1343" name="HillMeadowAssetsSupportContinuousTerrainBlending" fullname="CityForgeV3.Tests.RiverBankAppearanceTests.HillMeadowAssetsSupportContinuousTerrainBlending" methodname="HillMeadowAssetsSupportContinuousTerrainBlending" classname="CityForgeV3.Tests.RiverBankAppearanceTests" runstate="Runnable" seed="1924559558" result="Passed" start-time="2026-09-21 20:53:58Z" end-time="2026-09-21 20:53:58Z" duration="0.002253" asserts="0">
              <properties>
                <property name="retryIteration" value="0" />
                <property name="repeatIteration" value="0" />
              </properties>
            </test-case>
            <test-case id="1337" name="InsertingCollinearSamplesDoesNotChangeBendAtExistingPoints" fullname="CityForgeV3.Tests.RiverBankAppearanceTests.InsertingCollinearSamplesDoesNotChangeBendAtExistingPoints" methodname="InsertingCollinearSamplesDoesNotChangeBendAtExistingPoints" classname="CityForgeV3.Tests.RiverBankAppearanceTests" runstate="Runnable" seed="463147350" result="Passed" start-time="2026-09-21 20:53:58Z" end-time="2026-09-21 20:53:58Z" duration="0.000725" asserts="0">
              <properties>
                <property name="retryIteration" value="0" />
                <property name="repeatIteration" value="0" />
              </properties>
            </test-case>
            <test-case id="1342" name="JunctionSubtractionFadesTributaryAlphaTowardOwner" fullname="CityForgeV3.Tests.RiverBankAppearanceTests.JunctionSubtractionFadesTributaryAlphaTowardOwner" methodname="JunctionSubtractionFadesTributaryAlphaTowardOwner" classname="CityForgeV3.Tests.RiverBankAppearanceTests" runstate="Runnable" seed="60888364" result="Passed" start-time="2026-09-21 20:53:58Z" end-time="2026-09-21 20:53:58Z" duration="0.000728" asserts="0">
              <properties>
                <property name="retryIteration" value="0" />
                <property name="repeatIteration" value="0" />
              </properties>
            </test-case>
            <test-case id="1346" name="LightV04BanksAreTheActiveRuntimeResources" fullname="CityForgeV3.Tests.RiverBankAppearanceTests.LightV04BanksAreTheActiveRuntimeResources" methodname="LightV04BanksAreTheActiveRuntimeResources" classname="CityForgeV3.Tests.RiverBankAppearanceTests" runstate="Runnable" seed="699035207" result="Passed" start-time="2026-09-21 20:53:58Z" end-time="2026-09-21 20:53:58Z" duration="0.000272" asserts="0">
              <properties>
                <property name="retryIteration" value="0" />
                <property name="repeatIteration" value="0" />
              </properties>
            </test-case>
            <test-case id="1348" name="MajorRiverMaterialBindsAllThreeMutedWideTextures" fullname="CityForgeV3.Tests.RiverBankAppearanceTests.MajorRiverMaterialBindsAllThreeMutedWideTextures" methodname="MajorRiverMaterialBindsAllThreeMutedWideTextures" classname="CityForgeV3.Tests.RiverBankAppearanceTests" runstate="Runnable" seed="1022075500" result="Passed" start-time="2026-09-21 20:53:58Z" end-time="2026-09-21 20:53:59Z" duration="1.002537" asserts="0">
              <properties>
                <property name="retryIteration" value="0" />
                <property name="repeatIteration" value="0" />
              </properties>
              <output><![CDATA[RIVER REFRESH mesh=14ms terrain=0ms decals=183ms total=197ms
]]></output>
            </test-case>
            <test-case id="1340" name="MirroringBendSwapsGravelAndEarthAndBoundsHairpins" fullname="CityForgeV3.Tests.RiverBankAppearanceTests.MirroringBendSwapsGravelAndEarthAndBoundsHairpins" methodname="MirroringBendSwapsGravelAndEarthAndBoundsHairpins" classname="CityForgeV3.Tests.RiverBankAppearanceTests" runstate="Runnable" seed="2035346630" result="Passed" start-time="2026-09-21 20:53:59Z" end-time="2026-09-21 20:54:00Z" duration="0.000605" asserts="0">
              <properties>
                <property name="retryIteration" value="0" />
                <property name="repeatIteration" value="0" />
              </properties>
            </test-case>
            <test-case id="1338" name="ReversingPointOrderSwapsBankSidesWithoutChangingPhysicalBend" fullname="CityForgeV3.Tests.RiverBankAppearanceTests.ReversingPointOrderSwapsBankSidesWithoutChangingPhysicalBend" methodname="ReversingPointOrderSwapsBankSidesWithoutChangingPhysicalBend" classname="CityForgeV3.Tests.RiverBankAppearanceTests" runstate="Runnable" seed="1552377955" result="Passed" start-time="2026-09-21 20:54:00Z" end-time="2026-09-21 20:54:00Z" duration="0.000327" asserts="0">
              <properties>
                <property name="retryIteration" value="0" />
                <property name="repeatIteration" value="0" />
              </properties>
            </test-case>
            <test-case id="1347" name="RiverBankMaterialBindsAllThreeLightV04Textures" fullname="CityForgeV3.Tests.RiverBankAppearanceTests.RiverBankMaterialBindsAllThreeLightV04Textures" methodname="RiverBankMaterialBindsAllThreeLightV04Textures" classname="CityForgeV3.Tests.RiverBankAppearanceTests" runstate="Runnable" seed="1509642185" result="Passed" start-time="2026-09-21 20:54:00Z" end-time="2026-09-21 20:54:00Z" duration="0.954322" asserts="0">
              <properties>
                <property name="retryIteration" value="0" />
                <property name="repeatIteration" value="0" />
              </properties>
              <output><![CDATA[RIVER REFRESH mesh=15ms terrain=0ms decals=167ms total=182ms
]]></output>
            </test-case>
            <test-case id="1339" name="StraightAndDegeneratePathsStayNeutralAndFinite" fullname="CityForgeV3.Tests.RiverBankAppearanceTests.StraightAndDegeneratePathsStayNeutralAndFinite" methodname="StraightAndDegeneratePathsStayNeutralAndFinite" classname="CityForgeV3.Tests.RiverBankAppearanceTests" runstate="Runnable" seed="776884188" result="Passed" start-time="2026-09-21 20:54:00Z" end-time="2026-09-21 20:54:00Z" duration="0.000339" asserts="0">
              <properties>
                <property name="retryIteration" value="0" />
                <property name="repeatIteration" value="0" />
              </properties>
            </test-case>
            <test-case id="1345" name="WideBankSelectionPreservesV04ThroughMediumWidths" fullname="CityForgeV3.Tests.RiverBankAppearanceTests.WideBankSelectionPreservesV04ThroughMediumWidths" methodname="WideBankSelectionPreservesV04ThroughMediumWidths" classname="CityForgeV3.Tests.RiverBankAppearanceTests" runstate="Runnable" seed="423460363" result="Passed" start-time="2026-09-21 20:54:00Z" end-time="2026-09-21 20:54:00Z" duration="0.000297" asserts="0">
              <properties>
                <property name="retryIteration" value="0" />
                <property name="repeatIteration" value="0" />
              </properties>
              <output><![CDATA[Saving results to: /Users/joelinstrum/dev/CityForge-workspaces/texture-refinements/Documentation/Validation/river-banks-v05-wide/editmode-results.xml
]]></output>
            </test-case>
          </test-suite>
        </test-suite>
      </test-suite>
    </test-suite>
  </test-suite>
</test-run>