<?xml version="1.0" encoding="utf-8"?>
<test-run id="2" testcasecount="30" result="Passed" total="30" passed="30" failed="0" inconclusive="0" skipped="0" asserts="0" engine-version="3.5.0.0" clr-version="4.0.30319.42000" start-time="2026-09-17 01:30:28Z" end-time="2026-09-17 01:30:31Z" duration="2.5997046">
  <test-suite type="TestSuite" id="1000" name="City Forge V3" fullname="City Forge V3" runstate="Runnable" testcasecount="894" result="Passed" start-time="2026-09-17 01:30:28Z" end-time="2026-09-17 01:30:31Z" duration="2.599705" total="30" passed="30" failed="0" inconclusive="0" skipped="0" asserts="0">
    <properties>
      <property name="platform" value="EditMode" />
    </properties>
    <test-suite type="Assembly" id="2028" name="CityForgeV3.Tests.EditMode.dll" fullname="/Users/joelinstrum/dev/CityForge - V3/Library/ScriptAssemblies/CityForgeV3.Tests.EditMode.dll" runstate="Runnable" testcasecount="894" result="Passed" start-time="2026-09-17 01:30:28Z" end-time="2026-09-17 01:30:31Z" duration="2.404716" total="30" passed="30" failed="0" inconclusive="0" skipped="0" asserts="0">
      <properties>
        <property name="_PID" value="33758" />
        <property name="_APPDOMAIN" value="Unity Child Domain" />
        <property name="platform" value="EditMode" />
        <property name="EditorOnly" value="True" />
      </properties>
      <test-suite type="TestSuite" id="2029" name="CityForgeV3" fullname="CityForgeV3" runstate="Runnable" testcasecount="780" result="Passed" start-time="2026-09-17 01:30:29Z" end-time="2026-09-17 01:30:30Z" duration="1.304517" total="5" passed="5" failed="0" inconclusive="0" skipped="0" asserts="0">
        <properties />
        <test-suite type="TestSuite" id="2030" name="Tests" fullname="CityForgeV3.Tests" runstate="Runnable" testcasecount="780" result="Passed" start-time="2026-09-17 01:30:29Z" end-time="2026-09-17 01:30:30Z" duration="1.104504" total="5" passed="5" failed="0" inconclusive="0" skipped="0" asserts="0">
          <properties />
          <test-suite type="TestSuite" id="2031" name="EditMode" fullname="CityForgeV3.Tests.EditMode" runstate="Runnable" testcasecount="223" result="Passed" start-time="2026-09-17 01:30:30Z" end-time="2026-09-17 01:30:30Z" duration="0.504329" total="5" passed="5" failed="0" inconclusive="0" skipped="0" asserts="0">
            <properties />
            <test-suite type="TestFixture" id="1935" name="DistrictTreeHarvestTests" fullname="CityForgeV3.Tests.EditMode.DistrictTreeHarvestTests" classname="CityForgeV3.Tests.EditMode.DistrictTreeHarvestTests" runstate="Runnable" testcasecount="5" result="Passed" start-time="2026-09-17 01:30:30Z" end-time="2026-09-17 01:30:30Z" duration="0.203492" total="5" passed="5" failed="0" inconclusive="0" skipped="0" asserts="0">
              <properties />
              <test-case id="1939" name="AllSpritesHaveExpectedDimensionsAndVisibleBounds" fullname="CityForgeV3.Tests.EditMode.DistrictTreeHarvestTests.AllSpritesHaveExpectedDimensionsAndVisibleBounds" methodname="AllSpritesHaveExpectedDimensionsAndVisibleBounds" classname="CityForgeV3.Tests.EditMode.DistrictTreeHarvestTests" runstate="Runnable" seed="797350" result="Passed" start-time="2026-09-17 01:30:30Z" end-time="2026-09-17 01:30:30Z" duration="0.093422" asserts="0">
                <properties>
                  <property name="retryIteration" value="0" />
                  <property name="repeatIteration" value="0" />
                </properties>
              </test-case>
              <test-case id="1936" name="OldSavesRemainStanding" fullname="CityForgeV3.Tests.EditMode.DistrictTreeHarvestTests.OldSavesRemainStanding" methodname="OldSavesRemainStanding" classname="CityForgeV3.Tests.EditMode.DistrictTreeHarvestTests" runstate="Runnable" seed="1630315498" result="Passed" start-time="2026-09-17 01:30:30Z" end-time="2026-09-17 01:30:30Z" duration="0.000810" asserts="0">
                <properties>
                  <property name="retryIteration" value="0" />
                  <property name="repeatIteration" value="0" />
                </properties>
              </test-case>
              <test-case id="1937" name="OnlyCilicianCanFallAndYieldCannotDuplicate" fullname="CityForgeV3.Tests.EditMode.DistrictTreeHarvestTests.OnlyCilicianCanFallAndYieldCannotDuplicate" methodname="OnlyCilicianCanFallAndYieldCannotDuplicate" classname="CityForgeV3.Tests.EditMode.DistrictTreeHarvestTests" runstate="Runnable" seed="1415863486" result="Passed" start-time="2026-09-17 01:30:30Z" end-time="2026-09-17 01:30:30Z" duration="0.000302" asserts="0">
                <properties>
                  <property name="retryIteration" value="0" />
                  <property name="repeatIteration" value="0" />
                </properties>
              </test-case>
              <test-case id="1938" name="PartialPickupRoundTripsAndEmptyTreeBecomesStump" fullname="CityForgeV3.Tests.EditMode.DistrictTreeHarvestTests.PartialPickupRoundTripsAndEmptyTreeBecomesStump" methodname="PartialPickupRoundTripsAndEmptyTreeBecomesStump" classname="CityForgeV3.Tests.EditMode.DistrictTreeHarvestTests" runstate="Runnable" seed="1710895708" result="Passed" start-time="2026-09-17 01:30:30Z" end-time="2026-09-17 01:30:30Z" duration="0.000688" asserts="0">
                <properties>
                  <property name="retryIteration" value="0" />
                  <property name="repeatIteration" value="0" />
                </properties>
              </test-case>
              <test-case id="1940" name="UndoRestoresStandingWithoutRetainingWood" fullname="CityForgeV3.Tests.EditMode.DistrictTreeHarvestTests.UndoRestoresStandingWithoutRetainingWood" methodname="UndoRestoresStandingWithoutRetainingWood" classname="CityForgeV3.Tests.EditMode.DistrictTreeHarvestTests" runstate="Runnable" seed="119881630" result="Passed" start-time="2026-09-17 01:30:30Z" end-time="2026-09-17 01:30:30Z" duration="0.000289" asserts="0">
                <properties>
                  <property name="retryIteration" value="0" />
                  <property name="repeatIteration" value="0" />
                </properties>
              </test-case>
            </test-suite>
          </test-suite>
        </test-suite>
      </test-suite>
      <test-suite type="TestFixture" id="1003" name="DistrictFloraBatchesTests" fullname="DistrictFloraBatchesTests" classname="DistrictFloraBatchesTests" runstate="Runnable" testcasecount="9" result="Passed" start-time="2026-09-17 01:30:30Z" end-time="2026-09-17 01:30:30Z" duration="0.345553" total="9" passed="9" failed="0" inconclusive="0" skipped="0" asserts="0">
        <properties />
        <test-suite type="ParameterizedMethod" id="1009" name="ClusterShadowsUseFiveDistinctGroundContactsAndSoftEdges" fullname="DistrictFloraBatchesTests.ClusterShadowsUseFiveDistinctGroundContactsAndSoftEdges" classname="DistrictFloraBatchesTests" runstate="Runnable" testcasecount="5" result="Passed" start-time="2026-09-17 01:30:30Z" end-time="2026-09-17 01:30:30Z" duration="0.232518" total="5" passed="5" failed="0" inconclusive="0" skipped="0" asserts="0">
          <properties />
          <test-case id="1004" name="ClusterShadowsUseFiveDistinctGroundContactsAndSoftEdges(0)" fullname="DistrictFloraBatchesTests.ClusterShadowsUseFiveDistinctGroundContactsAndSoftEdges(0)" methodname="ClusterShadowsUseFiveDistinctGroundContactsAndSoftEdges" classname="DistrictFloraBatchesTests" runstate="Runnable" seed="114893966" result="Passed" start-time="2026-09-17 01:30:30Z" end-time="2026-09-17 01:30:30Z" duration="0.029971" asserts="0">
            <properties>
              <property name="retryIteration" value="0" />
              <property name="repeatIteration" value="0" />
            </properties>
          </test-case>
          <test-case id="1005" name="ClusterShadowsUseFiveDistinctGroundContactsAndSoftEdges(1)" fullname="DistrictFloraBatchesTests.ClusterShadowsUseFiveDistinctGroundContactsAndSoftEdges(1)" methodname="ClusterShadowsUseFiveDistinctGroundContactsAndSoftEdges" classname="DistrictFloraBatchesTests" runstate="Runnable" seed="141770537" result="Passed" start-time="2026-09-17 01:30:30Z" end-time="2026-09-17 01:30:30Z" duration="0.000871" asserts="0">
            <properties>
              <property name="retryIteration" value="0" />
              <property name="repeatIteration" value="0" />
            </properties>
          </test-case>
          <test-case id="1006" name="ClusterShadowsUseFiveDistinctGroundContactsAndSoftEdges(2)" fullname="DistrictFloraBatchesTests.ClusterShadowsUseFiveDistinctGroundContactsAndSoftEdges(2)" methodname="ClusterShadowsUseFiveDistinctGroundContactsAndSoftEdges" classname="DistrictFloraBatchesTests" runstate="Runnable" seed="940716379" result="Passed" start-time="2026-09-17 01:30:30Z" end-time="2026-09-17 01:30:30Z" duration="0.000500" asserts="0">
            <properties>
              <property name="retryIteration" value="0" />
              <property name="repeatIteration" value="0" />
            </properties>
          </test-case>
          <test-case id="1007" name="ClusterShadowsUseFiveDistinctGroundContactsAndSoftEdges(3)" fullname="DistrictFloraBatchesTests.ClusterShadowsUseFiveDistinctGroundContactsAndSoftEdges(3)" methodname="ClusterShadowsUseFiveDistinctGroundContactsAndSoftEdges" classname="DistrictFloraBatchesTests" runstate="Runnable" seed="1539287893" result="Passed" start-time="2026-09-17 01:30:30Z" end-time="2026-09-17 01:30:30Z" duration="0.000455" asserts="0">
            <properties>
              <property name="retryIteration" value="0" />
              <property name="repeatIteration" value="0" />
            </properties>
          </test-case>
          <test-case id="1008" name="ClusterShadowsUseFiveDistinctGroundContactsAndSoftEdges(4)" fullname="DistrictFloraBatchesTests.ClusterShadowsUseFiveDistinctGroundContactsAndSoftEdges(4)" methodname="ClusterShadowsUseFiveDistinctGroundContactsAndSoftEdges" classname="DistrictFloraBatchesTests" runstate="Runnable" seed="47163197" result="Passed" start-time="2026-09-17 01:30:30Z" end-time="2026-09-17 01:30:30Z" duration="0.000433" asserts="0">
            <properties>
              <property name="retryIteration" value="0" />
              <property name="repeatIteration" value="0" />
            </properties>
          </test-case>
        </test-suite>
        <test-case id="1011" name="HarvestOrMoveRebuildsOnlyTheAffectedCell" fullname="DistrictFloraBatchesTests.HarvestOrMoveRebuildsOnlyTheAffectedCell" methodname="HarvestOrMoveRebuildsOnlyTheAffectedCell" classname="DistrictFloraBatchesTests" runstate="Runnable" seed="1620066095" result="Passed" start-time="2026-09-17 01:30:30Z" end-time="2026-09-17 01:30:30Z" duration="0.011241" asserts="0">
          <properties>
            <property name="retryIteration" value="0" />
            <property name="repeatIteration" value="0" />
          </properties>
        </test-case>
        <test-case id="1012" name="HarvestStateDoesNotInvalidateSpatialComposition" fullname="DistrictFloraBatchesTests.HarvestStateDoesNotInvalidateSpatialComposition" methodname="HarvestStateDoesNotInvalidateSpatialComposition" classname="DistrictFloraBatchesTests" runstate="Runnable" seed="6855033" result="Passed" start-time="2026-09-17 01:30:30Z" end-time="2026-09-17 01:30:30Z" duration="0.003398" asserts="0">
          <properties>
            <property name="retryIteration" value="0" />
            <property name="repeatIteration" value="0" />
          </properties>
        </test-case>
        <test-case id="1013" name="LightingRebuildUpdatesTintWithoutAccumulatingMeshes" fullname="DistrictFloraBatchesTests.LightingRebuildUpdatesTintWithoutAccumulatingMeshes" methodname="LightingRebuildUpdatesTintWithoutAccumulatingMeshes" classname="DistrictFloraBatchesTests" runstate="Runnable" seed="83361593" result="Passed" start-time="2026-09-17 01:30:30Z" end-time="2026-09-17 01:30:30Z" duration="0.000988" asserts="0">
          <properties>
            <property name="retryIteration" value="0" />
            <property name="repeatIteration" value="0" />
          </properties>
        </test-case>
        <test-case id="1010" name="NearbyCopiesShareOneMeshAndRemainPickable" fullname="DistrictFloraBatchesTests.NearbyCopiesShareOneMeshAndRemainPickable" methodname="NearbyCopiesShareOneMeshAndRemainPickable" classname="DistrictFloraBatchesTests" runstate="Runnable" seed="1069471500" result="Passed" start-time="2026-09-17 01:30:30Z" end-time="2026-09-17 01:30:30Z" duration="0.001291" asserts="0">
          <properties>
            <property name="retryIteration" value="0" />
            <property name="repeatIteration" value="0" />
          </properties>
        </test-case>
      </test-suite>
      <test-suite type="TestFixture" id="1014" name="DistrictFloraCoverageTests" fullname="DistrictFloraCoverageTests" classname="DistrictFloraCoverageTests" runstate="Runnable" testcasecount="5" result="Passed" start-time="2026-09-17 01:30:30Z" end-time="2026-09-17 01:30:31Z" duration="0.177312" total="5" passed="5" failed="0" inconclusive="0" skipped="0" asserts="0">
        <properties />
        <test-case id="1017" name="DistrictCoverageSurvivesReloadAndUndoRestoresPreviousCoverage" fullname="DistrictFloraCoverageTests.DistrictCoverageSurvivesReloadAndUndoRestoresPreviousCoverage" methodname="DistrictCoverageSurvivesReloadAndUndoRestoresPreviousCoverage" classname="DistrictFloraCoverageTests" runstate="Runnable" seed="1568728472" result="Passed" start-time="2026-09-17 01:30:31Z" end-time="2026-09-17 01:30:31Z" duration="0.019413" asserts="0">
          <properties>
            <property name="retryIteration" value="0" />
            <property name="repeatIteration" value="0" />
          </properties>
        </test-case>
        <test-case id="1015" name="DistrictGenerationChangesOnlyItsTargetAndInvalidatesOnlyItsIndex" fullname="DistrictFloraCoverageTests.DistrictGenerationChangesOnlyItsTargetAndInvalidatesOnlyItsIndex" methodname="DistrictGenerationChangesOnlyItsTargetAndInvalidatesOnlyItsIndex" classname="DistrictFloraCoverageTests" runstate="Runnable" seed="1767331967" result="Passed" start-time="2026-09-17 01:30:31Z" end-time="2026-09-17 01:30:31Z" duration="0.004212" asserts="0">
          <properties>
            <property name="retryIteration" value="0" />
            <property name="repeatIteration" value="0" />
          </properties>
        </test-case>
        <test-case id="1018" name="DistrictScopeRejectsForeignDistrictAndDesertCoverage" fullname="DistrictFloraCoverageTests.DistrictScopeRejectsForeignDistrictAndDesertCoverage" methodname="DistrictScopeRejectsForeignDistrictAndDesertCoverage" classname="DistrictFloraCoverageTests" runstate="Runnable" seed="386000857" result="Passed" start-time="2026-09-17 01:30:31Z" end-time="2026-09-17 01:30:31Z" duration="0.001152" asserts="0">
          <properties>
            <property name="retryIteration" value="0" />
            <property name="repeatIteration" value="0" />
          </properties>
        </test-case>
        <test-case id="1016" name="FailedDistrictSaveRestoresTreesMetadataAndNeighbor" fullname="DistrictFloraCoverageTests.FailedDistrictSaveRestoresTreesMetadataAndNeighbor" methodname="FailedDistrictSaveRestoresTreesMetadataAndNeighbor" classname="DistrictFloraCoverageTests" runstate="Runnable" seed="1866188639" result="Passed" start-time="2026-09-17 01:30:31Z" end-time="2026-09-17 01:30:31Z" duration="0.000576" asserts="0">
          <properties>
            <property name="retryIteration" value="0" />
            <property name="repeatIteration" value="0" />
          </properties>
        </test-case>
        <test-case id="1019" name="RegionalGenerationUpdatesEachDistrictCoverageMetadata" fullname="DistrictFloraCoverageTests.RegionalGenerationUpdatesEachDistrictCoverageMetadata" methodname="RegionalGenerationUpdatesEachDistrictCoverageMetadata" classname="DistrictFloraCoverageTests" runstate="Runnable" seed="676059931" result="Passed" start-time="2026-09-17 01:30:31Z" end-time="2026-09-17 01:30:31Z" duration="0.000696" asserts="0">
          <properties>
            <property name="retryIteration" value="0" />
            <property name="repeatIteration" value="0" />
          </properties>
        </test-case>
      </test-suite>
      <test-suite type="TestFixture" id="1095" name="RegionFloraGeneratorTests" fullname="RegionFloraGeneratorTests" classname="RegionFloraGeneratorTests" runstate="Runnable" testcasecount="11" result="Passed" start-time="2026-09-17 01:30:31Z" end-time="2026-09-17 01:30:31Z" duration="0.281282" total="11" passed="11" failed="0" inconclusive="0" skipped="0" asserts="0">
        <properties />
        <test-case id="1102" name="DesertRejectsForestAndWarmClimatesNeverUseSnowyArtwork" fullname="RegionFloraGeneratorTests.DesertRejectsForestAndWarmClimatesNeverUseSnowyArtwork" methodname="DesertRejectsForestAndWarmClimatesNeverUseSnowyArtwork" classname="RegionFloraGeneratorTests" runstate="Runnable" seed="1154008291" result="Passed" start-time="2026-09-17 01:30:31Z" end-time="2026-09-17 01:30:31Z" duration="0.002148" asserts="0">
          <properties>
            <property name="retryIteration" value="0" />
            <property name="repeatIteration" value="0" />
          </properties>
        </test-case>
        <test-case id="1104" name="GenerationAvoidsRoadWaterLotsAndIndustrialBuildings" fullname="RegionFloraGeneratorTests.GenerationAvoidsRoadWaterLotsAndIndustrialBuildings" methodname="GenerationAvoidsRoadWaterLotsAndIndustrialBuildings" classname="RegionFloraGeneratorTests" runstate="Runnable" seed="1051690856" result="Passed" start-time="2026-09-17 01:30:31Z" end-time="2026-09-17 01:30:31Z" duration="0.011415" asserts="0">
          <properties>
            <property name="retryIteration" value="0" />
            <property name="repeatIteration" value="0" />
          </properties>
        </test-case>
        <test-case id="1101" name="HeavyTriplesMediumDensityAndPreservesSavedCoverageValues" fullname="RegionFloraGeneratorTests.HeavyTriplesMediumDensityAndPreservesSavedCoverageValues" methodname="HeavyTriplesMediumDensityAndPreservesSavedCoverageValues" classname="RegionFloraGeneratorTests" runstate="Runnable" seed="1798444729" result="Passed" start-time="2026-09-17 01:30:31Z" end-time="2026-09-17 01:30:31Z" duration="0.105827" asserts="0">
          <properties>
            <property name="retryIteration" value="0" />
            <property name="repeatIteration" value="0" />
          </properties>
        </test-case>
        <test-case id="1106" name="IncompleteAndFailedGenerationLeaveRegionAndHarvestIndexIntact" fullname="RegionFloraGeneratorTests.IncompleteAndFailedGenerationLeaveRegionAndHarvestIndexIntact" methodname="IncompleteAndFailedGenerationLeaveRegionAndHarvestIndexIntact" classname="RegionFloraGeneratorTests" runstate="Runnable" seed="259789182" result="Passed" start-time="2026-09-17 01:30:31Z" end-time="2026-09-17 01:30:31Z" duration="0.001446" asserts="0">
          <properties>
            <property name="retryIteration" value="0" />
            <property name="repeatIteration" value="0" />
          </properties>
        </test-case>
        <test-case id="1105" name="MixedForestUsesAllClustersAndSeparateHarvestableFirsWithFewerRecords" fullname="RegionFloraGeneratorTests.MixedForestUsesAllClustersAndSeparateHarvestableFirsWithFewerRecords" methodname="MixedForestUsesAllClustersAndSeparateHarvestableFirsWithFewerRecords" classname="RegionFloraGeneratorTests" runstate="Runnable" seed="1124179696" result="Passed" start-time="2026-09-17 01:30:31Z" end-time="2026-09-17 01:30:31Z" duration="0.030324" asserts="0">
          <properties>
            <property name="retryIteration" value="0" />
            <property name="repeatIteration" value="0" />
          </properties>
        </test-case>
        <test-case id="1096" name="OldSavesDefaultToTemperateWithoutGeneratingTrees" fullname="RegionFloraGeneratorTests.OldSavesDefaultToTemperateWithoutGeneratingTrees" methodname="OldSavesDefaultToTemperateWithoutGeneratingTrees" classname="RegionFloraGeneratorTests" runstate="Runnable" seed="944353912" result="Passed" start-time="2026-09-17 01:30:31Z" end-time="2026-09-17 01:30:31Z" duration="0.000655" asserts="0">
          <properties>
            <property name="retryIteration" value="0" />
            <property name="repeatIteration" value="0" />
          </properties>
        </test-case>
        <test-case id="1103" name="RegenerationRetainsPlantedAndHarvestedTreesAndDoesNotDuplicateIds" fullname="RegionFloraGeneratorTests.RegenerationRetainsPlantedAndHarvestedTreesAndDoesNotDuplicateIds" methodname="RegenerationRetainsPlantedAndHarvestedTreesAndDoesNotDuplicateIds" classname="RegionFloraGeneratorTests" runstate="Runnable" seed="1247227792" result="Passed" start-time="2026-09-17 01:30:31Z" end-time="2026-09-17 01:30:31Z" duration="0.001968" asserts="0">
          <properties>
            <property name="retryIteration" value="0" />
            <property name="repeatIteration" value="0" />
          </properties>
        </test-case>
        <test-case id="1107" name="SavedClimateCoverageAndTreesRoundTripAndAtomicSaveReplacesExistingFile" fullname="RegionFloraGeneratorTests.SavedClimateCoverageAndTreesRoundTripAndAtomicSaveReplacesExistingFile" methodname="SavedClimateCoverageAndTreesRoundTripAndAtomicSaveReplacesExistingFile" classname="RegionFloraGeneratorTests" runstate="Runnable" seed="1117838213" result="Passed" start-time="2026-09-17 01:30:31Z" end-time="2026-09-17 01:30:31Z" duration="0.004841" asserts="0">
          <properties>
            <property name="retryIteration" value="0" />
            <property name="repeatIteration" value="0" />
          </properties>
        </test-case>
        <test-suite type="ParameterizedMethod" id="1100" name="SeededCoverageIsRepeatableDenserWhenWoodedAndUsesClimateTrees" fullname="RegionFloraGeneratorTests.SeededCoverageIsRepeatableDenserWhenWoodedAndUsesClimateTrees" classname="RegionFloraGeneratorTests" runstate="Runnable" testcasecount="3" result="Passed" start-time="2026-09-17 01:30:31Z" end-time="2026-09-17 01:30:31Z" duration="0.048869" total="3" passed="3" failed="0" inconclusive="0" skipped="0" asserts="0">
          <properties />
          <test-case id="1097" name="SeededCoverageIsRepeatableDenserWhenWoodedAndUsesClimateTrees(Temperate)" fullname="RegionFloraGeneratorTests.SeededCoverageIsRepeatableDenserWhenWoodedAndUsesClimateTrees(Temperate)" methodname="SeededCoverageIsRepeatableDenserWhenWoodedAndUsesClimateTrees" classname="RegionFloraGeneratorTests" runstate="Runnable" seed="1012421782" result="Passed" start-time="2026-09-17 01:30:31Z" end-time="2026-09-17 01:30:31Z" duration="0.001965" asserts="0">
            <properties>
              <property name="retryIteration" value="0" />
              <property name="repeatIteration" value="0" />
            </properties>
          </test-case>
          <test-case id="1098" name="SeededCoverageIsRepeatableDenserWhenWoodedAndUsesClimateTrees(Mediterranean)" fullname="RegionFloraGeneratorTests.SeededCoverageIsRepeatableDenserWhenWoodedAndUsesClimateTrees(Mediterranean)" methodname="SeededCoverageIsRepeatableDenserWhenWoodedAndUsesClimateTrees" classname="RegionFloraGeneratorTests" runstate="Runnable" seed="1813841283" result="Passed" start-time="2026-09-17 01:30:31Z" end-time="2026-09-17 01:30:31Z" duration="0.001401" asserts="0">
            <properties>
              <property name="retryIteration" value="0" />
              <property name="repeatIteration" value="0" />
            </properties>
          </test-case>
          <test-case id="1099" name="SeededCoverageIsRepeatableDenserWhenWoodedAndUsesClimateTrees(Tropical)" fullname="RegionFloraGeneratorTests.SeededCoverageIsRepeatableDenserWhenWoodedAndUsesClimateTrees(Tropical)" methodname="SeededCoverageIsRepeatableDenserWhenWoodedAndUsesClimateTrees" classname="RegionFloraGeneratorTests" runstate="Runnable" seed="1654225345" result="Passed" start-time="2026-09-17 01:30:31Z" end-time="2026-09-17 01:30:31Z" duration="0.005152" asserts="0">
            <properties>
              <property name="retryIteration" value="0" />
              <property name="repeatIteration" value="0" />
            </properties>
            <output><![CDATA[Saving results to: /var/folders/y3/d9wwhmv57sqgmsfvr_rswy8w0000gn/T/cityforge-CityForge_-_V3-map-layers-tests.xml
]]></output>
          </test-case>
        </test-suite>
      </test-suite>
    </test-suite>
  </test-suite>
</test-run>