<?xml version="1.0" encoding="utf-8"?>
<test-run id="2" testcasecount="66" result="Passed" total="66" passed="66" failed="0" inconclusive="0" skipped="0" asserts="0" engine-version="3.5.0.0" clr-version="4.0.30319.42000" start-time="2026-09-16 16:55:47Z" end-time="2026-09-16 16:55:53Z" duration="6.3215854">
  <test-suite type="TestSuite" id="1000" name="City Forge V3" fullname="City Forge V3" runstate="Runnable" testcasecount="818" result="Passed" start-time="2026-09-16 16:55:47Z" end-time="2026-09-16 16:55:53Z" duration="6.321585" total="66" passed="66" failed="0" inconclusive="0" skipped="0" asserts="0">
    <properties>
      <property name="platform" value="EditMode" />
    </properties>
    <test-suite type="Assembly" id="1931" name="CityForgeV3.Tests.EditMode.dll" fullname="/Users/joelinstrum/dev/CityForge - V3/Library/ScriptAssemblies/CityForgeV3.Tests.EditMode.dll" runstate="Runnable" testcasecount="818" result="Passed" start-time="2026-09-16 16:55:47Z" end-time="2026-09-16 16:55:53Z" duration="6.020095" total="66" passed="66" failed="0" inconclusive="0" skipped="0" asserts="0">
      <properties>
        <property name="_PID" value="33758" />
        <property name="_APPDOMAIN" value="Unity Child Domain" />
        <property name="platform" value="EditMode" />
        <property name="EditorOnly" value="True" />
      </properties>
      <test-suite type="TestSuite" id="1932" name="CityForgeV3" fullname="CityForgeV3" runstate="Runnable" testcasecount="752" result="Passed" start-time="2026-09-16 16:55:47Z" end-time="2026-09-16 16:55:50Z" duration="2.842531" total="13" passed="13" failed="0" inconclusive="0" skipped="0" asserts="0">
        <properties />
        <test-suite type="TestSuite" id="1933" name="Tests" fullname="CityForgeV3.Tests" runstate="Runnable" testcasecount="752" result="Passed" start-time="2026-09-16 16:55:47Z" end-time="2026-09-16 16:55:50Z" duration="2.542635" total="13" passed="13" failed="0" inconclusive="0" skipped="0" asserts="0">
          <properties />
          <test-suite type="TestSuite" id="1934" name="EditMode" fullname="CityForgeV3.Tests.EditMode" runstate="Runnable" testcasecount="211" result="Passed" start-time="2026-09-16 16:55:49Z" end-time="2026-09-16 16:55:50Z" duration="1.211301" total="7" passed="7" failed="0" inconclusive="0" skipped="0" asserts="0">
            <properties />
            <test-suite type="TestFixture" id="1775" name="DistrictElevationTests" fullname="CityForgeV3.Tests.EditMode.DistrictElevationTests" classname="CityForgeV3.Tests.EditMode.DistrictElevationTests" runstate="Runnable" testcasecount="3" result="Passed" start-time="2026-09-16 16:55:49Z" end-time="2026-09-16 16:55:50Z" duration="0.637558" total="3" passed="3" failed="0" inconclusive="0" skipped="0" asserts="0">
              <properties />
              <test-case id="1776" name="OldDistrictIsFlatAndSavedHillsAreDeterministic" fullname="CityForgeV3.Tests.EditMode.DistrictElevationTests.OldDistrictIsFlatAndSavedHillsAreDeterministic" methodname="OldDistrictIsFlatAndSavedHillsAreDeterministic" classname="CityForgeV3.Tests.EditMode.DistrictElevationTests" runstate="Runnable" seed="1218771325" result="Passed" start-time="2026-09-16 16:55:49Z" end-time="2026-09-16 16:55:50Z" duration="0.225539" asserts="0">
                <properties>
                  <property name="retryIteration" value="0" />
                  <property name="repeatIteration" value="0" />
                </properties>
              </test-case>
              <test-case id="1778" name="RenderedVerticesMatchSamplerAndGenerationDoesNotChangeUnityRandom" fullname="CityForgeV3.Tests.EditMode.DistrictElevationTests.RenderedVerticesMatchSamplerAndGenerationDoesNotChangeUnityRandom" methodname="RenderedVerticesMatchSamplerAndGenerationDoesNotChangeUnityRandom" classname="CityForgeV3.Tests.EditMode.DistrictElevationTests" runstate="Runnable" seed="596293299" result="Passed" start-time="2026-09-16 16:55:50Z" end-time="2026-09-16 16:55:50Z" duration="0.141971" asserts="0">
                <properties>
                  <property name="retryIteration" value="0" />
                  <property name="repeatIteration" value="0" />
                </properties>
              </test-case>
              <test-case id="1777" name="WaterRoadsAndDistrictEdgesStayLevel" fullname="CityForgeV3.Tests.EditMode.DistrictElevationTests.WaterRoadsAndDistrictEdgesStayLevel" methodname="WaterRoadsAndDistrictEdgesStayLevel" classname="CityForgeV3.Tests.EditMode.DistrictElevationTests" runstate="Runnable" seed="1667795339" result="Passed" start-time="2026-09-16 16:55:50Z" end-time="2026-09-16 16:55:50Z" duration="0.062762" asserts="0">
                <properties>
                  <property name="retryIteration" value="0" />
                  <property name="repeatIteration" value="0" />
                </properties>
              </test-case>
            </test-suite>
            <test-suite type="TestFixture" id="1813" name="DistrictRoadPlacementTests" fullname="CityForgeV3.Tests.EditMode.DistrictRoadPlacementTests" classname="CityForgeV3.Tests.EditMode.DistrictRoadPlacementTests" runstate="Runnable" testcasecount="4" result="Passed" start-time="2026-09-16 16:55:50Z" end-time="2026-09-16 16:55:50Z" duration="0.073079" total="4" passed="4" failed="0" inconclusive="0" skipped="0" asserts="0">
              <properties />
              <test-case id="1816" name="BrickPlacementStopsWhenTreasuryCannotAffordTile" fullname="CityForgeV3.Tests.EditMode.DistrictRoadPlacementTests.BrickPlacementStopsWhenTreasuryCannotAffordTile" methodname="BrickPlacementStopsWhenTreasuryCannotAffordTile" classname="CityForgeV3.Tests.EditMode.DistrictRoadPlacementTests" runstate="Runnable" seed="1336924245" result="Passed" start-time="2026-09-16 16:55:50Z" end-time="2026-09-16 16:55:50Z" duration="0.001407" asserts="0">
                <properties>
                  <property name="retryIteration" value="0" />
                  <property name="repeatIteration" value="0" />
                </properties>
              </test-case>
              <test-case id="1817" name="DeletingRoadRepairsItsFormerNeighbors" fullname="CityForgeV3.Tests.EditMode.DistrictRoadPlacementTests.DeletingRoadRepairsItsFormerNeighbors" methodname="DeletingRoadRepairsItsFormerNeighbors" classname="CityForgeV3.Tests.EditMode.DistrictRoadPlacementTests" runstate="Runnable" seed="1222200154" result="Passed" start-time="2026-09-16 16:55:50Z" end-time="2026-09-16 16:55:50Z" duration="0.009007" asserts="0">
                <properties>
                  <property name="retryIteration" value="0" />
                  <property name="repeatIteration" value="0" />
                </properties>
              </test-case>
              <test-case id="1814" name="DirtIsFreeAndBrickCostsTwentyFiveOnlyForNewTile" fullname="CityForgeV3.Tests.EditMode.DistrictRoadPlacementTests.DirtIsFreeAndBrickCostsTwentyFiveOnlyForNewTile" methodname="DirtIsFreeAndBrickCostsTwentyFiveOnlyForNewTile" classname="CityForgeV3.Tests.EditMode.DistrictRoadPlacementTests" runstate="Runnable" seed="918054564" result="Passed" start-time="2026-09-16 16:55:50Z" end-time="2026-09-16 16:55:50Z" duration="0.000209" asserts="0">
                <properties>
                  <property name="retryIteration" value="0" />
                  <property name="repeatIteration" value="0" />
                </properties>
              </test-case>
              <test-case id="1815" name="NeighborConnectionsInferCornerTAndCross" fullname="CityForgeV3.Tests.EditMode.DistrictRoadPlacementTests.NeighborConnectionsInferCornerTAndCross" methodname="NeighborConnectionsInferCornerTAndCross" classname="CityForgeV3.Tests.EditMode.DistrictRoadPlacementTests" runstate="Runnable" seed="1599211942" result="Passed" start-time="2026-09-16 16:55:50Z" end-time="2026-09-16 16:55:50Z" duration="0.000444" asserts="0">
                <properties>
                  <property name="retryIteration" value="0" />
                  <property name="repeatIteration" value="0" />
                </properties>
              </test-case>
            </test-suite>
          </test-suite>
          <test-suite type="TestFixture" id="1172" name="RiverBankAppearanceTests" fullname="CityForgeV3.Tests.RiverBankAppearanceTests" classname="CityForgeV3.Tests.RiverBankAppearanceTests" runstate="Runnable" testcasecount="6" result="Passed" start-time="2026-09-16 16:55:50Z" end-time="2026-09-16 16:55:50Z" duration="0.230959" total="6" passed="6" failed="0" inconclusive="0" skipped="0" asserts="0">
            <properties />
            <test-case id="1178" name="BankMaterialsLoadWithHorizontalRepeatAndVerticalClamp" fullname="CityForgeV3.Tests.RiverBankAppearanceTests.BankMaterialsLoadWithHorizontalRepeatAndVerticalClamp" methodname="BankMaterialsLoadWithHorizontalRepeatAndVerticalClamp" classname="CityForgeV3.Tests.RiverBankAppearanceTests" runstate="Runnable" seed="1255397565" result="Passed" start-time="2026-09-16 16:55:50Z" end-time="2026-09-16 16:55:50Z" duration="0.030291" asserts="0">
              <properties>
                <property name="retryIteration" value="0" />
                <property name="repeatIteration" value="0" />
              </properties>
            </test-case>
            <test-case id="1177" name="ClippingAndJunctionSubtractionRetainInterpolatedSignedBankWeights" fullname="CityForgeV3.Tests.RiverBankAppearanceTests.ClippingAndJunctionSubtractionRetainInterpolatedSignedBankWeights" methodname="ClippingAndJunctionSubtractionRetainInterpolatedSignedBankWeights" classname="CityForgeV3.Tests.RiverBankAppearanceTests" runstate="Runnable" seed="138703903" result="Passed" start-time="2026-09-16 16:55:50Z" end-time="2026-09-16 16:55:50Z" duration="0.008928" asserts="0">
              <properties>
                <property name="retryIteration" value="0" />
                <property name="repeatIteration" value="0" />
              </properties>
            </test-case>
            <test-case id="1173" name="InsertingCollinearSamplesDoesNotChangeBendAtExistingPoints" fullname="CityForgeV3.Tests.RiverBankAppearanceTests.InsertingCollinearSamplesDoesNotChangeBendAtExistingPoints" methodname="InsertingCollinearSamplesDoesNotChangeBendAtExistingPoints" classname="CityForgeV3.Tests.RiverBankAppearanceTests" runstate="Runnable" seed="1218256378" result="Passed" start-time="2026-09-16 16:55:50Z" end-time="2026-09-16 16:55:50Z" duration="0.001076" asserts="0">
              <properties>
                <property name="retryIteration" value="0" />
                <property name="repeatIteration" value="0" />
              </properties>
            </test-case>
            <test-case id="1176" name="MirroringBendSwapsGravelAndEarthAndBoundsHairpins" fullname="CityForgeV3.Tests.RiverBankAppearanceTests.MirroringBendSwapsGravelAndEarthAndBoundsHairpins" methodname="MirroringBendSwapsGravelAndEarthAndBoundsHairpins" classname="CityForgeV3.Tests.RiverBankAppearanceTests" runstate="Runnable" seed="1928215495" result="Passed" start-time="2026-09-16 16:55:50Z" end-time="2026-09-16 16:55:50Z" duration="0.000542" asserts="0">
              <properties>
                <property name="retryIteration" value="0" />
                <property name="repeatIteration" value="0" />
              </properties>
            </test-case>
            <test-case id="1174" name="ReversingPointOrderSwapsBankSidesWithoutChangingPhysicalBend" fullname="CityForgeV3.Tests.RiverBankAppearanceTests.ReversingPointOrderSwapsBankSidesWithoutChangingPhysicalBend" methodname="ReversingPointOrderSwapsBankSidesWithoutChangingPhysicalBend" classname="CityForgeV3.Tests.RiverBankAppearanceTests" runstate="Runnable" seed="785019596" result="Passed" start-time="2026-09-16 16:55:50Z" end-time="2026-09-16 16:55:50Z" duration="0.000382" asserts="0">
              <properties>
                <property name="retryIteration" value="0" />
                <property name="repeatIteration" value="0" />
              </properties>
            </test-case>
            <test-case id="1175" name="StraightAndDegeneratePathsStayNeutralAndFinite" fullname="CityForgeV3.Tests.RiverBankAppearanceTests.StraightAndDegeneratePathsStayNeutralAndFinite" methodname="StraightAndDegeneratePathsStayNeutralAndFinite" classname="CityForgeV3.Tests.RiverBankAppearanceTests" runstate="Runnable" seed="1888231866" result="Passed" start-time="2026-09-16 16:55:50Z" end-time="2026-09-16 16:55:50Z" duration="0.000235" asserts="0">
              <properties>
                <property name="retryIteration" value="0" />
                <property name="repeatIteration" value="0" />
              </properties>
            </test-case>
          </test-suite>
        </test-suite>
      </test-suite>
      <test-suite type="TestFixture" id="1003" name="DistrictRiverSculptTests" fullname="DistrictRiverSculptTests" classname="DistrictRiverSculptTests" runstate="Runnable" testcasecount="17" result="Passed" start-time="2026-09-16 16:55:50Z" end-time="2026-09-16 16:55:50Z" duration="0.238628" total="17" passed="17" failed="0" inconclusive="0" skipped="0" asserts="0">
        <properties />
        <test-case id="1005" name="BankJoinHandlesEndpointsDuplicatesAndHairpinsWithoutSpikes" fullname="DistrictRiverSculptTests.BankJoinHandlesEndpointsDuplicatesAndHairpinsWithoutSpikes" methodname="BankJoinHandlesEndpointsDuplicatesAndHairpinsWithoutSpikes" classname="DistrictRiverSculptTests" runstate="Runnable" seed="260452889" result="Passed" start-time="2026-09-16 16:55:50Z" end-time="2026-09-16 16:55:50Z" duration="0.002544" asserts="0">
          <properties>
            <property name="retryIteration" value="0" />
            <property name="repeatIteration" value="0" />
          </properties>
        </test-case>
        <test-case id="1004" name="BankJoinPreservesWidthWithUnevenPointSpacing" fullname="DistrictRiverSculptTests.BankJoinPreservesWidthWithUnevenPointSpacing" methodname="BankJoinPreservesWidthWithUnevenPointSpacing" classname="DistrictRiverSculptTests" runstate="Runnable" seed="487859823" result="Passed" start-time="2026-09-16 16:55:50Z" end-time="2026-09-16 16:55:50Z" duration="0.001474" asserts="0">
          <properties>
            <property name="retryIteration" value="0" />
            <property name="repeatIteration" value="0" />
          </properties>
        </test-case>
        <test-case id="1020" name="ClipCutsDiagonalRiverFlushToDistrictEdgeAndPreservesUvs" fullname="DistrictRiverSculptTests.ClipCutsDiagonalRiverFlushToDistrictEdgeAndPreservesUvs" methodname="ClipCutsDiagonalRiverFlushToDistrictEdgeAndPreservesUvs" classname="DistrictRiverSculptTests" runstate="Runnable" seed="668592800" result="Passed" start-time="2026-09-16 16:55:50Z" end-time="2026-09-16 16:55:50Z" duration="0.003472" asserts="0">
          <properties>
            <property name="retryIteration" value="0" />
            <property name="repeatIteration" value="0" />
          </properties>
        </test-case>
        <test-case id="1015" name="EraserSplitsChannelAndLocalEditsSurviveRegenerationAndSerialization" fullname="DistrictRiverSculptTests.EraserSplitsChannelAndLocalEditsSurviveRegenerationAndSerialization" methodname="EraserSplitsChannelAndLocalEditsSurviveRegenerationAndSerialization" classname="DistrictRiverSculptTests" runstate="Runnable" seed="1830888113" result="Passed" start-time="2026-09-16 16:55:50Z" end-time="2026-09-16 16:55:50Z" duration="0.016532" asserts="0">
          <properties>
            <property name="retryIteration" value="0" />
            <property name="repeatIteration" value="0" />
          </properties>
        </test-case>
        <test-case id="1019" name="IndexedWaterQueriesMatchFullScanAtCellBoundariesAndAfterRepeatedQueries" fullname="DistrictRiverSculptTests.IndexedWaterQueriesMatchFullScanAtCellBoundariesAndAfterRepeatedQueries" methodname="IndexedWaterQueriesMatchFullScanAtCellBoundariesAndAfterRepeatedQueries" classname="DistrictRiverSculptTests" runstate="Runnable" seed="1787327867" result="Passed" start-time="2026-09-16 16:55:50Z" end-time="2026-09-16 16:55:50Z" duration="0.040185" asserts="0">
          <properties>
            <property name="retryIteration" value="0" />
            <property name="repeatIteration" value="0" />
          </properties>
        </test-case>
        <test-case id="1010" name="RebuildCombinesContinuationAndDiscardsInternalBankRemnant" fullname="DistrictRiverSculptTests.RebuildCombinesContinuationAndDiscardsInternalBankRemnant" methodname="RebuildCombinesContinuationAndDiscardsInternalBankRemnant" classname="DistrictRiverSculptTests" runstate="Runnable" seed="121641460" result="Passed" start-time="2026-09-16 16:55:50Z" end-time="2026-09-16 16:55:50Z" duration="0.004932" asserts="0">
          <properties>
            <property name="retryIteration" value="0" />
            <property name="repeatIteration" value="0" />
          </properties>
        </test-case>
        <test-case id="1011" name="RebuildRetainsSeparateBorderCrossingsAndDifferentDepths" fullname="DistrictRiverSculptTests.RebuildRetainsSeparateBorderCrossingsAndDifferentDepths" methodname="RebuildRetainsSeparateBorderCrossingsAndDifferentDepths" classname="DistrictRiverSculptTests" runstate="Runnable" seed="1779093398" result="Passed" start-time="2026-09-16 16:55:50Z" end-time="2026-09-16 16:55:50Z" duration="0.000405" asserts="0">
          <properties>
            <property name="retryIteration" value="0" />
            <property name="repeatIteration" value="0" />
          </properties>
        </test-case>
        <test-case id="1018" name="RedrawReplacesSelectedReachAtLockedWidthWithoutChangingOtherRivers" fullname="DistrictRiverSculptTests.RedrawReplacesSelectedReachAtLockedWidthWithoutChangingOtherRivers" methodname="RedrawReplacesSelectedReachAtLockedWidthWithoutChangingOtherRivers" classname="DistrictRiverSculptTests" runstate="Runnable" seed="664268540" result="Passed" start-time="2026-09-16 16:55:50Z" end-time="2026-09-16 16:55:50Z" duration="0.002565" asserts="0">
          <properties>
            <property name="retryIteration" value="0" />
            <property name="repeatIteration" value="0" />
          </properties>
        </test-case>
        <test-case id="1009" name="RepairAllSmoothsGentleJaggednessAndKeepsBorderTangents" fullname="DistrictRiverSculptTests.RepairAllSmoothsGentleJaggednessAndKeepsBorderTangents" methodname="RepairAllSmoothsGentleJaggednessAndKeepsBorderTangents" classname="DistrictRiverSculptTests" runstate="Runnable" seed="1462651737" result="Passed" start-time="2026-09-16 16:55:50Z" end-time="2026-09-16 16:55:50Z" duration="0.001059" asserts="0">
          <properties>
            <property name="retryIteration" value="0" />
            <property name="repeatIteration" value="0" />
          </properties>
        </test-case>
        <test-case id="1007" name="RepairLeavesHealthyStraightRiverUnchanged" fullname="DistrictRiverSculptTests.RepairLeavesHealthyStraightRiverUnchanged" methodname="RepairLeavesHealthyStraightRiverUnchanged" classname="DistrictRiverSculptTests" runstate="Runnable" seed="457316020" result="Passed" start-time="2026-09-16 16:55:50Z" end-time="2026-09-16 16:55:50Z" duration="0.000294" asserts="0">
          <properties>
            <property name="retryIteration" value="0" />
            <property name="repeatIteration" value="0" />
          </properties>
        </test-case>
        <test-case id="1006" name="RepairRemovesShortReversalsAndPreservesRiverContract" fullname="DistrictRiverSculptTests.RepairRemovesShortReversalsAndPreservesRiverContract" methodname="RepairRemovesShortReversalsAndPreservesRiverContract" classname="DistrictRiverSculptTests" runstate="Runnable" seed="194829051" result="Passed" start-time="2026-09-16 16:55:50Z" end-time="2026-09-16 16:55:50Z" duration="0.001170" asserts="0">
          <properties>
            <property name="retryIteration" value="0" />
            <property name="repeatIteration" value="0" />
          </properties>
        </test-case>
        <test-case id="1013" name="RiverClippingAndJunctionCutsPreserveInterpolatedFlowDirections" fullname="DistrictRiverSculptTests.RiverClippingAndJunctionCutsPreserveInterpolatedFlowDirections" methodname="RiverClippingAndJunctionCutsPreserveInterpolatedFlowDirections" classname="DistrictRiverSculptTests" runstate="Runnable" seed="901030784" result="Passed" start-time="2026-09-16 16:55:50Z" end-time="2026-09-16 16:55:50Z" duration="0.001377" asserts="0">
          <properties>
            <property name="retryIteration" value="0" />
            <property name="repeatIteration" value="0" />
          </properties>
        </test-case>
        <test-case id="1017" name="ShapeCanSnapAnInteriorEndToAnotherChannel" fullname="DistrictRiverSculptTests.ShapeCanSnapAnInteriorEndToAnotherChannel" methodname="ShapeCanSnapAnInteriorEndToAnotherChannel" classname="DistrictRiverSculptTests" runstate="Runnable" seed="1731907814" result="Passed" start-time="2026-09-16 16:55:50Z" end-time="2026-09-16 16:55:50Z" duration="0.001590" asserts="0">
          <properties>
            <property name="retryIteration" value="0" />
            <property name="repeatIteration" value="0" />
          </properties>
        </test-case>
        <test-case id="1014" name="ShapeMovesInteriorPreservingBorderCrossingsAndWidth" fullname="DistrictRiverSculptTests.ShapeMovesInteriorPreservingBorderCrossingsAndWidth" methodname="ShapeMovesInteriorPreservingBorderCrossingsAndWidth" classname="DistrictRiverSculptTests" runstate="Runnable" seed="1380771628" result="Passed" start-time="2026-09-16 16:55:50Z" end-time="2026-09-16 16:55:50Z" duration="0.000277" asserts="0">
          <properties>
            <property name="retryIteration" value="0" />
            <property name="repeatIteration" value="0" />
          </properties>
        </test-case>
        <test-case id="1012" name="ShapeThenRepairJoinsOffsetCity051ReachesIntoOneBorderToBorderChannel" fullname="DistrictRiverSculptTests.ShapeThenRepairJoinsOffsetCity051ReachesIntoOneBorderToBorderChannel" methodname="ShapeThenRepairJoinsOffsetCity051ReachesIntoOneBorderToBorderChannel" classname="DistrictRiverSculptTests" runstate="Runnable" seed="125615008" result="Passed" start-time="2026-09-16 16:55:50Z" end-time="2026-09-16 16:55:50Z" duration="0.000760" asserts="0">
          <properties>
            <property name="retryIteration" value="0" />
            <property name="repeatIteration" value="0" />
          </properties>
        </test-case>
        <test-case id="1008" name="ShapeWidthOverrideChangesOnlySelectedRiverAndPreservesDepth" fullname="DistrictRiverSculptTests.ShapeWidthOverrideChangesOnlySelectedRiverAndPreservesDepth" methodname="ShapeWidthOverrideChangesOnlySelectedRiverAndPreservesDepth" classname="DistrictRiverSculptTests" runstate="Runnable" seed="1604748588" result="Passed" start-time="2026-09-16 16:55:50Z" end-time="2026-09-16 16:55:50Z" duration="0.000260" asserts="0">
          <properties>
            <property name="retryIteration" value="0" />
            <property name="repeatIteration" value="0" />
          </properties>
        </test-case>
        <test-case id="1016" name="SofteningReducesSharpBendWithoutMovingBorders" fullname="DistrictRiverSculptTests.SofteningReducesSharpBendWithoutMovingBorders" methodname="SofteningReducesSharpBendWithoutMovingBorders" classname="DistrictRiverSculptTests" runstate="Runnable" seed="1136107679" result="Passed" start-time="2026-09-16 16:55:50Z" end-time="2026-09-16 16:55:50Z" duration="0.000454" asserts="0">
          <properties>
            <property name="retryIteration" value="0" />
            <property name="repeatIteration" value="0" />
          </properties>
        </test-case>
      </test-suite>
      <test-suite type="TestFixture" id="1021" name="DistrictSurfaceCacheTests" fullname="DistrictSurfaceCacheTests" classname="DistrictSurfaceCacheTests" runstate="Runnable" testcasecount="3" result="Passed" start-time="2026-09-16 16:55:50Z" end-time="2026-09-16 16:55:51Z" duration="0.574158" total="3" passed="3" failed="0" inconclusive="0" skipped="0" asserts="0">
        <properties />
        <test-case id="1022" name="DirtyMatrixCoalescesOverlappingChangesAndDrainsOnce" fullname="DistrictSurfaceCacheTests.DirtyMatrixCoalescesOverlappingChangesAndDrainsOnce" methodname="DirtyMatrixCoalescesOverlappingChangesAndDrainsOnce" classname="DistrictSurfaceCacheTests" runstate="Runnable" seed="1686458738" result="Passed" start-time="2026-09-16 16:55:50Z" end-time="2026-09-16 16:55:50Z" duration="0.001407" asserts="0">
          <properties>
            <property name="retryIteration" value="0" />
            <property name="repeatIteration" value="0" />
          </properties>
        </test-case>
        <test-case id="1024" name="IncrementalRiverAndRoadHeightsEqualFullRebuild" fullname="DistrictSurfaceCacheTests.IncrementalRiverAndRoadHeightsEqualFullRebuild" methodname="IncrementalRiverAndRoadHeightsEqualFullRebuild" classname="DistrictSurfaceCacheTests" runstate="Runnable" seed="1884603021" result="Passed" start-time="2026-09-16 16:55:50Z" end-time="2026-09-16 16:55:51Z" duration="0.453450" asserts="0">
          <properties>
            <property name="retryIteration" value="0" />
            <property name="repeatIteration" value="0" />
          </properties>
        </test-case>
        <test-case id="1023" name="ValueSnapshotsDetectInPlaceEditsAndIgnoreUnrelatedState" fullname="DistrictSurfaceCacheTests.ValueSnapshotsDetectInPlaceEditsAndIgnoreUnrelatedState" methodname="ValueSnapshotsDetectInPlaceEditsAndIgnoreUnrelatedState" classname="DistrictSurfaceCacheTests" runstate="Runnable" seed="1123615103" result="Passed" start-time="2026-09-16 16:55:51Z" end-time="2026-09-16 16:55:51Z" duration="0.000398" asserts="0">
          <properties>
            <property name="retryIteration" value="0" />
            <property name="repeatIteration" value="0" />
          </properties>
        </test-case>
      </test-suite>
      <test-suite type="TestFixture" id="1025" name="NationalPikePlacementTests" fullname="NationalPikePlacementTests" classname="NationalPikePlacementTests" runstate="Runnable" testcasecount="9" result="Passed" start-time="2026-09-16 16:55:51Z" end-time="2026-09-16 16:55:51Z" duration="0.252699" total="9" passed="9" failed="0" inconclusive="0" skipped="0" asserts="0">
        <properties />
        <test-case id="1027" name="CrossDistrictRoadIsContinuousAndPreparationDoesNotMutateLiveData" fullname="NationalPikePlacementTests.CrossDistrictRoadIsContinuousAndPreparationDoesNotMutateLiveData" methodname="CrossDistrictRoadIsContinuousAndPreparationDoesNotMutateLiveData" classname="NationalPikePlacementTests" runstate="Runnable" seed="1396979775" result="Passed" start-time="2026-09-16 16:55:51Z" end-time="2026-09-16 16:55:51Z" duration="0.007878" asserts="0">
          <properties>
            <property name="retryIteration" value="0" />
            <property name="repeatIteration" value="0" />
          </properties>
        </test-case>
        <test-case id="1026" name="DiagonalStrokeHasOnlyCardinalStepsAndEndsAtDestination" fullname="NationalPikePlacementTests.DiagonalStrokeHasOnlyCardinalStepsAndEndsAtDestination" methodname="DiagonalStrokeHasOnlyCardinalStepsAndEndsAtDestination" classname="NationalPikePlacementTests" runstate="Runnable" seed="2086613318" result="Passed" start-time="2026-09-16 16:55:51Z" end-time="2026-09-16 16:55:51Z" duration="0.000968" asserts="0">
          <properties>
            <property name="retryIteration" value="0" />
            <property name="repeatIteration" value="0" />
          </properties>
        </test-case>
        <test-case id="1035" name="DirtPackageHasFourRequestedArtPiecesAndCompilingShader" fullname="NationalPikePlacementTests.DirtPackageHasFourRequestedArtPiecesAndCompilingShader" methodname="DirtPackageHasFourRequestedArtPiecesAndCompilingShader" classname="NationalPikePlacementTests" runstate="Runnable" seed="801183630" result="Passed" start-time="2026-09-16 16:55:51Z" end-time="2026-09-16 16:55:51Z" duration="0.005435" asserts="0">
          <properties>
            <property name="retryIteration" value="0" />
            <property name="repeatIteration" value="0" />
          </properties>
        </test-case>
        <test-suite type="ParameterizedMethod" id="1034" name="EraSurfaceContract" fullname="NationalPikePlacementTests.EraSurfaceContract" classname="NationalPikePlacementTests" runstate="Runnable" testcasecount="4" result="Passed" start-time="2026-09-16 16:55:51Z" end-time="2026-09-16 16:55:51Z" duration="0.186634" total="4" passed="4" failed="0" inconclusive="0" skipped="0" asserts="0">
          <properties />
          <test-case id="1030" name="EraSurfaceContract(&quot;founders&quot;,&quot;dirt&quot;)" fullname="NationalPikePlacementTests.EraSurfaceContract(&quot;founders&quot;,&quot;dirt&quot;)" methodname="EraSurfaceContract" classname="NationalPikePlacementTests" runstate="Runnable" seed="1744203360" result="Passed" start-time="2026-09-16 16:55:51Z" end-time="2026-09-16 16:55:51Z" duration="0.000441" asserts="0">
            <properties>
              <property name="retryIteration" value="0" />
              <property name="repeatIteration" value="0" />
            </properties>
          </test-case>
          <test-case id="1031" name="EraSurfaceContract(&quot;industrial&quot;,&quot;dirt&quot;)" fullname="NationalPikePlacementTests.EraSurfaceContract(&quot;industrial&quot;,&quot;dirt&quot;)" methodname="EraSurfaceContract" classname="NationalPikePlacementTests" runstate="Runnable" seed="628293497" result="Passed" start-time="2026-09-16 16:55:51Z" end-time="2026-09-16 16:55:51Z" duration="0.000057" asserts="0">
            <properties>
              <property name="retryIteration" value="0" />
              <property name="repeatIteration" value="0" />
            </properties>
          </test-case>
          <test-case id="1032" name="EraSurfaceContract(&quot;discovery&quot;,&quot;early-concrete&quot;)" fullname="NationalPikePlacementTests.EraSurfaceContract(&quot;discovery&quot;,&quot;early-concrete&quot;)" methodname="EraSurfaceContract" classname="NationalPikePlacementTests" runstate="Runnable" seed="72605083" result="Passed" start-time="2026-09-16 16:55:51Z" end-time="2026-09-16 16:55:51Z" duration="0.000056" asserts="0">
            <properties>
              <property name="retryIteration" value="0" />
              <property name="repeatIteration" value="0" />
            </properties>
          </test-case>
          <test-case id="1033" name="EraSurfaceContract(&quot;modern&quot;,&quot;blacktop&quot;)" fullname="NationalPikePlacementTests.EraSurfaceContract(&quot;modern&quot;,&quot;blacktop&quot;)" methodname="EraSurfaceContract" classname="NationalPikePlacementTests" runstate="Runnable" seed="1803651959" result="Passed" start-time="2026-09-16 16:55:51Z" end-time="2026-09-16 16:55:51Z" duration="0.000049" asserts="0">
            <properties>
              <property name="retryIteration" value="0" />
              <property name="repeatIteration" value="0" />
            </properties>
          </test-case>
        </test-suite>
        <test-case id="1029" name="JoiningExistingRoadCreatesJunctionWithoutOverwritingMaterialOrOriginal" fullname="NationalPikePlacementTests.JoiningExistingRoadCreatesJunctionWithoutOverwritingMaterialOrOriginal" methodname="JoiningExistingRoadCreatesJunctionWithoutOverwritingMaterialOrOriginal" classname="NationalPikePlacementTests" runstate="Runnable" seed="839581469" result="Passed" start-time="2026-09-16 16:55:51Z" end-time="2026-09-16 16:55:51Z" duration="0.002008" asserts="0">
          <properties>
            <property name="retryIteration" value="0" />
            <property name="repeatIteration" value="0" />
          </properties>
        </test-case>
        <test-case id="1028" name="RiverCrossingStopsAtBankAndResumesOnOtherSide" fullname="NationalPikePlacementTests.RiverCrossingStopsAtBankAndResumesOnOtherSide" methodname="RiverCrossingStopsAtBankAndResumesOnOtherSide" classname="NationalPikePlacementTests" runstate="Runnable" seed="1846418781" result="Passed" start-time="2026-09-16 16:55:51Z" end-time="2026-09-16 16:55:51Z" duration="0.004469" asserts="0">
          <properties>
            <property name="retryIteration" value="0" />
            <property name="repeatIteration" value="0" />
          </properties>
        </test-case>
      </test-suite>
      <test-suite type="TestFixture" id="1045" name="RegionMapLayersTests" fullname="RegionMapLayersTests" classname="RegionMapLayersTests" runstate="Runnable" testcasecount="3" result="Passed" start-time="2026-09-16 16:55:51Z" end-time="2026-09-16 16:55:51Z" duration="0.170366" total="3" passed="3" failed="0" inconclusive="0" skipped="0" asserts="0">
        <properties />
        <test-case id="1046" name="LayerChoicesAreIndependentAndPreserveExistingVisuals" fullname="RegionMapLayersTests.LayerChoicesAreIndependentAndPreserveExistingVisuals" methodname="LayerChoicesAreIndependentAndPreserveExistingVisuals" classname="RegionMapLayersTests" runstate="Runnable" seed="1904395134" result="Passed" start-time="2026-09-16 16:55:51Z" end-time="2026-09-16 16:55:51Z" duration="0.006587" asserts="0">
          <properties>
            <property name="retryIteration" value="0" />
            <property name="repeatIteration" value="0" />
          </properties>
        </test-case>
        <test-case id="1047" name="OldRegionsDefaultToVisibleAndChoicesAndTransportSurviveReload" fullname="RegionMapLayersTests.OldRegionsDefaultToVisibleAndChoicesAndTransportSurviveReload" methodname="OldRegionsDefaultToVisibleAndChoicesAndTransportSurviveReload" classname="RegionMapLayersTests" runstate="Runnable" seed="1212083703" result="Passed" start-time="2026-09-16 16:55:51Z" end-time="2026-09-16 16:55:51Z" duration="0.001780" asserts="0">
          <properties>
            <property name="retryIteration" value="0" />
            <property name="repeatIteration" value="0" />
          </properties>
        </test-case>
        <test-case id="1048" name="ReliefPreviewIsBoundedAndUsesDistinctLandCoverColors" fullname="RegionMapLayersTests.ReliefPreviewIsBoundedAndUsesDistinctLandCoverColors" methodname="ReliefPreviewIsBoundedAndUsesDistinctLandCoverColors" classname="RegionMapLayersTests" runstate="Runnable" seed="1142036484" result="Passed" start-time="2026-09-16 16:55:51Z" end-time="2026-09-16 16:55:51Z" duration="0.069470" asserts="0">
          <properties>
            <property name="retryIteration" value="0" />
            <property name="repeatIteration" value="0" />
          </properties>
        </test-case>
      </test-suite>
      <test-suite type="TestFixture" id="1049" name="RegionMapOrientationTests" fullname="RegionMapOrientationTests" classname="RegionMapOrientationTests" runstate="Runnable" testcasecount="1" result="Passed" start-time="2026-09-16 16:55:51Z" end-time="2026-09-16 16:55:52Z" duration="0.623345" total="1" passed="1" failed="0" inconclusive="0" skipped="0" asserts="0">
        <properties />
        <test-case id="1050" name="RegionAxesAndLabelsMatchActualDistrictCamera" fullname="RegionMapOrientationTests.RegionAxesAndLabelsMatchActualDistrictCamera" methodname="RegionAxesAndLabelsMatchActualDistrictCamera" classname="RegionMapOrientationTests" runstate="Runnable" seed="774585244" result="Passed" start-time="2026-09-16 16:55:51Z" end-time="2026-09-16 16:55:52Z" duration="0.501894" asserts="0">
          <properties>
            <property name="_JOINTYPE" value="UnityCombinatorial" />
            <property name="retryIteration" value="0" />
            <property name="repeatIteration" value="0" />
          </properties>
        </test-case>
      </test-suite>
      <test-suite type="TestFixture" id="1051" name="RegionPikeStrokeTests" fullname="RegionPikeStrokeTests" classname="RegionPikeStrokeTests" runstate="Runnable" testcasecount="3" result="Passed" start-time="2026-09-16 16:55:52Z" end-time="2026-09-16 16:55:52Z" duration="0.109410" total="3" passed="3" failed="0" inconclusive="0" skipped="0" asserts="0">
        <properties />
        <test-case id="1052" name="ClickAndTinyDragCannotCreateRoad" fullname="RegionPikeStrokeTests.ClickAndTinyDragCannotCreateRoad" methodname="ClickAndTinyDragCannotCreateRoad" classname="RegionPikeStrokeTests" runstate="Runnable" seed="175979653" result="Passed" start-time="2026-09-16 16:55:52Z" end-time="2026-09-16 16:55:52Z" duration="0.001767" asserts="0">
          <properties>
            <property name="retryIteration" value="0" />
            <property name="repeatIteration" value="0" />
          </properties>
        </test-case>
        <test-case id="1053" name="DrawnRoadClampsToRegionAndPersistsNameAndIndependentGeometry" fullname="RegionPikeStrokeTests.DrawnRoadClampsToRegionAndPersistsNameAndIndependentGeometry" methodname="DrawnRoadClampsToRegionAndPersistsNameAndIndependentGeometry" classname="RegionPikeStrokeTests" runstate="Runnable" seed="1695555276" result="Passed" start-time="2026-09-16 16:55:52Z" end-time="2026-09-16 16:55:52Z" duration="0.002320" asserts="0">
          <properties>
            <property name="retryIteration" value="0" />
            <property name="repeatIteration" value="0" />
          </properties>
        </test-case>
        <test-case id="1054" name="LongStrokeRemainsBoundedAndKeepsEndpoints" fullname="RegionPikeStrokeTests.LongStrokeRemainsBoundedAndKeepsEndpoints" methodname="LongStrokeRemainsBoundedAndKeepsEndpoints" classname="RegionPikeStrokeTests" runstate="Runnable" seed="555527741" result="Passed" start-time="2026-09-16 16:55:52Z" end-time="2026-09-16 16:55:52Z" duration="0.006458" asserts="0">
          <properties>
            <property name="retryIteration" value="0" />
            <property name="repeatIteration" value="0" />
          </properties>
        </test-case>
      </test-suite>
      <test-suite type="TestFixture" id="1055" name="RegionRiverDrawingTests" fullname="RegionRiverDrawingTests" classname="RegionRiverDrawingTests" runstate="Runnable" testcasecount="5" result="Passed" start-time="2026-09-16 16:55:52Z" end-time="2026-09-16 16:55:52Z" duration="0.196305" total="5" passed="5" failed="0" inconclusive="0" skipped="0" asserts="0">
        <properties />
        <test-case id="1059" name="ConnectingStrokeSnapsBothEndsAndKeepsSelectedWidth" fullname="RegionRiverDrawingTests.ConnectingStrokeSnapsBothEndsAndKeepsSelectedWidth" methodname="ConnectingStrokeSnapsBothEndsAndKeepsSelectedWidth" classname="RegionRiverDrawingTests" runstate="Runnable" seed="1113524736" result="Passed" start-time="2026-09-16 16:55:52Z" end-time="2026-09-16 16:55:52Z" duration="0.004774" asserts="0">
          <properties>
            <property name="retryIteration" value="0" />
            <property name="repeatIteration" value="0" />
          </properties>
        </test-case>
        <test-case id="1060" name="DrawingCrossesDistrictBoundaryWithoutGapsAndSurvivesRegenerationAndReload" fullname="RegionRiverDrawingTests.DrawingCrossesDistrictBoundaryWithoutGapsAndSurvivesRegenerationAndReload" methodname="DrawingCrossesDistrictBoundaryWithoutGapsAndSurvivesRegenerationAndReload" classname="RegionRiverDrawingTests" runstate="Runnable" seed="990292457" result="Passed" start-time="2026-09-16 16:55:52Z" end-time="2026-09-16 16:55:52Z" duration="0.001446" asserts="0">
          <properties>
            <property name="retryIteration" value="0" />
            <property name="repeatIteration" value="0" />
          </properties>
        </test-case>
        <test-case id="1057" name="RiverInputRejectsJitterAndBacktrackingButKeepsBroadBends" fullname="RegionRiverDrawingTests.RiverInputRejectsJitterAndBacktrackingButKeepsBroadBends" methodname="RiverInputRejectsJitterAndBacktrackingButKeepsBroadBends" classname="RegionRiverDrawingTests" runstate="Runnable" seed="668652919" result="Passed" start-time="2026-09-16 16:55:52Z" end-time="2026-09-16 16:55:52Z" duration="0.000962" asserts="0">
          <properties>
            <property name="retryIteration" value="0" />
            <property name="repeatIteration" value="0" />
          </properties>
        </test-case>
        <test-case id="1058" name="RiverInputRejectsSelfCrossingEvenWithSparsePointerSamples" fullname="RegionRiverDrawingTests.RiverInputRejectsSelfCrossingEvenWithSparsePointerSamples" methodname="RiverInputRejectsSelfCrossingEvenWithSparsePointerSamples" classname="RegionRiverDrawingTests" runstate="Runnable" seed="457309280" result="Passed" start-time="2026-09-16 16:55:52Z" end-time="2026-09-16 16:55:52Z" duration="0.000187" asserts="0">
          <properties>
            <property name="retryIteration" value="0" />
            <property name="repeatIteration" value="0" />
          </properties>
        </test-case>
        <test-case id="1056" name="RiverSizesHaveExpectedWidthsAndDepthsAndCopyTheirDraft" fullname="RegionRiverDrawingTests.RiverSizesHaveExpectedWidthsAndDepthsAndCopyTheirDraft" methodname="RiverSizesHaveExpectedWidthsAndDepthsAndCopyTheirDraft" classname="RegionRiverDrawingTests" runstate="Runnable" seed="400678119" result="Passed" start-time="2026-09-16 16:55:52Z" end-time="2026-09-16 16:55:52Z" duration="0.000173" asserts="0">
          <properties>
            <property name="retryIteration" value="0" />
            <property name="repeatIteration" value="0" />
          </properties>
        </test-case>
      </test-suite>
      <test-suite type="TestFixture" id="1068" name="RegionRiverNetworkTests" fullname="RegionRiverNetworkTests" classname="RegionRiverNetworkTests" runstate="Runnable" testcasecount="10" result="Passed" start-time="2026-09-16 16:55:52Z" end-time="2026-09-16 16:55:53Z" duration="0.678501" total="10" passed="10" failed="0" inconclusive="0" skipped="0" asserts="0">
        <properties />
        <test-case id="1079" name="BorderClippingDoesNotRotateTheRiver" fullname="RegionRiverNetworkTests.BorderClippingDoesNotRotateTheRiver" methodname="BorderClippingDoesNotRotateTheRiver" classname="RegionRiverNetworkTests" runstate="Runnable" seed="901021758" result="Passed" start-time="2026-09-16 16:55:52Z" end-time="2026-09-16 16:55:52Z" duration="0.036100" asserts="0">
          <properties>
            <property name="retryIteration" value="0" />
            <property name="repeatIteration" value="0" />
          </properties>
        </test-case>
        <test-case id="1080" name="EmptyDistrictLightingDoesNotInheritPreviousAmbient" fullname="RegionRiverNetworkTests.EmptyDistrictLightingDoesNotInheritPreviousAmbient" methodname="EmptyDistrictLightingDoesNotInheritPreviousAmbient" classname="RegionRiverNetworkTests" runstate="Runnable" seed="1454559510" result="Passed" start-time="2026-09-16 16:55:52Z" end-time="2026-09-16 16:55:52Z" duration="0.002253" asserts="0">
          <properties>
            <property name="retryIteration" value="0" />
            <property name="repeatIteration" value="0" />
          </properties>
        </test-case>
        <test-suite type="ParameterizedMethod" id="1078" name="ExplicitDirectionMatchesCoordinatesAndDistrictMetadata" fullname="RegionRiverNetworkTests.ExplicitDirectionMatchesCoordinatesAndDistrictMetadata" classname="RegionRiverNetworkTests" runstate="Runnable" testcasecount="4" result="Passed" start-time="2026-09-16 16:55:52Z" end-time="2026-09-16 16:55:53Z" duration="0.114724" total="4" passed="4" failed="0" inconclusive="0" skipped="0" asserts="0">
          <properties />
          <test-case id="1074" name="ExplicitDirectionMatchesCoordinatesAndDistrictMetadata(WestToEast,WestToEast)" fullname="RegionRiverNetworkTests.ExplicitDirectionMatchesCoordinatesAndDistrictMetadata(WestToEast,WestToEast)" methodname="ExplicitDirectionMatchesCoordinatesAndDistrictMetadata" classname="RegionRiverNetworkTests" runstate="Runnable" seed="1186256526" result="Passed" start-time="2026-09-16 16:55:52Z" end-time="2026-09-16 16:55:53Z" duration="0.020195" asserts="0">
            <properties>
              <property name="retryIteration" value="0" />
              <property name="repeatIteration" value="0" />
            </properties>
          </test-case>
          <test-case id="1075" name="ExplicitDirectionMatchesCoordinatesAndDistrictMetadata(EastToWest,EastToWest)" fullname="RegionRiverNetworkTests.ExplicitDirectionMatchesCoordinatesAndDistrictMetadata(EastToWest,EastToWest)" methodname="ExplicitDirectionMatchesCoordinatesAndDistrictMetadata" classname="RegionRiverNetworkTests" runstate="Runnable" seed="445071077" result="Passed" start-time="2026-09-16 16:55:53Z" end-time="2026-09-16 16:55:53Z" duration="0.009978" asserts="0">
            <properties>
              <property name="retryIteration" value="0" />
              <property name="repeatIteration" value="0" />
            </properties>
          </test-case>
          <test-case id="1076" name="ExplicitDirectionMatchesCoordinatesAndDistrictMetadata(NorthToSouth,NorthToSouth)" fullname="RegionRiverNetworkTests.ExplicitDirectionMatchesCoordinatesAndDistrictMetadata(NorthToSouth,NorthToSouth)" methodname="ExplicitDirectionMatchesCoordinatesAndDistrictMetadata" classname="RegionRiverNetworkTests" runstate="Runnable" seed="1791791748" result="Passed" start-time="2026-09-16 16:55:53Z" end-time="2026-09-16 16:55:53Z" duration="0.011373" asserts="0">
            <properties>
              <property name="retryIteration" value="0" />
              <property name="repeatIteration" value="0" />
            </properties>
          </test-case>
          <test-case id="1077" name="ExplicitDirectionMatchesCoordinatesAndDistrictMetadata(SouthToNorth,SouthToNorth)" fullname="RegionRiverNetworkTests.ExplicitDirectionMatchesCoordinatesAndDistrictMetadata(SouthToNorth,SouthToNorth)" methodname="ExplicitDirectionMatchesCoordinatesAndDistrictMetadata" classname="RegionRiverNetworkTests" runstate="Runnable" seed="539070843" result="Passed" start-time="2026-09-16 16:55:53Z" end-time="2026-09-16 16:55:53Z" duration="0.011441" asserts="0">
            <properties>
              <property name="retryIteration" value="0" />
              <property name="repeatIteration" value="0" />
            </properties>
          </test-case>
        </test-suite>
        <test-suite type="ParameterizedMethod" id="1073" name="NetworkHasVariedConnectedNonzeroBranches" fullname="RegionRiverNetworkTests.NetworkHasVariedConnectedNonzeroBranches" classname="RegionRiverNetworkTests" runstate="Runnable" testcasecount="4" result="Passed" start-time="2026-09-16 16:55:53Z" end-time="2026-09-16 16:55:53Z" duration="0.332848" total="4" passed="4" failed="0" inconclusive="0" skipped="0" asserts="0">
          <properties />
          <test-case id="1069" name="NetworkHasVariedConnectedNonzeroBranches(1)" fullname="RegionRiverNetworkTests.NetworkHasVariedConnectedNonzeroBranches(1)" methodname="NetworkHasVariedConnectedNonzeroBranches" classname="RegionRiverNetworkTests" runstate="Runnable" seed="1680894361" result="Passed" start-time="2026-09-16 16:55:53Z" end-time="2026-09-16 16:55:53Z" duration="0.053657" asserts="0">
            <properties>
              <property name="retryIteration" value="0" />
              <property name="repeatIteration" value="0" />
            </properties>
          </test-case>
          <test-case id="1070" name="NetworkHasVariedConnectedNonzeroBranches(1785)" fullname="RegionRiverNetworkTests.NetworkHasVariedConnectedNonzeroBranches(1785)" methodname="NetworkHasVariedConnectedNonzeroBranches" classname="RegionRiverNetworkTests" runstate="Runnable" seed="447945114" result="Passed" start-time="2026-09-16 16:55:53Z" end-time="2026-09-16 16:55:53Z" duration="0.045635" asserts="0">
            <properties>
              <property name="retryIteration" value="0" />
              <property name="repeatIteration" value="0" />
            </properties>
          </test-case>
          <test-case id="1071" name="NetworkHasVariedConnectedNonzeroBranches(994)" fullname="RegionRiverNetworkTests.NetworkHasVariedConnectedNonzeroBranches(994)" methodname="NetworkHasVariedConnectedNonzeroBranches" classname="RegionRiverNetworkTests" runstate="Runnable" seed="2134673579" result="Passed" start-time="2026-09-16 16:55:53Z" end-time="2026-09-16 16:55:53Z" duration="0.044184" asserts="0">
            <properties>
              <property name="retryIteration" value="0" />
              <property name="repeatIteration" value="0" />
            </properties>
          </test-case>
          <test-case id="1072" name="NetworkHasVariedConnectedNonzeroBranches(26)" fullname="RegionRiverNetworkTests.NetworkHasVariedConnectedNonzeroBranches(26)" methodname="NetworkHasVariedConnectedNonzeroBranches" classname="RegionRiverNetworkTests" runstate="Runnable" seed="411166834" result="Passed" start-time="2026-09-16 16:55:53Z" end-time="2026-09-16 16:55:53Z" duration="0.042553" asserts="0">
            <properties>
              <property name="retryIteration" value="0" />
              <property name="repeatIteration" value="0" />
            </properties>
          </test-case>
        </test-suite>
      </test-suite>
      <test-suite type="TestFixture" id="1081" name="RegionTerrainMenuTests" fullname="RegionTerrainMenuTests" classname="RegionTerrainMenuTests" runstate="Runnable" testcasecount="2" result="Passed" start-time="2026-09-16 16:55:53Z" end-time="2026-09-16 16:55:53Z" duration="0.036870" total="2" passed="2" failed="0" inconclusive="0" skipped="0" asserts="0">
        <properties />
        <test-case id="1082" name="CheckboxesAreExclusiveWithinTypeAndIndependentAcrossTypes" fullname="RegionTerrainMenuTests.CheckboxesAreExclusiveWithinTypeAndIndependentAcrossTypes" methodname="CheckboxesAreExclusiveWithinTypeAndIndependentAcrossTypes" classname="RegionTerrainMenuTests" runstate="Runnable" seed="1971331193" result="Passed" start-time="2026-09-16 16:55:53Z" end-time="2026-09-16 16:55:53Z" duration="0.022761" asserts="0">
          <properties>
            <property name="retryIteration" value="0" />
            <property name="repeatIteration" value="0" />
          </properties>
        </test-case>
        <test-case id="1083" name="RegionOptionsSurviveSerialization" fullname="RegionTerrainMenuTests.RegionOptionsSurviveSerialization" methodname="RegionOptionsSurviveSerialization" classname="RegionTerrainMenuTests" runstate="Runnable" seed="1202172324" result="Passed" start-time="2026-09-16 16:55:53Z" end-time="2026-09-16 16:55:53Z" duration="0.000737" asserts="0">
          <properties>
            <property name="retryIteration" value="0" />
            <property name="repeatIteration" value="0" />
          </properties>
          <output><![CDATA[Saving results to: /tmp/cityforge-map-layers-tests.xml
]]></output>
        </test-case>
      </test-suite>
    </test-suite>
  </test-suite>
</test-run>