<?xml version="1.0" encoding="utf-8"?>
<test-run id="2" testcasecount="73" result="Passed" total="73" passed="73" failed="0" inconclusive="0" skipped="0" asserts="0" engine-version="3.5.0.0" clr-version="4.0.30319.42000" start-time="2026-09-16 19:48:28Z" end-time="2026-09-16 19:48:34Z" duration="6.2277812">
  <test-suite type="TestSuite" id="1000" name="City Forge V3" fullname="City Forge V3" runstate="Runnable" testcasecount="855" result="Passed" start-time="2026-09-16 19:48:28Z" end-time="2026-09-16 19:48:34Z" duration="6.227781" total="73" passed="73" failed="0" inconclusive="0" skipped="0" asserts="0">
    <properties>
      <property name="platform" value="EditMode" />
    </properties>
    <test-suite type="Assembly" id="1978" name="CityForgeV3.Tests.EditMode.dll" fullname="/Users/joelinstrum/dev/CityForge - V3/Library/ScriptAssemblies/CityForgeV3.Tests.EditMode.dll" runstate="Runnable" testcasecount="855" result="Passed" start-time="2026-09-16 19:48:28Z" end-time="2026-09-16 19:48:34Z" duration="6.126284" total="73" passed="73" failed="0" inconclusive="0" skipped="0" asserts="0">
      <properties>
        <property name="_PID" value="33758" />
        <property name="_APPDOMAIN" value="Unity Child Domain" />
        <property name="platform" value="EditMode" />
        <property name="EditorOnly" value="True" />
      </properties>
      <test-suite type="TestSuite" id="1979" name="CityForgeV3" fullname="CityForgeV3" runstate="Runnable" testcasecount="769" result="Passed" start-time="2026-09-16 19:48:28Z" end-time="2026-09-16 19:48:31Z" duration="3.022873" total="20" passed="20" failed="0" inconclusive="0" skipped="0" asserts="0">
        <properties />
        <test-suite type="TestSuite" id="1980" name="Tests" fullname="CityForgeV3.Tests" runstate="Runnable" testcasecount="769" result="Passed" start-time="2026-09-16 19:48:28Z" end-time="2026-09-16 19:48:31Z" duration="2.823091" total="20" passed="20" failed="0" inconclusive="0" skipped="0" asserts="0">
          <properties />
          <test-suite type="TestFixture" id="1129" name="DistrictCloudLayerTests" fullname="CityForgeV3.Tests.DistrictCloudLayerTests" classname="CityForgeV3.Tests.DistrictCloudLayerTests" runstate="Runnable" testcasecount="7" result="Passed" start-time="2026-09-16 19:48:29Z" end-time="2026-09-16 19:48:30Z" duration="0.335002" total="7" passed="7" failed="0" inconclusive="0" skipped="0" asserts="0">
            <properties />
            <test-suite type="ParameterizedMethod" id="1136" name="CloudsOnlyAtTwoFarthestZooms" fullname="CityForgeV3.Tests.DistrictCloudLayerTests.CloudsOnlyAtTwoFarthestZooms" classname="CityForgeV3.Tests.DistrictCloudLayerTests" runstate="Runnable" testcasecount="6" result="Passed" start-time="2026-09-16 19:48:30Z" end-time="2026-09-16 19:48:30Z" duration="0.224921" total="6" passed="6" failed="0" inconclusive="0" skipped="0" asserts="0">
              <properties />
              <test-case id="1130" name="CloudsOnlyAtTwoFarthestZooms(0,False)" fullname="CityForgeV3.Tests.DistrictCloudLayerTests.CloudsOnlyAtTwoFarthestZooms(0,False)" methodname="CloudsOnlyAtTwoFarthestZooms" classname="CityForgeV3.Tests.DistrictCloudLayerTests" runstate="Runnable" seed="1821668116" result="Passed" start-time="2026-09-16 19:48:30Z" end-time="2026-09-16 19:48:30Z" duration="0.019931" asserts="0">
                <properties>
                  <property name="retryIteration" value="0" />
                  <property name="repeatIteration" value="0" />
                </properties>
              </test-case>
              <test-case id="1131" name="CloudsOnlyAtTwoFarthestZooms(1,False)" fullname="CityForgeV3.Tests.DistrictCloudLayerTests.CloudsOnlyAtTwoFarthestZooms(1,False)" methodname="CloudsOnlyAtTwoFarthestZooms" classname="CityForgeV3.Tests.DistrictCloudLayerTests" runstate="Runnable" seed="1525551256" result="Passed" start-time="2026-09-16 19:48:30Z" end-time="2026-09-16 19:48:30Z" duration="0.000108" asserts="0">
                <properties>
                  <property name="retryIteration" value="0" />
                  <property name="repeatIteration" value="0" />
                </properties>
              </test-case>
              <test-case id="1132" name="CloudsOnlyAtTwoFarthestZooms(2,False)" fullname="CityForgeV3.Tests.DistrictCloudLayerTests.CloudsOnlyAtTwoFarthestZooms(2,False)" methodname="CloudsOnlyAtTwoFarthestZooms" classname="CityForgeV3.Tests.DistrictCloudLayerTests" runstate="Runnable" seed="1429752338" result="Passed" start-time="2026-09-16 19:48:30Z" end-time="2026-09-16 19:48:30Z" duration="0.000099" asserts="0">
                <properties>
                  <property name="retryIteration" value="0" />
                  <property name="repeatIteration" value="0" />
                </properties>
              </test-case>
              <test-case id="1133" name="CloudsOnlyAtTwoFarthestZooms(3,False)" fullname="CityForgeV3.Tests.DistrictCloudLayerTests.CloudsOnlyAtTwoFarthestZooms(3,False)" methodname="CloudsOnlyAtTwoFarthestZooms" classname="CityForgeV3.Tests.DistrictCloudLayerTests" runstate="Runnable" seed="1226698033" result="Passed" start-time="2026-09-16 19:48:30Z" end-time="2026-09-16 19:48:30Z" duration="0.000046" asserts="0">
                <properties>
                  <property name="retryIteration" value="0" />
                  <property name="repeatIteration" value="0" />
                </properties>
              </test-case>
              <test-case id="1134" name="CloudsOnlyAtTwoFarthestZooms(4,True)" fullname="CityForgeV3.Tests.DistrictCloudLayerTests.CloudsOnlyAtTwoFarthestZooms(4,True)" methodname="CloudsOnlyAtTwoFarthestZooms" classname="CityForgeV3.Tests.DistrictCloudLayerTests" runstate="Runnable" seed="2070062725" result="Passed" start-time="2026-09-16 19:48:30Z" end-time="2026-09-16 19:48:30Z" duration="0.000027" asserts="0">
                <properties>
                  <property name="retryIteration" value="0" />
                  <property name="repeatIteration" value="0" />
                </properties>
              </test-case>
              <test-case id="1135" name="CloudsOnlyAtTwoFarthestZooms(5,True)" fullname="CityForgeV3.Tests.DistrictCloudLayerTests.CloudsOnlyAtTwoFarthestZooms(5,True)" methodname="CloudsOnlyAtTwoFarthestZooms" classname="CityForgeV3.Tests.DistrictCloudLayerTests" runstate="Runnable" seed="958076911" result="Passed" start-time="2026-09-16 19:48:30Z" end-time="2026-09-16 19:48:30Z" duration="0.000028" asserts="0">
                <properties>
                  <property name="retryIteration" value="0" />
                  <property name="repeatIteration" value="0" />
                </properties>
              </test-case>
            </test-suite>
            <test-case id="1137" name="ZoomReusesBoundedCloudMeshesAndSharedTerrain" fullname="CityForgeV3.Tests.DistrictCloudLayerTests.ZoomReusesBoundedCloudMeshesAndSharedTerrain" methodname="ZoomReusesBoundedCloudMeshesAndSharedTerrain" classname="CityForgeV3.Tests.DistrictCloudLayerTests" runstate="Runnable" seed="1908785812" result="Passed" start-time="2026-09-16 19:48:30Z" end-time="2026-09-16 19:48:30Z" duration="0.008721" asserts="0">
              <properties>
                <property name="retryIteration" value="0" />
                <property name="repeatIteration" value="0" />
              </properties>
            </test-case>
          </test-suite>
          <test-suite type="TestSuite" id="1981" name="EditMode" fullname="CityForgeV3.Tests.EditMode" runstate="Runnable" testcasecount="221" result="Passed" start-time="2026-09-16 19:48:30Z" end-time="2026-09-16 19:48:31Z" duration="1.168005" total="7" passed="7" failed="0" inconclusive="0" skipped="0" asserts="0">
            <properties />
            <test-suite type="TestFixture" id="1822" name="DistrictElevationTests" fullname="CityForgeV3.Tests.EditMode.DistrictElevationTests" classname="CityForgeV3.Tests.EditMode.DistrictElevationTests" runstate="Runnable" testcasecount="3" result="Passed" start-time="2026-09-16 19:48:30Z" end-time="2026-09-16 19:48:31Z" duration="0.500983" total="3" passed="3" failed="0" inconclusive="0" skipped="0" asserts="0">
              <properties />
              <test-case id="1823" name="OldDistrictIsFlatAndSavedHillsAreDeterministic" fullname="CityForgeV3.Tests.EditMode.DistrictElevationTests.OldDistrictIsFlatAndSavedHillsAreDeterministic" methodname="OldDistrictIsFlatAndSavedHillsAreDeterministic" classname="CityForgeV3.Tests.EditMode.DistrictElevationTests" runstate="Runnable" seed="15490875" result="Passed" start-time="2026-09-16 19:48:30Z" end-time="2026-09-16 19:48:31Z" duration="0.195147" asserts="0">
                <properties>
                  <property name="retryIteration" value="0" />
                  <property name="repeatIteration" value="0" />
                </properties>
              </test-case>
              <test-case id="1825" name="RenderedVerticesMatchSamplerAndGenerationDoesNotChangeUnityRandom" fullname="CityForgeV3.Tests.EditMode.DistrictElevationTests.RenderedVerticesMatchSamplerAndGenerationDoesNotChangeUnityRandom" methodname="RenderedVerticesMatchSamplerAndGenerationDoesNotChangeUnityRandom" classname="CityForgeV3.Tests.EditMode.DistrictElevationTests" runstate="Runnable" seed="242725789" result="Passed" start-time="2026-09-16 19:48:31Z" end-time="2026-09-16 19:48:31Z" duration="0.145205" asserts="0">
                <properties>
                  <property name="retryIteration" value="0" />
                  <property name="repeatIteration" value="0" />
                </properties>
              </test-case>
              <test-case id="1824" name="WaterRoadsAndDistrictEdgesStayLevel" fullname="CityForgeV3.Tests.EditMode.DistrictElevationTests.WaterRoadsAndDistrictEdgesStayLevel" methodname="WaterRoadsAndDistrictEdgesStayLevel" classname="CityForgeV3.Tests.EditMode.DistrictElevationTests" runstate="Runnable" seed="1496575496" result="Passed" start-time="2026-09-16 19:48:31Z" end-time="2026-09-16 19:48:31Z" duration="0.058796" asserts="0">
                <properties>
                  <property name="retryIteration" value="0" />
                  <property name="repeatIteration" value="0" />
                </properties>
              </test-case>
            </test-suite>
            <test-suite type="TestFixture" id="1860" name="DistrictRoadPlacementTests" fullname="CityForgeV3.Tests.EditMode.DistrictRoadPlacementTests" classname="CityForgeV3.Tests.EditMode.DistrictRoadPlacementTests" runstate="Runnable" testcasecount="4" result="Passed" start-time="2026-09-16 19:48:31Z" end-time="2026-09-16 19:48:31Z" duration="0.103288" total="4" passed="4" failed="0" inconclusive="0" skipped="0" asserts="0">
              <properties />
              <test-case id="1863" name="BrickPlacementStopsWhenTreasuryCannotAffordTile" fullname="CityForgeV3.Tests.EditMode.DistrictRoadPlacementTests.BrickPlacementStopsWhenTreasuryCannotAffordTile" methodname="BrickPlacementStopsWhenTreasuryCannotAffordTile" classname="CityForgeV3.Tests.EditMode.DistrictRoadPlacementTests" runstate="Runnable" seed="1934382102" result="Passed" start-time="2026-09-16 19:48:31Z" end-time="2026-09-16 19:48:31Z" duration="0.001064" asserts="0">
                <properties>
                  <property name="retryIteration" value="0" />
                  <property name="repeatIteration" value="0" />
                </properties>
              </test-case>
              <test-case id="1864" name="DeletingRoadRepairsItsFormerNeighbors" fullname="CityForgeV3.Tests.EditMode.DistrictRoadPlacementTests.DeletingRoadRepairsItsFormerNeighbors" methodname="DeletingRoadRepairsItsFormerNeighbors" classname="CityForgeV3.Tests.EditMode.DistrictRoadPlacementTests" runstate="Runnable" seed="1133662537" result="Passed" start-time="2026-09-16 19:48:31Z" end-time="2026-09-16 19:48:31Z" duration="0.001364" asserts="0">
                <properties>
                  <property name="retryIteration" value="0" />
                  <property name="repeatIteration" value="0" />
                </properties>
              </test-case>
              <test-case id="1861" name="DirtIsFreeAndBrickCostsTwentyFiveOnlyForNewTile" fullname="CityForgeV3.Tests.EditMode.DistrictRoadPlacementTests.DirtIsFreeAndBrickCostsTwentyFiveOnlyForNewTile" methodname="DirtIsFreeAndBrickCostsTwentyFiveOnlyForNewTile" classname="CityForgeV3.Tests.EditMode.DistrictRoadPlacementTests" runstate="Runnable" seed="796377595" result="Passed" start-time="2026-09-16 19:48:31Z" end-time="2026-09-16 19:48:31Z" duration="0.000239" asserts="0">
                <properties>
                  <property name="retryIteration" value="0" />
                  <property name="repeatIteration" value="0" />
                </properties>
              </test-case>
              <test-case id="1862" name="NeighborConnectionsInferCornerTAndCross" fullname="CityForgeV3.Tests.EditMode.DistrictRoadPlacementTests.NeighborConnectionsInferCornerTAndCross" methodname="NeighborConnectionsInferCornerTAndCross" classname="CityForgeV3.Tests.EditMode.DistrictRoadPlacementTests" runstate="Runnable" seed="789554875" result="Passed" start-time="2026-09-16 19:48:31Z" end-time="2026-09-16 19:48:31Z" duration="0.000511" asserts="0">
                <properties>
                  <property name="retryIteration" value="0" />
                  <property name="repeatIteration" value="0" />
                </properties>
              </test-case>
            </test-suite>
          </test-suite>
          <test-suite type="TestFixture" id="1206" name="RiverBankAppearanceTests" fullname="CityForgeV3.Tests.RiverBankAppearanceTests" classname="CityForgeV3.Tests.RiverBankAppearanceTests" runstate="Runnable" testcasecount="6" result="Passed" start-time="2026-09-16 19:48:31Z" end-time="2026-09-16 19:48:31Z" duration="0.119207" total="6" passed="6" failed="0" inconclusive="0" skipped="0" asserts="0">
            <properties />
            <test-case id="1212" name="BankMaterialsLoadWithHorizontalRepeatAndVerticalClamp" fullname="CityForgeV3.Tests.RiverBankAppearanceTests.BankMaterialsLoadWithHorizontalRepeatAndVerticalClamp" methodname="BankMaterialsLoadWithHorizontalRepeatAndVerticalClamp" classname="CityForgeV3.Tests.RiverBankAppearanceTests" runstate="Runnable" seed="2016583168" result="Passed" start-time="2026-09-16 19:48:31Z" end-time="2026-09-16 19:48:31Z" duration="0.016826" asserts="0">
              <properties>
                <property name="retryIteration" value="0" />
                <property name="repeatIteration" value="0" />
              </properties>
            </test-case>
            <test-case id="1211" name="ClippingAndJunctionSubtractionRetainInterpolatedSignedBankWeights" fullname="CityForgeV3.Tests.RiverBankAppearanceTests.ClippingAndJunctionSubtractionRetainInterpolatedSignedBankWeights" methodname="ClippingAndJunctionSubtractionRetainInterpolatedSignedBankWeights" classname="CityForgeV3.Tests.RiverBankAppearanceTests" runstate="Runnable" seed="1532042359" result="Passed" start-time="2026-09-16 19:48:31Z" end-time="2026-09-16 19:48:31Z" duration="0.003355" asserts="0">
              <properties>
                <property name="retryIteration" value="0" />
                <property name="repeatIteration" value="0" />
              </properties>
            </test-case>
            <test-case id="1207" name="InsertingCollinearSamplesDoesNotChangeBendAtExistingPoints" fullname="CityForgeV3.Tests.RiverBankAppearanceTests.InsertingCollinearSamplesDoesNotChangeBendAtExistingPoints" methodname="InsertingCollinearSamplesDoesNotChangeBendAtExistingPoints" classname="CityForgeV3.Tests.RiverBankAppearanceTests" runstate="Runnable" seed="1380513227" result="Passed" start-time="2026-09-16 19:48:31Z" end-time="2026-09-16 19:48:31Z" duration="0.000491" asserts="0">
              <properties>
                <property name="retryIteration" value="0" />
                <property name="repeatIteration" value="0" />
              </properties>
            </test-case>
            <test-case id="1210" name="MirroringBendSwapsGravelAndEarthAndBoundsHairpins" fullname="CityForgeV3.Tests.RiverBankAppearanceTests.MirroringBendSwapsGravelAndEarthAndBoundsHairpins" methodname="MirroringBendSwapsGravelAndEarthAndBoundsHairpins" classname="CityForgeV3.Tests.RiverBankAppearanceTests" runstate="Runnable" seed="582285414" result="Passed" start-time="2026-09-16 19:48:31Z" end-time="2026-09-16 19:48:31Z" duration="0.000515" asserts="0">
              <properties>
                <property name="retryIteration" value="0" />
                <property name="repeatIteration" value="0" />
              </properties>
            </test-case>
            <test-case id="1208" name="ReversingPointOrderSwapsBankSidesWithoutChangingPhysicalBend" fullname="CityForgeV3.Tests.RiverBankAppearanceTests.ReversingPointOrderSwapsBankSidesWithoutChangingPhysicalBend" methodname="ReversingPointOrderSwapsBankSidesWithoutChangingPhysicalBend" classname="CityForgeV3.Tests.RiverBankAppearanceTests" runstate="Runnable" seed="1789147083" result="Passed" start-time="2026-09-16 19:48:31Z" end-time="2026-09-16 19:48:31Z" duration="0.000242" asserts="0">
              <properties>
                <property name="retryIteration" value="0" />
                <property name="repeatIteration" value="0" />
              </properties>
            </test-case>
            <test-case id="1209" name="StraightAndDegeneratePathsStayNeutralAndFinite" fullname="CityForgeV3.Tests.RiverBankAppearanceTests.StraightAndDegeneratePathsStayNeutralAndFinite" methodname="StraightAndDegeneratePathsStayNeutralAndFinite" classname="CityForgeV3.Tests.RiverBankAppearanceTests" runstate="Runnable" seed="1150702890" result="Passed" start-time="2026-09-16 19:48:31Z" end-time="2026-09-16 19:48:31Z" duration="0.000221" asserts="0">
              <properties>
                <property name="retryIteration" value="0" />
                <property name="repeatIteration" value="0" />
              </properties>
            </test-case>
          </test-suite>
        </test-suite>
      </test-suite>
      <test-suite type="TestFixture" id="1014" name="DistrictRiverSculptTests" fullname="DistrictRiverSculptTests" classname="DistrictRiverSculptTests" runstate="Runnable" testcasecount="17" result="Passed" start-time="2026-09-16 19:48:31Z" end-time="2026-09-16 19:48:31Z" duration="0.252709" total="17" passed="17" failed="0" inconclusive="0" skipped="0" asserts="0">
        <properties />
        <test-case id="1016" name="BankJoinHandlesEndpointsDuplicatesAndHairpinsWithoutSpikes" fullname="DistrictRiverSculptTests.BankJoinHandlesEndpointsDuplicatesAndHairpinsWithoutSpikes" methodname="BankJoinHandlesEndpointsDuplicatesAndHairpinsWithoutSpikes" classname="DistrictRiverSculptTests" runstate="Runnable" seed="1117259140" result="Passed" start-time="2026-09-16 19:48:31Z" end-time="2026-09-16 19:48:31Z" duration="0.001915" asserts="0">
          <properties>
            <property name="retryIteration" value="0" />
            <property name="repeatIteration" value="0" />
          </properties>
        </test-case>
        <test-case id="1015" name="BankJoinPreservesWidthWithUnevenPointSpacing" fullname="DistrictRiverSculptTests.BankJoinPreservesWidthWithUnevenPointSpacing" methodname="BankJoinPreservesWidthWithUnevenPointSpacing" classname="DistrictRiverSculptTests" runstate="Runnable" seed="1507914068" result="Passed" start-time="2026-09-16 19:48:31Z" end-time="2026-09-16 19:48:31Z" duration="0.001618" asserts="0">
          <properties>
            <property name="retryIteration" value="0" />
            <property name="repeatIteration" value="0" />
          </properties>
        </test-case>
        <test-case id="1031" name="ClipCutsDiagonalRiverFlushToDistrictEdgeAndPreservesUvs" fullname="DistrictRiverSculptTests.ClipCutsDiagonalRiverFlushToDistrictEdgeAndPreservesUvs" methodname="ClipCutsDiagonalRiverFlushToDistrictEdgeAndPreservesUvs" classname="DistrictRiverSculptTests" runstate="Runnable" seed="748788889" result="Passed" start-time="2026-09-16 19:48:31Z" end-time="2026-09-16 19:48:31Z" duration="0.003072" asserts="0">
          <properties>
            <property name="retryIteration" value="0" />
            <property name="repeatIteration" value="0" />
          </properties>
        </test-case>
        <test-case id="1026" name="EraserSplitsChannelAndLocalEditsSurviveRegenerationAndSerialization" fullname="DistrictRiverSculptTests.EraserSplitsChannelAndLocalEditsSurviveRegenerationAndSerialization" methodname="EraserSplitsChannelAndLocalEditsSurviveRegenerationAndSerialization" classname="DistrictRiverSculptTests" runstate="Runnable" seed="183405011" result="Passed" start-time="2026-09-16 19:48:31Z" end-time="2026-09-16 19:48:31Z" duration="0.013758" asserts="0">
          <properties>
            <property name="retryIteration" value="0" />
            <property name="repeatIteration" value="0" />
          </properties>
        </test-case>
        <test-case id="1030" name="IndexedWaterQueriesMatchFullScanAtCellBoundariesAndAfterRepeatedQueries" fullname="DistrictRiverSculptTests.IndexedWaterQueriesMatchFullScanAtCellBoundariesAndAfterRepeatedQueries" methodname="IndexedWaterQueriesMatchFullScanAtCellBoundariesAndAfterRepeatedQueries" classname="DistrictRiverSculptTests" runstate="Runnable" seed="546367724" result="Passed" start-time="2026-09-16 19:48:31Z" end-time="2026-09-16 19:48:31Z" duration="0.038772" asserts="0">
          <properties>
            <property name="retryIteration" value="0" />
            <property name="repeatIteration" value="0" />
          </properties>
        </test-case>
        <test-case id="1021" name="RebuildCombinesContinuationAndDiscardsInternalBankRemnant" fullname="DistrictRiverSculptTests.RebuildCombinesContinuationAndDiscardsInternalBankRemnant" methodname="RebuildCombinesContinuationAndDiscardsInternalBankRemnant" classname="DistrictRiverSculptTests" runstate="Runnable" seed="1236616107" result="Passed" start-time="2026-09-16 19:48:31Z" end-time="2026-09-16 19:48:31Z" duration="0.004626" asserts="0">
          <properties>
            <property name="retryIteration" value="0" />
            <property name="repeatIteration" value="0" />
          </properties>
        </test-case>
        <test-case id="1022" name="RebuildRetainsSeparateBorderCrossingsAndDifferentDepths" fullname="DistrictRiverSculptTests.RebuildRetainsSeparateBorderCrossingsAndDifferentDepths" methodname="RebuildRetainsSeparateBorderCrossingsAndDifferentDepths" classname="DistrictRiverSculptTests" runstate="Runnable" seed="1767389994" result="Passed" start-time="2026-09-16 19:48:31Z" end-time="2026-09-16 19:48:31Z" duration="0.000441" asserts="0">
          <properties>
            <property name="retryIteration" value="0" />
            <property name="repeatIteration" value="0" />
          </properties>
        </test-case>
        <test-case id="1029" name="RedrawReplacesSelectedReachAtLockedWidthWithoutChangingOtherRivers" fullname="DistrictRiverSculptTests.RedrawReplacesSelectedReachAtLockedWidthWithoutChangingOtherRivers" methodname="RedrawReplacesSelectedReachAtLockedWidthWithoutChangingOtherRivers" classname="DistrictRiverSculptTests" runstate="Runnable" seed="1729368453" result="Passed" start-time="2026-09-16 19:48:31Z" end-time="2026-09-16 19:48:31Z" duration="0.002569" asserts="0">
          <properties>
            <property name="retryIteration" value="0" />
            <property name="repeatIteration" value="0" />
          </properties>
        </test-case>
        <test-case id="1020" name="RepairAllSmoothsGentleJaggednessAndKeepsBorderTangents" fullname="DistrictRiverSculptTests.RepairAllSmoothsGentleJaggednessAndKeepsBorderTangents" methodname="RepairAllSmoothsGentleJaggednessAndKeepsBorderTangents" classname="DistrictRiverSculptTests" runstate="Runnable" seed="1877658818" result="Passed" start-time="2026-09-16 19:48:31Z" end-time="2026-09-16 19:48:31Z" duration="0.001038" asserts="0">
          <properties>
            <property name="retryIteration" value="0" />
            <property name="repeatIteration" value="0" />
          </properties>
        </test-case>
        <test-case id="1018" name="RepairLeavesHealthyStraightRiverUnchanged" fullname="DistrictRiverSculptTests.RepairLeavesHealthyStraightRiverUnchanged" methodname="RepairLeavesHealthyStraightRiverUnchanged" classname="DistrictRiverSculptTests" runstate="Runnable" seed="1761861709" result="Passed" start-time="2026-09-16 19:48:31Z" end-time="2026-09-16 19:48:31Z" duration="0.000280" asserts="0">
          <properties>
            <property name="retryIteration" value="0" />
            <property name="repeatIteration" value="0" />
          </properties>
        </test-case>
        <test-case id="1017" name="RepairRemovesShortReversalsAndPreservesRiverContract" fullname="DistrictRiverSculptTests.RepairRemovesShortReversalsAndPreservesRiverContract" methodname="RepairRemovesShortReversalsAndPreservesRiverContract" classname="DistrictRiverSculptTests" runstate="Runnable" seed="775052190" result="Passed" start-time="2026-09-16 19:48:31Z" end-time="2026-09-16 19:48:31Z" duration="0.001225" asserts="0">
          <properties>
            <property name="retryIteration" value="0" />
            <property name="repeatIteration" value="0" />
          </properties>
        </test-case>
        <test-case id="1024" name="RiverClippingAndJunctionCutsPreserveInterpolatedFlowDirections" fullname="DistrictRiverSculptTests.RiverClippingAndJunctionCutsPreserveInterpolatedFlowDirections" methodname="RiverClippingAndJunctionCutsPreserveInterpolatedFlowDirections" classname="DistrictRiverSculptTests" runstate="Runnable" seed="484507352" result="Passed" start-time="2026-09-16 19:48:31Z" end-time="2026-09-16 19:48:31Z" duration="0.001000" asserts="0">
          <properties>
            <property name="retryIteration" value="0" />
            <property name="repeatIteration" value="0" />
          </properties>
        </test-case>
        <test-case id="1028" name="ShapeCanSnapAnInteriorEndToAnotherChannel" fullname="DistrictRiverSculptTests.ShapeCanSnapAnInteriorEndToAnotherChannel" methodname="ShapeCanSnapAnInteriorEndToAnotherChannel" classname="DistrictRiverSculptTests" runstate="Runnable" seed="313035286" result="Passed" start-time="2026-09-16 19:48:31Z" end-time="2026-09-16 19:48:31Z" duration="0.001325" asserts="0">
          <properties>
            <property name="retryIteration" value="0" />
            <property name="repeatIteration" value="0" />
          </properties>
        </test-case>
        <test-case id="1025" name="ShapeMovesInteriorPreservingBorderCrossingsAndWidth" fullname="DistrictRiverSculptTests.ShapeMovesInteriorPreservingBorderCrossingsAndWidth" methodname="ShapeMovesInteriorPreservingBorderCrossingsAndWidth" classname="DistrictRiverSculptTests" runstate="Runnable" seed="578022080" result="Passed" start-time="2026-09-16 19:48:31Z" end-time="2026-09-16 19:48:31Z" duration="0.000260" asserts="0">
          <properties>
            <property name="retryIteration" value="0" />
            <property name="repeatIteration" value="0" />
          </properties>
        </test-case>
        <test-case id="1023" name="ShapeThenRepairJoinsOffsetCity051ReachesIntoOneBorderToBorderChannel" fullname="DistrictRiverSculptTests.ShapeThenRepairJoinsOffsetCity051ReachesIntoOneBorderToBorderChannel" methodname="ShapeThenRepairJoinsOffsetCity051ReachesIntoOneBorderToBorderChannel" classname="DistrictRiverSculptTests" runstate="Runnable" seed="1226817504" result="Passed" start-time="2026-09-16 19:48:31Z" end-time="2026-09-16 19:48:31Z" duration="0.000772" asserts="0">
          <properties>
            <property name="retryIteration" value="0" />
            <property name="repeatIteration" value="0" />
          </properties>
        </test-case>
        <test-case id="1019" name="ShapeWidthOverrideChangesOnlySelectedRiverAndPreservesDepth" fullname="DistrictRiverSculptTests.ShapeWidthOverrideChangesOnlySelectedRiverAndPreservesDepth" methodname="ShapeWidthOverrideChangesOnlySelectedRiverAndPreservesDepth" classname="DistrictRiverSculptTests" runstate="Runnable" seed="1996289798" result="Passed" start-time="2026-09-16 19:48:31Z" end-time="2026-09-16 19:48:31Z" duration="0.000268" asserts="0">
          <properties>
            <property name="retryIteration" value="0" />
            <property name="repeatIteration" value="0" />
          </properties>
        </test-case>
        <test-case id="1027" name="SofteningReducesSharpBendWithoutMovingBorders" fullname="DistrictRiverSculptTests.SofteningReducesSharpBendWithoutMovingBorders" methodname="SofteningReducesSharpBendWithoutMovingBorders" classname="DistrictRiverSculptTests" runstate="Runnable" seed="1586903822" result="Passed" start-time="2026-09-16 19:48:31Z" end-time="2026-09-16 19:48:31Z" duration="0.000489" asserts="0">
          <properties>
            <property name="retryIteration" value="0" />
            <property name="repeatIteration" value="0" />
          </properties>
        </test-case>
      </test-suite>
      <test-suite type="TestFixture" id="1032" name="DistrictSurfaceCacheTests" fullname="DistrictSurfaceCacheTests" classname="DistrictSurfaceCacheTests" runstate="Runnable" testcasecount="3" result="Passed" start-time="2026-09-16 19:48:31Z" end-time="2026-09-16 19:48:32Z" duration="0.573034" total="3" passed="3" failed="0" inconclusive="0" skipped="0" asserts="0">
        <properties />
        <test-case id="1033" name="DirtyMatrixCoalescesOverlappingChangesAndDrainsOnce" fullname="DistrictSurfaceCacheTests.DirtyMatrixCoalescesOverlappingChangesAndDrainsOnce" methodname="DirtyMatrixCoalescesOverlappingChangesAndDrainsOnce" classname="DistrictSurfaceCacheTests" runstate="Runnable" seed="58468761" result="Passed" start-time="2026-09-16 19:48:31Z" end-time="2026-09-16 19:48:32Z" duration="0.003013" asserts="0">
          <properties>
            <property name="retryIteration" value="0" />
            <property name="repeatIteration" value="0" />
          </properties>
        </test-case>
        <test-case id="1035" name="IncrementalRiverAndRoadHeightsEqualFullRebuild" fullname="DistrictSurfaceCacheTests.IncrementalRiverAndRoadHeightsEqualFullRebuild" methodname="IncrementalRiverAndRoadHeightsEqualFullRebuild" classname="DistrictSurfaceCacheTests" runstate="Runnable" seed="1165104993" result="Passed" start-time="2026-09-16 19:48:32Z" end-time="2026-09-16 19:48:32Z" duration="0.444129" asserts="0">
          <properties>
            <property name="retryIteration" value="0" />
            <property name="repeatIteration" value="0" />
          </properties>
        </test-case>
        <test-case id="1034" name="ValueSnapshotsDetectInPlaceEditsAndIgnoreUnrelatedState" fullname="DistrictSurfaceCacheTests.ValueSnapshotsDetectInPlaceEditsAndIgnoreUnrelatedState" methodname="ValueSnapshotsDetectInPlaceEditsAndIgnoreUnrelatedState" classname="DistrictSurfaceCacheTests" runstate="Runnable" seed="555727949" result="Passed" start-time="2026-09-16 19:48:32Z" end-time="2026-09-16 19:48:32Z" duration="0.000459" asserts="0">
          <properties>
            <property name="retryIteration" value="0" />
            <property name="repeatIteration" value="0" />
          </properties>
        </test-case>
      </test-suite>
      <test-suite type="TestFixture" id="1039" name="NationalPikePlacementTests" fullname="NationalPikePlacementTests" classname="NationalPikePlacementTests" runstate="Runnable" testcasecount="9" result="Passed" start-time="2026-09-16 19:48:32Z" end-time="2026-09-16 19:48:32Z" duration="0.263244" total="9" passed="9" failed="0" inconclusive="0" skipped="0" asserts="0">
        <properties />
        <test-case id="1041" name="CrossDistrictRoadIsContinuousAndPreparationDoesNotMutateLiveData" fullname="NationalPikePlacementTests.CrossDistrictRoadIsContinuousAndPreparationDoesNotMutateLiveData" methodname="CrossDistrictRoadIsContinuousAndPreparationDoesNotMutateLiveData" classname="NationalPikePlacementTests" runstate="Runnable" seed="2001282000" result="Passed" start-time="2026-09-16 19:48:32Z" end-time="2026-09-16 19:48:32Z" duration="0.008139" asserts="0">
          <properties>
            <property name="retryIteration" value="0" />
            <property name="repeatIteration" value="0" />
          </properties>
        </test-case>
        <test-case id="1040" name="DiagonalStrokeHasOnlyCardinalStepsAndEndsAtDestination" fullname="NationalPikePlacementTests.DiagonalStrokeHasOnlyCardinalStepsAndEndsAtDestination" methodname="DiagonalStrokeHasOnlyCardinalStepsAndEndsAtDestination" classname="NationalPikePlacementTests" runstate="Runnable" seed="1304084679" result="Passed" start-time="2026-09-16 19:48:32Z" end-time="2026-09-16 19:48:32Z" duration="0.000953" asserts="0">
          <properties>
            <property name="retryIteration" value="0" />
            <property name="repeatIteration" value="0" />
          </properties>
        </test-case>
        <test-case id="1049" name="DirtPackageHasFourRequestedArtPiecesAndCompilingShader" fullname="NationalPikePlacementTests.DirtPackageHasFourRequestedArtPiecesAndCompilingShader" methodname="DirtPackageHasFourRequestedArtPiecesAndCompilingShader" classname="NationalPikePlacementTests" runstate="Runnable" seed="651795906" result="Passed" start-time="2026-09-16 19:48:32Z" end-time="2026-09-16 19:48:32Z" duration="0.004792" asserts="0">
          <properties>
            <property name="retryIteration" value="0" />
            <property name="repeatIteration" value="0" />
          </properties>
        </test-case>
        <test-suite type="ParameterizedMethod" id="1048" name="EraSurfaceContract" fullname="NationalPikePlacementTests.EraSurfaceContract" classname="NationalPikePlacementTests" runstate="Runnable" testcasecount="4" result="Passed" start-time="2026-09-16 19:48:32Z" end-time="2026-09-16 19:48:32Z" duration="0.187161" total="4" passed="4" failed="0" inconclusive="0" skipped="0" asserts="0">
          <properties />
          <test-case id="1044" name="EraSurfaceContract(&quot;founders&quot;,&quot;dirt&quot;)" fullname="NationalPikePlacementTests.EraSurfaceContract(&quot;founders&quot;,&quot;dirt&quot;)" methodname="EraSurfaceContract" classname="NationalPikePlacementTests" runstate="Runnable" seed="659291400" result="Passed" start-time="2026-09-16 19:48:32Z" end-time="2026-09-16 19:48:32Z" duration="0.000497" asserts="0">
            <properties>
              <property name="retryIteration" value="0" />
              <property name="repeatIteration" value="0" />
            </properties>
          </test-case>
          <test-case id="1045" name="EraSurfaceContract(&quot;industrial&quot;,&quot;dirt&quot;)" fullname="NationalPikePlacementTests.EraSurfaceContract(&quot;industrial&quot;,&quot;dirt&quot;)" methodname="EraSurfaceContract" classname="NationalPikePlacementTests" runstate="Runnable" seed="544165817" result="Passed" start-time="2026-09-16 19:48:32Z" end-time="2026-09-16 19:48:32Z" duration="0.000055" asserts="0">
            <properties>
              <property name="retryIteration" value="0" />
              <property name="repeatIteration" value="0" />
            </properties>
          </test-case>
          <test-case id="1046" name="EraSurfaceContract(&quot;discovery&quot;,&quot;early-concrete&quot;)" fullname="NationalPikePlacementTests.EraSurfaceContract(&quot;discovery&quot;,&quot;early-concrete&quot;)" methodname="EraSurfaceContract" classname="NationalPikePlacementTests" runstate="Runnable" seed="1390776739" result="Passed" start-time="2026-09-16 19:48:32Z" end-time="2026-09-16 19:48:32Z" duration="0.000053" asserts="0">
            <properties>
              <property name="retryIteration" value="0" />
              <property name="repeatIteration" value="0" />
            </properties>
          </test-case>
          <test-case id="1047" name="EraSurfaceContract(&quot;modern&quot;,&quot;blacktop&quot;)" fullname="NationalPikePlacementTests.EraSurfaceContract(&quot;modern&quot;,&quot;blacktop&quot;)" methodname="EraSurfaceContract" classname="NationalPikePlacementTests" runstate="Runnable" seed="900548719" result="Passed" start-time="2026-09-16 19:48:32Z" end-time="2026-09-16 19:48:32Z" duration="0.000053" asserts="0">
            <properties>
              <property name="retryIteration" value="0" />
              <property name="repeatIteration" value="0" />
            </properties>
          </test-case>
        </test-suite>
        <test-case id="1043" name="JoiningExistingRoadCreatesJunctionWithoutOverwritingMaterialOrOriginal" fullname="NationalPikePlacementTests.JoiningExistingRoadCreatesJunctionWithoutOverwritingMaterialOrOriginal" methodname="JoiningExistingRoadCreatesJunctionWithoutOverwritingMaterialOrOriginal" classname="NationalPikePlacementTests" runstate="Runnable" seed="402477025" result="Passed" start-time="2026-09-16 19:48:32Z" end-time="2026-09-16 19:48:32Z" duration="0.003381" asserts="0">
          <properties>
            <property name="retryIteration" value="0" />
            <property name="repeatIteration" value="0" />
          </properties>
        </test-case>
        <test-case id="1042" name="RiverCrossingStopsAtBankAndResumesOnOtherSide" fullname="NationalPikePlacementTests.RiverCrossingStopsAtBankAndResumesOnOtherSide" methodname="RiverCrossingStopsAtBankAndResumesOnOtherSide" classname="NationalPikePlacementTests" runstate="Runnable" seed="601018742" result="Passed" start-time="2026-09-16 19:48:32Z" end-time="2026-09-16 19:48:32Z" duration="0.006381" asserts="0">
          <properties>
            <property name="retryIteration" value="0" />
            <property name="repeatIteration" value="0" />
          </properties>
        </test-case>
      </test-suite>
      <test-suite type="TestFixture" id="1070" name="RegionMapLayersTests" fullname="RegionMapLayersTests" classname="RegionMapLayersTests" runstate="Runnable" testcasecount="3" result="Passed" start-time="2026-09-16 19:48:32Z" end-time="2026-09-16 19:48:32Z" duration="0.264453" total="3" passed="3" failed="0" inconclusive="0" skipped="0" asserts="0">
        <properties />
        <test-case id="1071" name="LayerChoicesAreIndependentAndPreserveExistingVisuals" fullname="RegionMapLayersTests.LayerChoicesAreIndependentAndPreserveExistingVisuals" methodname="LayerChoicesAreIndependentAndPreserveExistingVisuals" classname="RegionMapLayersTests" runstate="Runnable" seed="372693236" result="Passed" start-time="2026-09-16 19:48:32Z" end-time="2026-09-16 19:48:32Z" duration="0.003493" asserts="0">
          <properties>
            <property name="retryIteration" value="0" />
            <property name="repeatIteration" value="0" />
          </properties>
        </test-case>
        <test-case id="1072" name="OldRegionsDefaultToVisibleAndChoicesAndTransportSurviveReload" fullname="RegionMapLayersTests.OldRegionsDefaultToVisibleAndChoicesAndTransportSurviveReload" methodname="OldRegionsDefaultToVisibleAndChoicesAndTransportSurviveReload" classname="RegionMapLayersTests" runstate="Runnable" seed="1850089609" result="Passed" start-time="2026-09-16 19:48:32Z" end-time="2026-09-16 19:48:32Z" duration="0.001467" asserts="0">
          <properties>
            <property name="retryIteration" value="0" />
            <property name="repeatIteration" value="0" />
          </properties>
        </test-case>
        <test-case id="1073" name="ReliefPreviewIsBoundedAndUsesDistinctLandCoverColors" fullname="RegionMapLayersTests.ReliefPreviewIsBoundedAndUsesDistinctLandCoverColors" methodname="ReliefPreviewIsBoundedAndUsesDistinctLandCoverColors" classname="RegionMapLayersTests" runstate="Runnable" seed="1061942738" result="Passed" start-time="2026-09-16 19:48:32Z" end-time="2026-09-16 19:48:32Z" duration="0.071067" asserts="0">
          <properties>
            <property name="retryIteration" value="0" />
            <property name="repeatIteration" value="0" />
          </properties>
        </test-case>
      </test-suite>
      <test-suite type="TestFixture" id="1074" name="RegionMapOrientationTests" fullname="RegionMapOrientationTests" classname="RegionMapOrientationTests" runstate="Runnable" testcasecount="1" result="Passed" start-time="2026-09-16 19:48:32Z" end-time="2026-09-16 19:48:33Z" duration="0.525371" total="1" passed="1" failed="0" inconclusive="0" skipped="0" asserts="0">
        <properties />
        <test-case id="1075" name="RegionAxesAndLabelsMatchActualDistrictCamera" fullname="RegionMapOrientationTests.RegionAxesAndLabelsMatchActualDistrictCamera" methodname="RegionAxesAndLabelsMatchActualDistrictCamera" classname="RegionMapOrientationTests" runstate="Runnable" seed="1034937807" result="Passed" start-time="2026-09-16 19:48:32Z" end-time="2026-09-16 19:48:33Z" duration="0.501723" asserts="0">
          <properties>
            <property name="_JOINTYPE" value="UnityCombinatorial" />
            <property name="retryIteration" value="0" />
            <property name="repeatIteration" value="0" />
          </properties>
        </test-case>
      </test-suite>
      <test-suite type="TestFixture" id="1076" name="RegionPikeStrokeTests" fullname="RegionPikeStrokeTests" classname="RegionPikeStrokeTests" runstate="Runnable" testcasecount="3" result="Passed" start-time="2026-09-16 19:48:33Z" end-time="2026-09-16 19:48:33Z" duration="0.109633" total="3" passed="3" failed="0" inconclusive="0" skipped="0" asserts="0">
        <properties />
        <test-case id="1077" name="ClickAndTinyDragCannotCreateRoad" fullname="RegionPikeStrokeTests.ClickAndTinyDragCannotCreateRoad" methodname="ClickAndTinyDragCannotCreateRoad" classname="RegionPikeStrokeTests" runstate="Runnable" seed="723398742" result="Passed" start-time="2026-09-16 19:48:33Z" end-time="2026-09-16 19:48:33Z" duration="0.001483" asserts="0">
          <properties>
            <property name="retryIteration" value="0" />
            <property name="repeatIteration" value="0" />
          </properties>
        </test-case>
        <test-case id="1078" name="DrawnRoadClampsToRegionAndPersistsNameAndIndependentGeometry" fullname="RegionPikeStrokeTests.DrawnRoadClampsToRegionAndPersistsNameAndIndependentGeometry" methodname="DrawnRoadClampsToRegionAndPersistsNameAndIndependentGeometry" classname="RegionPikeStrokeTests" runstate="Runnable" seed="186871224" result="Passed" start-time="2026-09-16 19:48:33Z" end-time="2026-09-16 19:48:33Z" duration="0.001732" asserts="0">
          <properties>
            <property name="retryIteration" value="0" />
            <property name="repeatIteration" value="0" />
          </properties>
        </test-case>
        <test-case id="1079" name="LongStrokeRemainsBoundedAndKeepsEndpoints" fullname="RegionPikeStrokeTests.LongStrokeRemainsBoundedAndKeepsEndpoints" methodname="LongStrokeRemainsBoundedAndKeepsEndpoints" classname="RegionPikeStrokeTests" runstate="Runnable" seed="272828897" result="Passed" start-time="2026-09-16 19:48:33Z" end-time="2026-09-16 19:48:33Z" duration="0.007479" asserts="0">
          <properties>
            <property name="retryIteration" value="0" />
            <property name="repeatIteration" value="0" />
          </properties>
        </test-case>
      </test-suite>
      <test-suite type="TestFixture" id="1080" name="RegionRiverDrawingTests" fullname="RegionRiverDrawingTests" classname="RegionRiverDrawingTests" runstate="Runnable" testcasecount="5" result="Passed" start-time="2026-09-16 19:48:33Z" end-time="2026-09-16 19:48:33Z" duration="0.200227" total="5" passed="5" failed="0" inconclusive="0" skipped="0" asserts="0">
        <properties />
        <test-case id="1084" name="ConnectingStrokeSnapsBothEndsAndKeepsSelectedWidth" fullname="RegionRiverDrawingTests.ConnectingStrokeSnapsBothEndsAndKeepsSelectedWidth" methodname="ConnectingStrokeSnapsBothEndsAndKeepsSelectedWidth" classname="RegionRiverDrawingTests" runstate="Runnable" seed="1838444322" result="Passed" start-time="2026-09-16 19:48:33Z" end-time="2026-09-16 19:48:33Z" duration="0.004318" asserts="0">
          <properties>
            <property name="retryIteration" value="0" />
            <property name="repeatIteration" value="0" />
          </properties>
        </test-case>
        <test-case id="1085" name="DrawingCrossesDistrictBoundaryWithoutGapsAndSurvivesRegenerationAndReload" fullname="RegionRiverDrawingTests.DrawingCrossesDistrictBoundaryWithoutGapsAndSurvivesRegenerationAndReload" methodname="DrawingCrossesDistrictBoundaryWithoutGapsAndSurvivesRegenerationAndReload" classname="RegionRiverDrawingTests" runstate="Runnable" seed="183208781" result="Passed" start-time="2026-09-16 19:48:33Z" end-time="2026-09-16 19:48:33Z" duration="0.004395" asserts="0">
          <properties>
            <property name="retryIteration" value="0" />
            <property name="repeatIteration" value="0" />
          </properties>
        </test-case>
        <test-case id="1082" name="RiverInputRejectsJitterAndBacktrackingButKeepsBroadBends" fullname="RegionRiverDrawingTests.RiverInputRejectsJitterAndBacktrackingButKeepsBroadBends" methodname="RiverInputRejectsJitterAndBacktrackingButKeepsBroadBends" classname="RegionRiverDrawingTests" runstate="Runnable" seed="261702684" result="Passed" start-time="2026-09-16 19:48:33Z" end-time="2026-09-16 19:48:33Z" duration="0.002009" asserts="0">
          <properties>
            <property name="retryIteration" value="0" />
            <property name="repeatIteration" value="0" />
          </properties>
        </test-case>
        <test-case id="1083" name="RiverInputRejectsSelfCrossingEvenWithSparsePointerSamples" fullname="RegionRiverDrawingTests.RiverInputRejectsSelfCrossingEvenWithSparsePointerSamples" methodname="RiverInputRejectsSelfCrossingEvenWithSparsePointerSamples" classname="RegionRiverDrawingTests" runstate="Runnable" seed="239897273" result="Passed" start-time="2026-09-16 19:48:33Z" end-time="2026-09-16 19:48:33Z" duration="0.000288" asserts="0">
          <properties>
            <property name="retryIteration" value="0" />
            <property name="repeatIteration" value="0" />
          </properties>
        </test-case>
        <test-case id="1081" name="RiverSizesHaveExpectedWidthsAndDepthsAndCopyTheirDraft" fullname="RegionRiverDrawingTests.RiverSizesHaveExpectedWidthsAndDepthsAndCopyTheirDraft" methodname="RiverSizesHaveExpectedWidthsAndDepthsAndCopyTheirDraft" classname="RegionRiverDrawingTests" runstate="Runnable" seed="332910682" result="Passed" start-time="2026-09-16 19:48:33Z" end-time="2026-09-16 19:48:33Z" duration="0.000218" asserts="0">
          <properties>
            <property name="retryIteration" value="0" />
            <property name="repeatIteration" value="0" />
          </properties>
        </test-case>
      </test-suite>
      <test-suite type="TestFixture" id="1093" name="RegionRiverNetworkTests" fullname="RegionRiverNetworkTests" classname="RegionRiverNetworkTests" runstate="Runnable" testcasecount="10" result="Passed" start-time="2026-09-16 19:48:33Z" end-time="2026-09-16 19:48:34Z" duration="0.781561" total="10" passed="10" failed="0" inconclusive="0" skipped="0" asserts="0">
        <properties />
        <test-case id="1104" name="BorderClippingDoesNotRotateTheRiver" fullname="RegionRiverNetworkTests.BorderClippingDoesNotRotateTheRiver" methodname="BorderClippingDoesNotRotateTheRiver" classname="RegionRiverNetworkTests" runstate="Runnable" seed="1665411422" result="Passed" start-time="2026-09-16 19:48:33Z" end-time="2026-09-16 19:48:34Z" duration="0.042102" asserts="0">
          <properties>
            <property name="retryIteration" value="0" />
            <property name="repeatIteration" value="0" />
          </properties>
        </test-case>
        <test-case id="1105" name="EmptyDistrictLightingDoesNotInheritPreviousAmbient" fullname="RegionRiverNetworkTests.EmptyDistrictLightingDoesNotInheritPreviousAmbient" methodname="EmptyDistrictLightingDoesNotInheritPreviousAmbient" classname="RegionRiverNetworkTests" runstate="Runnable" seed="1593488894" result="Passed" start-time="2026-09-16 19:48:34Z" end-time="2026-09-16 19:48:34Z" duration="0.000993" asserts="0">
          <properties>
            <property name="retryIteration" value="0" />
            <property name="repeatIteration" value="0" />
          </properties>
        </test-case>
        <test-suite type="ParameterizedMethod" id="1103" name="ExplicitDirectionMatchesCoordinatesAndDistrictMetadata" fullname="RegionRiverNetworkTests.ExplicitDirectionMatchesCoordinatesAndDistrictMetadata" classname="RegionRiverNetworkTests" runstate="Runnable" testcasecount="4" result="Passed" start-time="2026-09-16 19:48:34Z" end-time="2026-09-16 19:48:34Z" duration="0.210381" total="4" passed="4" failed="0" inconclusive="0" skipped="0" asserts="0">
          <properties />
          <test-case id="1099" name="ExplicitDirectionMatchesCoordinatesAndDistrictMetadata(WestToEast,WestToEast)" fullname="RegionRiverNetworkTests.ExplicitDirectionMatchesCoordinatesAndDistrictMetadata(WestToEast,WestToEast)" methodname="ExplicitDirectionMatchesCoordinatesAndDistrictMetadata" classname="RegionRiverNetworkTests" runstate="Runnable" seed="337347025" result="Passed" start-time="2026-09-16 19:48:34Z" end-time="2026-09-16 19:48:34Z" duration="0.020553" asserts="0">
            <properties>
              <property name="retryIteration" value="0" />
              <property name="repeatIteration" value="0" />
            </properties>
          </test-case>
          <test-case id="1100" name="ExplicitDirectionMatchesCoordinatesAndDistrictMetadata(EastToWest,EastToWest)" fullname="RegionRiverNetworkTests.ExplicitDirectionMatchesCoordinatesAndDistrictMetadata(EastToWest,EastToWest)" methodname="ExplicitDirectionMatchesCoordinatesAndDistrictMetadata" classname="RegionRiverNetworkTests" runstate="Runnable" seed="422365748" result="Passed" start-time="2026-09-16 19:48:34Z" end-time="2026-09-16 19:48:34Z" duration="0.009844" asserts="0">
            <properties>
              <property name="retryIteration" value="0" />
              <property name="repeatIteration" value="0" />
            </properties>
          </test-case>
          <test-case id="1101" name="ExplicitDirectionMatchesCoordinatesAndDistrictMetadata(NorthToSouth,NorthToSouth)" fullname="RegionRiverNetworkTests.ExplicitDirectionMatchesCoordinatesAndDistrictMetadata(NorthToSouth,NorthToSouth)" methodname="ExplicitDirectionMatchesCoordinatesAndDistrictMetadata" classname="RegionRiverNetworkTests" runstate="Runnable" seed="2016342632" result="Passed" start-time="2026-09-16 19:48:34Z" end-time="2026-09-16 19:48:34Z" duration="0.011307" asserts="0">
            <properties>
              <property name="retryIteration" value="0" />
              <property name="repeatIteration" value="0" />
            </properties>
          </test-case>
          <test-case id="1102" name="ExplicitDirectionMatchesCoordinatesAndDistrictMetadata(SouthToNorth,SouthToNorth)" fullname="RegionRiverNetworkTests.ExplicitDirectionMatchesCoordinatesAndDistrictMetadata(SouthToNorth,SouthToNorth)" methodname="ExplicitDirectionMatchesCoordinatesAndDistrictMetadata" classname="RegionRiverNetworkTests" runstate="Runnable" seed="1327691313" result="Passed" start-time="2026-09-16 19:48:34Z" end-time="2026-09-16 19:48:34Z" duration="0.011311" asserts="0">
            <properties>
              <property name="retryIteration" value="0" />
              <property name="repeatIteration" value="0" />
            </properties>
          </test-case>
        </test-suite>
        <test-suite type="ParameterizedMethod" id="1098" name="NetworkHasVariedConnectedNonzeroBranches" fullname="RegionRiverNetworkTests.NetworkHasVariedConnectedNonzeroBranches" classname="RegionRiverNetworkTests" runstate="Runnable" testcasecount="4" result="Passed" start-time="2026-09-16 19:48:34Z" end-time="2026-09-16 19:48:34Z" duration="0.339499" total="4" passed="4" failed="0" inconclusive="0" skipped="0" asserts="0">
          <properties />
          <test-case id="1094" name="NetworkHasVariedConnectedNonzeroBranches(1)" fullname="RegionRiverNetworkTests.NetworkHasVariedConnectedNonzeroBranches(1)" methodname="NetworkHasVariedConnectedNonzeroBranches" classname="RegionRiverNetworkTests" runstate="Runnable" seed="719698475" result="Passed" start-time="2026-09-16 19:48:34Z" end-time="2026-09-16 19:48:34Z" duration="0.061195" asserts="0">
            <properties>
              <property name="retryIteration" value="0" />
              <property name="repeatIteration" value="0" />
            </properties>
          </test-case>
          <test-case id="1095" name="NetworkHasVariedConnectedNonzeroBranches(1785)" fullname="RegionRiverNetworkTests.NetworkHasVariedConnectedNonzeroBranches(1785)" methodname="NetworkHasVariedConnectedNonzeroBranches" classname="RegionRiverNetworkTests" runstate="Runnable" seed="1540022260" result="Passed" start-time="2026-09-16 19:48:34Z" end-time="2026-09-16 19:48:34Z" duration="0.045266" asserts="0">
            <properties>
              <property name="retryIteration" value="0" />
              <property name="repeatIteration" value="0" />
            </properties>
          </test-case>
          <test-case id="1096" name="NetworkHasVariedConnectedNonzeroBranches(994)" fullname="RegionRiverNetworkTests.NetworkHasVariedConnectedNonzeroBranches(994)" methodname="NetworkHasVariedConnectedNonzeroBranches" classname="RegionRiverNetworkTests" runstate="Runnable" seed="1389166011" result="Passed" start-time="2026-09-16 19:48:34Z" end-time="2026-09-16 19:48:34Z" duration="0.044098" asserts="0">
            <properties>
              <property name="retryIteration" value="0" />
              <property name="repeatIteration" value="0" />
            </properties>
          </test-case>
          <test-case id="1097" name="NetworkHasVariedConnectedNonzeroBranches(26)" fullname="RegionRiverNetworkTests.NetworkHasVariedConnectedNonzeroBranches(26)" methodname="NetworkHasVariedConnectedNonzeroBranches" classname="RegionRiverNetworkTests" runstate="Runnable" seed="2055388901" result="Passed" start-time="2026-09-16 19:48:34Z" end-time="2026-09-16 19:48:34Z" duration="0.042524" asserts="0">
            <properties>
              <property name="retryIteration" value="0" />
              <property name="repeatIteration" value="0" />
            </properties>
          </test-case>
        </test-suite>
      </test-suite>
      <test-suite type="TestFixture" id="1106" name="RegionTerrainMenuTests" fullname="RegionTerrainMenuTests" classname="RegionTerrainMenuTests" runstate="Runnable" testcasecount="2" result="Passed" start-time="2026-09-16 19:48:34Z" end-time="2026-09-16 19:48:34Z" duration="0.035716" total="2" passed="2" failed="0" inconclusive="0" skipped="0" asserts="0">
        <properties />
        <test-case id="1107" name="CheckboxesAreExclusiveWithinTypeAndIndependentAcrossTypes" fullname="RegionTerrainMenuTests.CheckboxesAreExclusiveWithinTypeAndIndependentAcrossTypes" methodname="CheckboxesAreExclusiveWithinTypeAndIndependentAcrossTypes" classname="RegionTerrainMenuTests" runstate="Runnable" seed="272590666" result="Passed" start-time="2026-09-16 19:48:34Z" end-time="2026-09-16 19:48:34Z" duration="0.028868" asserts="0">
          <properties>
            <property name="retryIteration" value="0" />
            <property name="repeatIteration" value="0" />
          </properties>
        </test-case>
        <test-case id="1108" name="RegionOptionsSurviveSerialization" fullname="RegionTerrainMenuTests.RegionOptionsSurviveSerialization" methodname="RegionOptionsSurviveSerialization" classname="RegionTerrainMenuTests" runstate="Runnable" seed="1781262730" result="Passed" start-time="2026-09-16 19:48:34Z" end-time="2026-09-16 19:48:34Z" duration="0.000854" asserts="0">
          <properties>
            <property name="retryIteration" value="0" />
            <property name="repeatIteration" value="0" />
          </properties>
          <output><![CDATA[Saving results to: /var/folders/y3/d9wwhmv57sqgmsfvr_rswy8w0000gn/T/cityforge-CityForge_-_V3-map-layers-tests.xml
]]></output>
        </test-case>
      </test-suite>
    </test-suite>
  </test-suite>
</test-run>