<?xml version="1.0" encoding="utf-8"?>
<test-run id="2" testcasecount="73" result="Passed" total="73" passed="73" failed="0" inconclusive="0" skipped="0" asserts="0" engine-version="3.5.0.0" clr-version="4.0.30319.42000" start-time="2026-09-16 19:06:06Z" end-time="2026-09-16 19:06:12Z" duration="5.9219973">
  <test-suite type="TestSuite" id="1982" name="City Forge V3" fullname="City Forge V3" runstate="Runnable" testcasecount="855" result="Passed" start-time="2026-09-16 19:06:06Z" end-time="2026-09-16 19:06:12Z" duration="5.921997" total="73" passed="73" failed="0" inconclusive="0" skipped="0" asserts="0">
    <properties>
      <property name="platform" value="EditMode" />
    </properties>
    <test-suite type="Assembly" id="1978" name="CityForgeV3.Tests.EditMode.dll" fullname="/Users/joelinstrum/dev/CityForge - V3/Library/ScriptAssemblies/CityForgeV3.Tests.EditMode.dll" runstate="Runnable" testcasecount="855" result="Passed" start-time="2026-09-16 19:06:06Z" end-time="2026-09-16 19:06:12Z" duration="5.717638" total="73" passed="73" failed="0" inconclusive="0" skipped="0" asserts="0">
      <properties>
        <property name="_PID" value="33758" />
        <property name="_APPDOMAIN" value="Unity Child Domain" />
        <property name="platform" value="EditMode" />
        <property name="EditorOnly" value="True" />
      </properties>
      <test-suite type="TestSuite" id="1979" name="CityForgeV3" fullname="CityForgeV3" runstate="Runnable" testcasecount="769" result="Passed" start-time="2026-09-16 19:06:06Z" end-time="2026-09-16 19:06:10Z" duration="3.124168" total="20" passed="20" failed="0" inconclusive="0" skipped="0" asserts="0">
        <properties />
        <test-suite type="TestSuite" id="1980" name="Tests" fullname="CityForgeV3.Tests" runstate="Runnable" testcasecount="769" result="Passed" start-time="2026-09-16 19:06:07Z" end-time="2026-09-16 19:06:10Z" duration="2.923484" total="20" passed="20" failed="0" inconclusive="0" skipped="0" asserts="0">
          <properties />
          <test-suite type="TestFixture" id="1129" name="DistrictCloudLayerTests" fullname="CityForgeV3.Tests.DistrictCloudLayerTests" classname="CityForgeV3.Tests.DistrictCloudLayerTests" runstate="Runnable" testcasecount="7" result="Passed" start-time="2026-09-16 19:06:08Z" end-time="2026-09-16 19:06:08Z" duration="0.339615" total="7" passed="7" failed="0" inconclusive="0" skipped="0" asserts="0">
            <properties />
            <test-suite type="ParameterizedMethod" id="1136" name="CloudsOnlyAtTwoFarthestZooms" fullname="CityForgeV3.Tests.DistrictCloudLayerTests.CloudsOnlyAtTwoFarthestZooms" classname="CityForgeV3.Tests.DistrictCloudLayerTests" runstate="Runnable" testcasecount="6" result="Passed" start-time="2026-09-16 19:06:08Z" end-time="2026-09-16 19:06:08Z" duration="0.122486" total="6" passed="6" failed="0" inconclusive="0" skipped="0" asserts="0">
              <properties />
              <test-case id="1130" name="CloudsOnlyAtTwoFarthestZooms(0,False)" fullname="CityForgeV3.Tests.DistrictCloudLayerTests.CloudsOnlyAtTwoFarthestZooms(0,False)" methodname="CloudsOnlyAtTwoFarthestZooms" classname="CityForgeV3.Tests.DistrictCloudLayerTests" runstate="Runnable" seed="867548868" result="Passed" start-time="2026-09-16 19:06:08Z" end-time="2026-09-16 19:06:08Z" duration="0.021751" asserts="0">
                <properties>
                  <property name="retryIteration" value="0" />
                  <property name="repeatIteration" value="0" />
                </properties>
              </test-case>
              <test-case id="1131" name="CloudsOnlyAtTwoFarthestZooms(1,False)" fullname="CityForgeV3.Tests.DistrictCloudLayerTests.CloudsOnlyAtTwoFarthestZooms(1,False)" methodname="CloudsOnlyAtTwoFarthestZooms" classname="CityForgeV3.Tests.DistrictCloudLayerTests" runstate="Runnable" seed="1205335278" result="Passed" start-time="2026-09-16 19:06:08Z" end-time="2026-09-16 19:06:08Z" duration="0.000091" asserts="0">
                <properties>
                  <property name="retryIteration" value="0" />
                  <property name="repeatIteration" value="0" />
                </properties>
              </test-case>
              <test-case id="1132" name="CloudsOnlyAtTwoFarthestZooms(2,False)" fullname="CityForgeV3.Tests.DistrictCloudLayerTests.CloudsOnlyAtTwoFarthestZooms(2,False)" methodname="CloudsOnlyAtTwoFarthestZooms" classname="CityForgeV3.Tests.DistrictCloudLayerTests" runstate="Runnable" seed="919414364" result="Passed" start-time="2026-09-16 19:06:08Z" end-time="2026-09-16 19:06:08Z" duration="0.000028" asserts="0">
                <properties>
                  <property name="retryIteration" value="0" />
                  <property name="repeatIteration" value="0" />
                </properties>
              </test-case>
              <test-case id="1133" name="CloudsOnlyAtTwoFarthestZooms(3,False)" fullname="CityForgeV3.Tests.DistrictCloudLayerTests.CloudsOnlyAtTwoFarthestZooms(3,False)" methodname="CloudsOnlyAtTwoFarthestZooms" classname="CityForgeV3.Tests.DistrictCloudLayerTests" runstate="Runnable" seed="20263874" result="Passed" start-time="2026-09-16 19:06:08Z" end-time="2026-09-16 19:06:08Z" duration="0.000029" asserts="0">
                <properties>
                  <property name="retryIteration" value="0" />
                  <property name="repeatIteration" value="0" />
                </properties>
              </test-case>
              <test-case id="1134" name="CloudsOnlyAtTwoFarthestZooms(4,True)" fullname="CityForgeV3.Tests.DistrictCloudLayerTests.CloudsOnlyAtTwoFarthestZooms(4,True)" methodname="CloudsOnlyAtTwoFarthestZooms" classname="CityForgeV3.Tests.DistrictCloudLayerTests" runstate="Runnable" seed="901797614" result="Passed" start-time="2026-09-16 19:06:08Z" end-time="2026-09-16 19:06:08Z" duration="0.000025" asserts="0">
                <properties>
                  <property name="retryIteration" value="0" />
                  <property name="repeatIteration" value="0" />
                </properties>
              </test-case>
              <test-case id="1135" name="CloudsOnlyAtTwoFarthestZooms(5,True)" fullname="CityForgeV3.Tests.DistrictCloudLayerTests.CloudsOnlyAtTwoFarthestZooms(5,True)" methodname="CloudsOnlyAtTwoFarthestZooms" classname="CityForgeV3.Tests.DistrictCloudLayerTests" runstate="Runnable" seed="1772348955" result="Passed" start-time="2026-09-16 19:06:08Z" end-time="2026-09-16 19:06:08Z" duration="0.000026" asserts="0">
                <properties>
                  <property name="retryIteration" value="0" />
                  <property name="repeatIteration" value="0" />
                </properties>
              </test-case>
            </test-suite>
            <test-case id="1137" name="ZoomReusesBoundedCloudMeshesAndSharedTerrain" fullname="CityForgeV3.Tests.DistrictCloudLayerTests.ZoomReusesBoundedCloudMeshesAndSharedTerrain" methodname="ZoomReusesBoundedCloudMeshesAndSharedTerrain" classname="CityForgeV3.Tests.DistrictCloudLayerTests" runstate="Runnable" seed="1431086394" result="Passed" start-time="2026-09-16 19:06:08Z" end-time="2026-09-16 19:06:08Z" duration="0.013598" asserts="0">
              <properties>
                <property name="retryIteration" value="0" />
                <property name="repeatIteration" value="0" />
              </properties>
            </test-case>
          </test-suite>
          <test-suite type="TestSuite" id="1981" name="EditMode" fullname="CityForgeV3.Tests.EditMode" runstate="Runnable" testcasecount="221" result="Passed" start-time="2026-09-16 19:06:08Z" end-time="2026-09-16 19:06:09Z" duration="1.269772" total="7" passed="7" failed="0" inconclusive="0" skipped="0" asserts="0">
            <properties />
            <test-suite type="TestFixture" id="1822" name="DistrictElevationTests" fullname="CityForgeV3.Tests.EditMode.DistrictElevationTests" classname="CityForgeV3.Tests.EditMode.DistrictElevationTests" runstate="Runnable" testcasecount="3" result="Passed" start-time="2026-09-16 19:06:09Z" end-time="2026-09-16 19:06:09Z" duration="0.628586" total="3" passed="3" failed="0" inconclusive="0" skipped="0" asserts="0">
              <properties />
              <test-case id="1823" name="OldDistrictIsFlatAndSavedHillsAreDeterministic" fullname="CityForgeV3.Tests.EditMode.DistrictElevationTests.OldDistrictIsFlatAndSavedHillsAreDeterministic" methodname="OldDistrictIsFlatAndSavedHillsAreDeterministic" classname="CityForgeV3.Tests.EditMode.DistrictElevationTests" runstate="Runnable" seed="2094810684" result="Passed" start-time="2026-09-16 19:06:09Z" end-time="2026-09-16 19:06:09Z" duration="0.211881" asserts="0">
                <properties>
                  <property name="retryIteration" value="0" />
                  <property name="repeatIteration" value="0" />
                </properties>
              </test-case>
              <test-case id="1825" name="RenderedVerticesMatchSamplerAndGenerationDoesNotChangeUnityRandom" fullname="CityForgeV3.Tests.EditMode.DistrictElevationTests.RenderedVerticesMatchSamplerAndGenerationDoesNotChangeUnityRandom" methodname="RenderedVerticesMatchSamplerAndGenerationDoesNotChangeUnityRandom" classname="CityForgeV3.Tests.EditMode.DistrictElevationTests" runstate="Runnable" seed="441276432" result="Passed" start-time="2026-09-16 19:06:09Z" end-time="2026-09-16 19:06:09Z" duration="0.142434" asserts="0">
                <properties>
                  <property name="retryIteration" value="0" />
                  <property name="repeatIteration" value="0" />
                </properties>
              </test-case>
              <test-case id="1824" name="WaterRoadsAndDistrictEdgesStayLevel" fullname="CityForgeV3.Tests.EditMode.DistrictElevationTests.WaterRoadsAndDistrictEdgesStayLevel" methodname="WaterRoadsAndDistrictEdgesStayLevel" classname="CityForgeV3.Tests.EditMode.DistrictElevationTests" runstate="Runnable" seed="346907726" result="Passed" start-time="2026-09-16 19:06:09Z" end-time="2026-09-16 19:06:09Z" duration="0.073344" asserts="0">
                <properties>
                  <property name="retryIteration" value="0" />
                  <property name="repeatIteration" value="0" />
                </properties>
              </test-case>
            </test-suite>
            <test-suite type="TestFixture" id="1860" name="DistrictRoadPlacementTests" fullname="CityForgeV3.Tests.EditMode.DistrictRoadPlacementTests" classname="CityForgeV3.Tests.EditMode.DistrictRoadPlacementTests" runstate="Runnable" testcasecount="4" result="Passed" start-time="2026-09-16 19:06:09Z" end-time="2026-09-16 19:06:09Z" duration="0.081164" total="4" passed="4" failed="0" inconclusive="0" skipped="0" asserts="0">
              <properties />
              <test-case id="1863" name="BrickPlacementStopsWhenTreasuryCannotAffordTile" fullname="CityForgeV3.Tests.EditMode.DistrictRoadPlacementTests.BrickPlacementStopsWhenTreasuryCannotAffordTile" methodname="BrickPlacementStopsWhenTreasuryCannotAffordTile" classname="CityForgeV3.Tests.EditMode.DistrictRoadPlacementTests" runstate="Runnable" seed="1978869673" result="Passed" start-time="2026-09-16 19:06:09Z" end-time="2026-09-16 19:06:09Z" duration="0.001073" asserts="0">
                <properties>
                  <property name="retryIteration" value="0" />
                  <property name="repeatIteration" value="0" />
                </properties>
              </test-case>
              <test-case id="1864" name="DeletingRoadRepairsItsFormerNeighbors" fullname="CityForgeV3.Tests.EditMode.DistrictRoadPlacementTests.DeletingRoadRepairsItsFormerNeighbors" methodname="DeletingRoadRepairsItsFormerNeighbors" classname="CityForgeV3.Tests.EditMode.DistrictRoadPlacementTests" runstate="Runnable" seed="888747121" result="Passed" start-time="2026-09-16 19:06:09Z" end-time="2026-09-16 19:06:09Z" duration="0.007706" asserts="0">
                <properties>
                  <property name="retryIteration" value="0" />
                  <property name="repeatIteration" value="0" />
                </properties>
              </test-case>
              <test-case id="1861" name="DirtIsFreeAndBrickCostsTwentyFiveOnlyForNewTile" fullname="CityForgeV3.Tests.EditMode.DistrictRoadPlacementTests.DirtIsFreeAndBrickCostsTwentyFiveOnlyForNewTile" methodname="DirtIsFreeAndBrickCostsTwentyFiveOnlyForNewTile" classname="CityForgeV3.Tests.EditMode.DistrictRoadPlacementTests" runstate="Runnable" seed="477928025" result="Passed" start-time="2026-09-16 19:06:09Z" end-time="2026-09-16 19:06:09Z" duration="0.000256" asserts="0">
                <properties>
                  <property name="retryIteration" value="0" />
                  <property name="repeatIteration" value="0" />
                </properties>
              </test-case>
              <test-case id="1862" name="NeighborConnectionsInferCornerTAndCross" fullname="CityForgeV3.Tests.EditMode.DistrictRoadPlacementTests.NeighborConnectionsInferCornerTAndCross" methodname="NeighborConnectionsInferCornerTAndCross" classname="CityForgeV3.Tests.EditMode.DistrictRoadPlacementTests" runstate="Runnable" seed="992437448" result="Passed" start-time="2026-09-16 19:06:09Z" end-time="2026-09-16 19:06:09Z" duration="0.000507" asserts="0">
                <properties>
                  <property name="retryIteration" value="0" />
                  <property name="repeatIteration" value="0" />
                </properties>
              </test-case>
            </test-suite>
          </test-suite>
          <test-suite type="TestFixture" id="1206" name="RiverBankAppearanceTests" fullname="CityForgeV3.Tests.RiverBankAppearanceTests" classname="CityForgeV3.Tests.RiverBankAppearanceTests" runstate="Runnable" testcasecount="6" result="Passed" start-time="2026-09-16 19:06:09Z" end-time="2026-09-16 19:06:10Z" duration="0.113983" total="6" passed="6" failed="0" inconclusive="0" skipped="0" asserts="0">
            <properties />
            <test-case id="1212" name="BankMaterialsLoadWithHorizontalRepeatAndVerticalClamp" fullname="CityForgeV3.Tests.RiverBankAppearanceTests.BankMaterialsLoadWithHorizontalRepeatAndVerticalClamp" methodname="BankMaterialsLoadWithHorizontalRepeatAndVerticalClamp" classname="CityForgeV3.Tests.RiverBankAppearanceTests" runstate="Runnable" seed="1441975273" result="Passed" start-time="2026-09-16 19:06:10Z" end-time="2026-09-16 19:06:10Z" duration="0.012211" asserts="0">
              <properties>
                <property name="retryIteration" value="0" />
                <property name="repeatIteration" value="0" />
              </properties>
            </test-case>
            <test-case id="1211" name="ClippingAndJunctionSubtractionRetainInterpolatedSignedBankWeights" fullname="CityForgeV3.Tests.RiverBankAppearanceTests.ClippingAndJunctionSubtractionRetainInterpolatedSignedBankWeights" methodname="ClippingAndJunctionSubtractionRetainInterpolatedSignedBankWeights" classname="CityForgeV3.Tests.RiverBankAppearanceTests" runstate="Runnable" seed="927999445" result="Passed" start-time="2026-09-16 19:06:10Z" end-time="2026-09-16 19:06:10Z" duration="0.008742" asserts="0">
              <properties>
                <property name="retryIteration" value="0" />
                <property name="repeatIteration" value="0" />
              </properties>
            </test-case>
            <test-case id="1207" name="InsertingCollinearSamplesDoesNotChangeBendAtExistingPoints" fullname="CityForgeV3.Tests.RiverBankAppearanceTests.InsertingCollinearSamplesDoesNotChangeBendAtExistingPoints" methodname="InsertingCollinearSamplesDoesNotChangeBendAtExistingPoints" classname="CityForgeV3.Tests.RiverBankAppearanceTests" runstate="Runnable" seed="158268724" result="Passed" start-time="2026-09-16 19:06:10Z" end-time="2026-09-16 19:06:10Z" duration="0.001305" asserts="0">
              <properties>
                <property name="retryIteration" value="0" />
                <property name="repeatIteration" value="0" />
              </properties>
            </test-case>
            <test-case id="1210" name="MirroringBendSwapsGravelAndEarthAndBoundsHairpins" fullname="CityForgeV3.Tests.RiverBankAppearanceTests.MirroringBendSwapsGravelAndEarthAndBoundsHairpins" methodname="MirroringBendSwapsGravelAndEarthAndBoundsHairpins" classname="CityForgeV3.Tests.RiverBankAppearanceTests" runstate="Runnable" seed="1323046469" result="Passed" start-time="2026-09-16 19:06:10Z" end-time="2026-09-16 19:06:10Z" duration="0.000602" asserts="0">
              <properties>
                <property name="retryIteration" value="0" />
                <property name="repeatIteration" value="0" />
              </properties>
            </test-case>
            <test-case id="1208" name="ReversingPointOrderSwapsBankSidesWithoutChangingPhysicalBend" fullname="CityForgeV3.Tests.RiverBankAppearanceTests.ReversingPointOrderSwapsBankSidesWithoutChangingPhysicalBend" methodname="ReversingPointOrderSwapsBankSidesWithoutChangingPhysicalBend" classname="CityForgeV3.Tests.RiverBankAppearanceTests" runstate="Runnable" seed="1117368029" result="Passed" start-time="2026-09-16 19:06:10Z" end-time="2026-09-16 19:06:10Z" duration="0.000420" asserts="0">
              <properties>
                <property name="retryIteration" value="0" />
                <property name="repeatIteration" value="0" />
              </properties>
            </test-case>
            <test-case id="1209" name="StraightAndDegeneratePathsStayNeutralAndFinite" fullname="CityForgeV3.Tests.RiverBankAppearanceTests.StraightAndDegeneratePathsStayNeutralAndFinite" methodname="StraightAndDegeneratePathsStayNeutralAndFinite" classname="CityForgeV3.Tests.RiverBankAppearanceTests" runstate="Runnable" seed="1850549562" result="Passed" start-time="2026-09-16 19:06:10Z" end-time="2026-09-16 19:06:10Z" duration="0.000244" asserts="0">
              <properties>
                <property name="retryIteration" value="0" />
                <property name="repeatIteration" value="0" />
              </properties>
            </test-case>
          </test-suite>
        </test-suite>
      </test-suite>
      <test-suite type="TestFixture" id="1014" name="DistrictRiverSculptTests" fullname="DistrictRiverSculptTests" classname="DistrictRiverSculptTests" runstate="Runnable" testcasecount="17" result="Passed" start-time="2026-09-16 19:06:10Z" end-time="2026-09-16 19:06:10Z" duration="0.143192" total="17" passed="17" failed="0" inconclusive="0" skipped="0" asserts="0">
        <properties />
        <test-case id="1016" name="BankJoinHandlesEndpointsDuplicatesAndHairpinsWithoutSpikes" fullname="DistrictRiverSculptTests.BankJoinHandlesEndpointsDuplicatesAndHairpinsWithoutSpikes" methodname="BankJoinHandlesEndpointsDuplicatesAndHairpinsWithoutSpikes" classname="DistrictRiverSculptTests" runstate="Runnable" seed="324097649" result="Passed" start-time="2026-09-16 19:06:10Z" end-time="2026-09-16 19:06:10Z" duration="0.000934" asserts="0">
          <properties>
            <property name="retryIteration" value="0" />
            <property name="repeatIteration" value="0" />
          </properties>
        </test-case>
        <test-case id="1015" name="BankJoinPreservesWidthWithUnevenPointSpacing" fullname="DistrictRiverSculptTests.BankJoinPreservesWidthWithUnevenPointSpacing" methodname="BankJoinPreservesWidthWithUnevenPointSpacing" classname="DistrictRiverSculptTests" runstate="Runnable" seed="987283642" result="Passed" start-time="2026-09-16 19:06:10Z" end-time="2026-09-16 19:06:10Z" duration="0.000558" asserts="0">
          <properties>
            <property name="retryIteration" value="0" />
            <property name="repeatIteration" value="0" />
          </properties>
        </test-case>
        <test-case id="1031" name="ClipCutsDiagonalRiverFlushToDistrictEdgeAndPreservesUvs" fullname="DistrictRiverSculptTests.ClipCutsDiagonalRiverFlushToDistrictEdgeAndPreservesUvs" methodname="ClipCutsDiagonalRiverFlushToDistrictEdgeAndPreservesUvs" classname="DistrictRiverSculptTests" runstate="Runnable" seed="1579738739" result="Passed" start-time="2026-09-16 19:06:10Z" end-time="2026-09-16 19:06:10Z" duration="0.001335" asserts="0">
          <properties>
            <property name="retryIteration" value="0" />
            <property name="repeatIteration" value="0" />
          </properties>
        </test-case>
        <test-case id="1026" name="EraserSplitsChannelAndLocalEditsSurviveRegenerationAndSerialization" fullname="DistrictRiverSculptTests.EraserSplitsChannelAndLocalEditsSurviveRegenerationAndSerialization" methodname="EraserSplitsChannelAndLocalEditsSurviveRegenerationAndSerialization" classname="DistrictRiverSculptTests" runstate="Runnable" seed="675700904" result="Passed" start-time="2026-09-16 19:06:10Z" end-time="2026-09-16 19:06:10Z" duration="0.008363" asserts="0">
          <properties>
            <property name="retryIteration" value="0" />
            <property name="repeatIteration" value="0" />
          </properties>
        </test-case>
        <test-case id="1030" name="IndexedWaterQueriesMatchFullScanAtCellBoundariesAndAfterRepeatedQueries" fullname="DistrictRiverSculptTests.IndexedWaterQueriesMatchFullScanAtCellBoundariesAndAfterRepeatedQueries" methodname="IndexedWaterQueriesMatchFullScanAtCellBoundariesAndAfterRepeatedQueries" classname="DistrictRiverSculptTests" runstate="Runnable" seed="1404525794" result="Passed" start-time="2026-09-16 19:06:10Z" end-time="2026-09-16 19:06:10Z" duration="0.039792" asserts="0">
          <properties>
            <property name="retryIteration" value="0" />
            <property name="repeatIteration" value="0" />
          </properties>
        </test-case>
        <test-case id="1021" name="RebuildCombinesContinuationAndDiscardsInternalBankRemnant" fullname="DistrictRiverSculptTests.RebuildCombinesContinuationAndDiscardsInternalBankRemnant" methodname="RebuildCombinesContinuationAndDiscardsInternalBankRemnant" classname="DistrictRiverSculptTests" runstate="Runnable" seed="1350267590" result="Passed" start-time="2026-09-16 19:06:10Z" end-time="2026-09-16 19:06:10Z" duration="0.005088" asserts="0">
          <properties>
            <property name="retryIteration" value="0" />
            <property name="repeatIteration" value="0" />
          </properties>
        </test-case>
        <test-case id="1022" name="RebuildRetainsSeparateBorderCrossingsAndDifferentDepths" fullname="DistrictRiverSculptTests.RebuildRetainsSeparateBorderCrossingsAndDifferentDepths" methodname="RebuildRetainsSeparateBorderCrossingsAndDifferentDepths" classname="DistrictRiverSculptTests" runstate="Runnable" seed="774822476" result="Passed" start-time="2026-09-16 19:06:10Z" end-time="2026-09-16 19:06:10Z" duration="0.000466" asserts="0">
          <properties>
            <property name="retryIteration" value="0" />
            <property name="repeatIteration" value="0" />
          </properties>
        </test-case>
        <test-case id="1029" name="RedrawReplacesSelectedReachAtLockedWidthWithoutChangingOtherRivers" fullname="DistrictRiverSculptTests.RedrawReplacesSelectedReachAtLockedWidthWithoutChangingOtherRivers" methodname="RedrawReplacesSelectedReachAtLockedWidthWithoutChangingOtherRivers" classname="DistrictRiverSculptTests" runstate="Runnable" seed="1096888909" result="Passed" start-time="2026-09-16 19:06:10Z" end-time="2026-09-16 19:06:10Z" duration="0.002595" asserts="0">
          <properties>
            <property name="retryIteration" value="0" />
            <property name="repeatIteration" value="0" />
          </properties>
        </test-case>
        <test-case id="1020" name="RepairAllSmoothsGentleJaggednessAndKeepsBorderTangents" fullname="DistrictRiverSculptTests.RepairAllSmoothsGentleJaggednessAndKeepsBorderTangents" methodname="RepairAllSmoothsGentleJaggednessAndKeepsBorderTangents" classname="DistrictRiverSculptTests" runstate="Runnable" seed="1073248868" result="Passed" start-time="2026-09-16 19:06:10Z" end-time="2026-09-16 19:06:10Z" duration="0.001028" asserts="0">
          <properties>
            <property name="retryIteration" value="0" />
            <property name="repeatIteration" value="0" />
          </properties>
        </test-case>
        <test-case id="1018" name="RepairLeavesHealthyStraightRiverUnchanged" fullname="DistrictRiverSculptTests.RepairLeavesHealthyStraightRiverUnchanged" methodname="RepairLeavesHealthyStraightRiverUnchanged" classname="DistrictRiverSculptTests" runstate="Runnable" seed="1052958718" result="Passed" start-time="2026-09-16 19:06:10Z" end-time="2026-09-16 19:06:10Z" duration="0.000285" asserts="0">
          <properties>
            <property name="retryIteration" value="0" />
            <property name="repeatIteration" value="0" />
          </properties>
        </test-case>
        <test-case id="1017" name="RepairRemovesShortReversalsAndPreservesRiverContract" fullname="DistrictRiverSculptTests.RepairRemovesShortReversalsAndPreservesRiverContract" methodname="RepairRemovesShortReversalsAndPreservesRiverContract" classname="DistrictRiverSculptTests" runstate="Runnable" seed="379732504" result="Passed" start-time="2026-09-16 19:06:10Z" end-time="2026-09-16 19:06:10Z" duration="0.001112" asserts="0">
          <properties>
            <property name="retryIteration" value="0" />
            <property name="repeatIteration" value="0" />
          </properties>
        </test-case>
        <test-case id="1024" name="RiverClippingAndJunctionCutsPreserveInterpolatedFlowDirections" fullname="DistrictRiverSculptTests.RiverClippingAndJunctionCutsPreserveInterpolatedFlowDirections" methodname="RiverClippingAndJunctionCutsPreserveInterpolatedFlowDirections" classname="DistrictRiverSculptTests" runstate="Runnable" seed="1000635809" result="Passed" start-time="2026-09-16 19:06:10Z" end-time="2026-09-16 19:06:10Z" duration="0.000982" asserts="0">
          <properties>
            <property name="retryIteration" value="0" />
            <property name="repeatIteration" value="0" />
          </properties>
        </test-case>
        <test-case id="1028" name="ShapeCanSnapAnInteriorEndToAnotherChannel" fullname="DistrictRiverSculptTests.ShapeCanSnapAnInteriorEndToAnotherChannel" methodname="ShapeCanSnapAnInteriorEndToAnotherChannel" classname="DistrictRiverSculptTests" runstate="Runnable" seed="1896704040" result="Passed" start-time="2026-09-16 19:06:10Z" end-time="2026-09-16 19:06:10Z" duration="0.001323" asserts="0">
          <properties>
            <property name="retryIteration" value="0" />
            <property name="repeatIteration" value="0" />
          </properties>
        </test-case>
        <test-case id="1025" name="ShapeMovesInteriorPreservingBorderCrossingsAndWidth" fullname="DistrictRiverSculptTests.ShapeMovesInteriorPreservingBorderCrossingsAndWidth" methodname="ShapeMovesInteriorPreservingBorderCrossingsAndWidth" classname="DistrictRiverSculptTests" runstate="Runnable" seed="2089440975" result="Passed" start-time="2026-09-16 19:06:10Z" end-time="2026-09-16 19:06:10Z" duration="0.000279" asserts="0">
          <properties>
            <property name="retryIteration" value="0" />
            <property name="repeatIteration" value="0" />
          </properties>
        </test-case>
        <test-case id="1023" name="ShapeThenRepairJoinsOffsetCity051ReachesIntoOneBorderToBorderChannel" fullname="DistrictRiverSculptTests.ShapeThenRepairJoinsOffsetCity051ReachesIntoOneBorderToBorderChannel" methodname="ShapeThenRepairJoinsOffsetCity051ReachesIntoOneBorderToBorderChannel" classname="DistrictRiverSculptTests" runstate="Runnable" seed="26315148" result="Passed" start-time="2026-09-16 19:06:10Z" end-time="2026-09-16 19:06:10Z" duration="0.001006" asserts="0">
          <properties>
            <property name="retryIteration" value="0" />
            <property name="repeatIteration" value="0" />
          </properties>
        </test-case>
        <test-case id="1019" name="ShapeWidthOverrideChangesOnlySelectedRiverAndPreservesDepth" fullname="DistrictRiverSculptTests.ShapeWidthOverrideChangesOnlySelectedRiverAndPreservesDepth" methodname="ShapeWidthOverrideChangesOnlySelectedRiverAndPreservesDepth" classname="DistrictRiverSculptTests" runstate="Runnable" seed="391682602" result="Passed" start-time="2026-09-16 19:06:10Z" end-time="2026-09-16 19:06:10Z" duration="0.000315" asserts="0">
          <properties>
            <property name="retryIteration" value="0" />
            <property name="repeatIteration" value="0" />
          </properties>
        </test-case>
        <test-case id="1027" name="SofteningReducesSharpBendWithoutMovingBorders" fullname="DistrictRiverSculptTests.SofteningReducesSharpBendWithoutMovingBorders" methodname="SofteningReducesSharpBendWithoutMovingBorders" classname="DistrictRiverSculptTests" runstate="Runnable" seed="641157224" result="Passed" start-time="2026-09-16 19:06:10Z" end-time="2026-09-16 19:06:10Z" duration="0.000712" asserts="0">
          <properties>
            <property name="retryIteration" value="0" />
            <property name="repeatIteration" value="0" />
          </properties>
        </test-case>
      </test-suite>
      <test-suite type="TestFixture" id="1032" name="DistrictSurfaceCacheTests" fullname="DistrictSurfaceCacheTests" classname="DistrictSurfaceCacheTests" runstate="Runnable" testcasecount="3" result="Passed" start-time="2026-09-16 19:06:10Z" end-time="2026-09-16 19:06:10Z" duration="0.585487" total="3" passed="3" failed="0" inconclusive="0" skipped="0" asserts="0">
        <properties />
        <test-case id="1033" name="DirtyMatrixCoalescesOverlappingChangesAndDrainsOnce" fullname="DistrictSurfaceCacheTests.DirtyMatrixCoalescesOverlappingChangesAndDrainsOnce" methodname="DirtyMatrixCoalescesOverlappingChangesAndDrainsOnce" classname="DistrictSurfaceCacheTests" runstate="Runnable" seed="1381540576" result="Passed" start-time="2026-09-16 19:06:10Z" end-time="2026-09-16 19:06:10Z" duration="0.001313" asserts="0">
          <properties>
            <property name="retryIteration" value="0" />
            <property name="repeatIteration" value="0" />
          </properties>
        </test-case>
        <test-case id="1035" name="IncrementalRiverAndRoadHeightsEqualFullRebuild" fullname="DistrictSurfaceCacheTests.IncrementalRiverAndRoadHeightsEqualFullRebuild" methodname="IncrementalRiverAndRoadHeightsEqualFullRebuild" classname="DistrictSurfaceCacheTests" runstate="Runnable" seed="156110562" result="Passed" start-time="2026-09-16 19:06:10Z" end-time="2026-09-16 19:06:10Z" duration="0.450886" asserts="0">
          <properties>
            <property name="retryIteration" value="0" />
            <property name="repeatIteration" value="0" />
          </properties>
        </test-case>
        <test-case id="1034" name="ValueSnapshotsDetectInPlaceEditsAndIgnoreUnrelatedState" fullname="DistrictSurfaceCacheTests.ValueSnapshotsDetectInPlaceEditsAndIgnoreUnrelatedState" methodname="ValueSnapshotsDetectInPlaceEditsAndIgnoreUnrelatedState" classname="DistrictSurfaceCacheTests" runstate="Runnable" seed="1855927303" result="Passed" start-time="2026-09-16 19:06:10Z" end-time="2026-09-16 19:06:10Z" duration="0.000424" asserts="0">
          <properties>
            <property name="retryIteration" value="0" />
            <property name="repeatIteration" value="0" />
          </properties>
        </test-case>
      </test-suite>
      <test-suite type="TestFixture" id="1039" name="NationalPikePlacementTests" fullname="NationalPikePlacementTests" classname="NationalPikePlacementTests" runstate="Runnable" testcasecount="9" result="Passed" start-time="2026-09-16 19:06:10Z" end-time="2026-09-16 19:06:10Z" duration="0.150314" total="9" passed="9" failed="0" inconclusive="0" skipped="0" asserts="0">
        <properties />
        <test-case id="1041" name="CrossDistrictRoadIsContinuousAndPreparationDoesNotMutateLiveData" fullname="NationalPikePlacementTests.CrossDistrictRoadIsContinuousAndPreparationDoesNotMutateLiveData" methodname="CrossDistrictRoadIsContinuousAndPreparationDoesNotMutateLiveData" classname="NationalPikePlacementTests" runstate="Runnable" seed="947522385" result="Passed" start-time="2026-09-16 19:06:10Z" end-time="2026-09-16 19:06:10Z" duration="0.007792" asserts="0">
          <properties>
            <property name="retryIteration" value="0" />
            <property name="repeatIteration" value="0" />
          </properties>
        </test-case>
        <test-case id="1040" name="DiagonalStrokeHasOnlyCardinalStepsAndEndsAtDestination" fullname="NationalPikePlacementTests.DiagonalStrokeHasOnlyCardinalStepsAndEndsAtDestination" methodname="DiagonalStrokeHasOnlyCardinalStepsAndEndsAtDestination" classname="NationalPikePlacementTests" runstate="Runnable" seed="815814882" result="Passed" start-time="2026-09-16 19:06:10Z" end-time="2026-09-16 19:06:10Z" duration="0.000985" asserts="0">
          <properties>
            <property name="retryIteration" value="0" />
            <property name="repeatIteration" value="0" />
          </properties>
        </test-case>
        <test-case id="1049" name="DirtPackageHasFourRequestedArtPiecesAndCompilingShader" fullname="NationalPikePlacementTests.DirtPackageHasFourRequestedArtPiecesAndCompilingShader" methodname="DirtPackageHasFourRequestedArtPiecesAndCompilingShader" classname="NationalPikePlacementTests" runstate="Runnable" seed="253796932" result="Passed" start-time="2026-09-16 19:06:10Z" end-time="2026-09-16 19:06:10Z" duration="0.005412" asserts="0">
          <properties>
            <property name="retryIteration" value="0" />
            <property name="repeatIteration" value="0" />
          </properties>
        </test-case>
        <test-suite type="ParameterizedMethod" id="1048" name="EraSurfaceContract" fullname="NationalPikePlacementTests.EraSurfaceContract" classname="NationalPikePlacementTests" runstate="Runnable" testcasecount="4" result="Passed" start-time="2026-09-16 19:06:10Z" end-time="2026-09-16 19:06:10Z" duration="0.085810" total="4" passed="4" failed="0" inconclusive="0" skipped="0" asserts="0">
          <properties />
          <test-case id="1044" name="EraSurfaceContract(&quot;founders&quot;,&quot;dirt&quot;)" fullname="NationalPikePlacementTests.EraSurfaceContract(&quot;founders&quot;,&quot;dirt&quot;)" methodname="EraSurfaceContract" classname="NationalPikePlacementTests" runstate="Runnable" seed="1392294854" result="Passed" start-time="2026-09-16 19:06:10Z" end-time="2026-09-16 19:06:10Z" duration="0.000226" asserts="0">
            <properties>
              <property name="retryIteration" value="0" />
              <property name="repeatIteration" value="0" />
            </properties>
          </test-case>
          <test-case id="1045" name="EraSurfaceContract(&quot;industrial&quot;,&quot;dirt&quot;)" fullname="NationalPikePlacementTests.EraSurfaceContract(&quot;industrial&quot;,&quot;dirt&quot;)" methodname="EraSurfaceContract" classname="NationalPikePlacementTests" runstate="Runnable" seed="650534182" result="Passed" start-time="2026-09-16 19:06:10Z" end-time="2026-09-16 19:06:10Z" duration="0.000029" asserts="0">
            <properties>
              <property name="retryIteration" value="0" />
              <property name="repeatIteration" value="0" />
            </properties>
          </test-case>
          <test-case id="1046" name="EraSurfaceContract(&quot;discovery&quot;,&quot;early-concrete&quot;)" fullname="NationalPikePlacementTests.EraSurfaceContract(&quot;discovery&quot;,&quot;early-concrete&quot;)" methodname="EraSurfaceContract" classname="NationalPikePlacementTests" runstate="Runnable" seed="1806797267" result="Passed" start-time="2026-09-16 19:06:10Z" end-time="2026-09-16 19:06:10Z" duration="0.000028" asserts="0">
            <properties>
              <property name="retryIteration" value="0" />
              <property name="repeatIteration" value="0" />
            </properties>
          </test-case>
          <test-case id="1047" name="EraSurfaceContract(&quot;modern&quot;,&quot;blacktop&quot;)" fullname="NationalPikePlacementTests.EraSurfaceContract(&quot;modern&quot;,&quot;blacktop&quot;)" methodname="EraSurfaceContract" classname="NationalPikePlacementTests" runstate="Runnable" seed="874438816" result="Passed" start-time="2026-09-16 19:06:10Z" end-time="2026-09-16 19:06:10Z" duration="0.000020" asserts="0">
            <properties>
              <property name="retryIteration" value="0" />
              <property name="repeatIteration" value="0" />
            </properties>
          </test-case>
        </test-suite>
        <test-case id="1043" name="JoiningExistingRoadCreatesJunctionWithoutOverwritingMaterialOrOriginal" fullname="NationalPikePlacementTests.JoiningExistingRoadCreatesJunctionWithoutOverwritingMaterialOrOriginal" methodname="JoiningExistingRoadCreatesJunctionWithoutOverwritingMaterialOrOriginal" classname="NationalPikePlacementTests" runstate="Runnable" seed="1212093016" result="Passed" start-time="2026-09-16 19:06:10Z" end-time="2026-09-16 19:06:10Z" duration="0.000768" asserts="0">
          <properties>
            <property name="retryIteration" value="0" />
            <property name="repeatIteration" value="0" />
          </properties>
        </test-case>
        <test-case id="1042" name="RiverCrossingStopsAtBankAndResumesOnOtherSide" fullname="NationalPikePlacementTests.RiverCrossingStopsAtBankAndResumesOnOtherSide" methodname="RiverCrossingStopsAtBankAndResumesOnOtherSide" classname="NationalPikePlacementTests" runstate="Runnable" seed="74354842" result="Passed" start-time="2026-09-16 19:06:10Z" end-time="2026-09-16 19:06:10Z" duration="0.001930" asserts="0">
          <properties>
            <property name="retryIteration" value="0" />
            <property name="repeatIteration" value="0" />
          </properties>
        </test-case>
      </test-suite>
      <test-suite type="TestFixture" id="1070" name="RegionMapLayersTests" fullname="RegionMapLayersTests" classname="RegionMapLayersTests" runstate="Runnable" testcasecount="3" result="Passed" start-time="2026-09-16 19:06:10Z" end-time="2026-09-16 19:06:11Z" duration="0.270318" total="3" passed="3" failed="0" inconclusive="0" skipped="0" asserts="0">
        <properties />
        <test-case id="1071" name="LayerChoicesAreIndependentAndPreserveExistingVisuals" fullname="RegionMapLayersTests.LayerChoicesAreIndependentAndPreserveExistingVisuals" methodname="LayerChoicesAreIndependentAndPreserveExistingVisuals" classname="RegionMapLayersTests" runstate="Runnable" seed="801153447" result="Passed" start-time="2026-09-16 19:06:11Z" end-time="2026-09-16 19:06:11Z" duration="0.003240" asserts="0">
          <properties>
            <property name="retryIteration" value="0" />
            <property name="repeatIteration" value="0" />
          </properties>
        </test-case>
        <test-case id="1072" name="OldRegionsDefaultToVisibleAndChoicesAndTransportSurviveReload" fullname="RegionMapLayersTests.OldRegionsDefaultToVisibleAndChoicesAndTransportSurviveReload" methodname="OldRegionsDefaultToVisibleAndChoicesAndTransportSurviveReload" classname="RegionMapLayersTests" runstate="Runnable" seed="777341438" result="Passed" start-time="2026-09-16 19:06:11Z" end-time="2026-09-16 19:06:11Z" duration="0.002011" asserts="0">
          <properties>
            <property name="retryIteration" value="0" />
            <property name="repeatIteration" value="0" />
          </properties>
        </test-case>
        <test-case id="1073" name="ReliefPreviewIsBoundedAndUsesDistinctLandCoverColors" fullname="RegionMapLayersTests.ReliefPreviewIsBoundedAndUsesDistinctLandCoverColors" methodname="ReliefPreviewIsBoundedAndUsesDistinctLandCoverColors" classname="RegionMapLayersTests" runstate="Runnable" seed="963218419" result="Passed" start-time="2026-09-16 19:06:11Z" end-time="2026-09-16 19:06:11Z" duration="0.067537" asserts="0">
          <properties>
            <property name="retryIteration" value="0" />
            <property name="repeatIteration" value="0" />
          </properties>
        </test-case>
      </test-suite>
      <test-suite type="TestFixture" id="1074" name="RegionMapOrientationTests" fullname="RegionMapOrientationTests" classname="RegionMapOrientationTests" runstate="Runnable" testcasecount="1" result="Passed" start-time="2026-09-16 19:06:11Z" end-time="2026-09-16 19:06:11Z" duration="0.428503" total="1" passed="1" failed="0" inconclusive="0" skipped="0" asserts="0">
        <properties />
        <test-case id="1075" name="RegionAxesAndLabelsMatchActualDistrictCamera" fullname="RegionMapOrientationTests.RegionAxesAndLabelsMatchActualDistrictCamera" methodname="RegionAxesAndLabelsMatchActualDistrictCamera" classname="RegionMapOrientationTests" runstate="Runnable" seed="1994250110" result="Passed" start-time="2026-09-16 19:06:11Z" end-time="2026-09-16 19:06:11Z" duration="0.402096" asserts="0">
          <properties>
            <property name="_JOINTYPE" value="UnityCombinatorial" />
            <property name="retryIteration" value="0" />
            <property name="repeatIteration" value="0" />
          </properties>
        </test-case>
      </test-suite>
      <test-suite type="TestFixture" id="1076" name="RegionPikeStrokeTests" fullname="RegionPikeStrokeTests" classname="RegionPikeStrokeTests" runstate="Runnable" testcasecount="3" result="Passed" start-time="2026-09-16 19:06:11Z" end-time="2026-09-16 19:06:11Z" duration="0.106046" total="3" passed="3" failed="0" inconclusive="0" skipped="0" asserts="0">
        <properties />
        <test-case id="1077" name="ClickAndTinyDragCannotCreateRoad" fullname="RegionPikeStrokeTests.ClickAndTinyDragCannotCreateRoad" methodname="ClickAndTinyDragCannotCreateRoad" classname="RegionPikeStrokeTests" runstate="Runnable" seed="1793056635" result="Passed" start-time="2026-09-16 19:06:11Z" end-time="2026-09-16 19:06:11Z" duration="0.001577" asserts="0">
          <properties>
            <property name="retryIteration" value="0" />
            <property name="repeatIteration" value="0" />
          </properties>
        </test-case>
        <test-case id="1078" name="DrawnRoadClampsToRegionAndPersistsNameAndIndependentGeometry" fullname="RegionPikeStrokeTests.DrawnRoadClampsToRegionAndPersistsNameAndIndependentGeometry" methodname="DrawnRoadClampsToRegionAndPersistsNameAndIndependentGeometry" classname="RegionPikeStrokeTests" runstate="Runnable" seed="1077729270" result="Passed" start-time="2026-09-16 19:06:11Z" end-time="2026-09-16 19:06:11Z" duration="0.001969" asserts="0">
          <properties>
            <property name="retryIteration" value="0" />
            <property name="repeatIteration" value="0" />
          </properties>
        </test-case>
        <test-case id="1079" name="LongStrokeRemainsBoundedAndKeepsEndpoints" fullname="RegionPikeStrokeTests.LongStrokeRemainsBoundedAndKeepsEndpoints" methodname="LongStrokeRemainsBoundedAndKeepsEndpoints" classname="RegionPikeStrokeTests" runstate="Runnable" seed="1472734547" result="Passed" start-time="2026-09-16 19:06:11Z" end-time="2026-09-16 19:06:11Z" duration="0.003722" asserts="0">
          <properties>
            <property name="retryIteration" value="0" />
            <property name="repeatIteration" value="0" />
          </properties>
        </test-case>
      </test-suite>
      <test-suite type="TestFixture" id="1080" name="RegionRiverDrawingTests" fullname="RegionRiverDrawingTests" classname="RegionRiverDrawingTests" runstate="Runnable" testcasecount="5" result="Passed" start-time="2026-09-16 19:06:11Z" end-time="2026-09-16 19:06:11Z" duration="0.108472" total="5" passed="5" failed="0" inconclusive="0" skipped="0" asserts="0">
        <properties />
        <test-case id="1084" name="ConnectingStrokeSnapsBothEndsAndKeepsSelectedWidth" fullname="RegionRiverDrawingTests.ConnectingStrokeSnapsBothEndsAndKeepsSelectedWidth" methodname="ConnectingStrokeSnapsBothEndsAndKeepsSelectedWidth" classname="RegionRiverDrawingTests" runstate="Runnable" seed="286256439" result="Passed" start-time="2026-09-16 19:06:11Z" end-time="2026-09-16 19:06:11Z" duration="0.004048" asserts="0">
          <properties>
            <property name="retryIteration" value="0" />
            <property name="repeatIteration" value="0" />
          </properties>
        </test-case>
        <test-case id="1085" name="DrawingCrossesDistrictBoundaryWithoutGapsAndSurvivesRegenerationAndReload" fullname="RegionRiverDrawingTests.DrawingCrossesDistrictBoundaryWithoutGapsAndSurvivesRegenerationAndReload" methodname="DrawingCrossesDistrictBoundaryWithoutGapsAndSurvivesRegenerationAndReload" classname="RegionRiverDrawingTests" runstate="Runnable" seed="1955635971" result="Passed" start-time="2026-09-16 19:06:11Z" end-time="2026-09-16 19:06:11Z" duration="0.005454" asserts="0">
          <properties>
            <property name="retryIteration" value="0" />
            <property name="repeatIteration" value="0" />
          </properties>
        </test-case>
        <test-case id="1082" name="RiverInputRejectsJitterAndBacktrackingButKeepsBroadBends" fullname="RegionRiverDrawingTests.RiverInputRejectsJitterAndBacktrackingButKeepsBroadBends" methodname="RiverInputRejectsJitterAndBacktrackingButKeepsBroadBends" classname="RegionRiverDrawingTests" runstate="Runnable" seed="1904613088" result="Passed" start-time="2026-09-16 19:06:11Z" end-time="2026-09-16 19:06:11Z" duration="0.005590" asserts="0">
          <properties>
            <property name="retryIteration" value="0" />
            <property name="repeatIteration" value="0" />
          </properties>
        </test-case>
        <test-case id="1083" name="RiverInputRejectsSelfCrossingEvenWithSparsePointerSamples" fullname="RegionRiverDrawingTests.RiverInputRejectsSelfCrossingEvenWithSparsePointerSamples" methodname="RiverInputRejectsSelfCrossingEvenWithSparsePointerSamples" classname="RegionRiverDrawingTests" runstate="Runnable" seed="1455517212" result="Passed" start-time="2026-09-16 19:06:11Z" end-time="2026-09-16 19:06:11Z" duration="0.000362" asserts="0">
          <properties>
            <property name="retryIteration" value="0" />
            <property name="repeatIteration" value="0" />
          </properties>
        </test-case>
        <test-case id="1081" name="RiverSizesHaveExpectedWidthsAndDepthsAndCopyTheirDraft" fullname="RegionRiverDrawingTests.RiverSizesHaveExpectedWidthsAndDepthsAndCopyTheirDraft" methodname="RiverSizesHaveExpectedWidthsAndDepthsAndCopyTheirDraft" classname="RegionRiverDrawingTests" runstate="Runnable" seed="1632543253" result="Passed" start-time="2026-09-16 19:06:11Z" end-time="2026-09-16 19:06:11Z" duration="0.000248" asserts="0">
          <properties>
            <property name="retryIteration" value="0" />
            <property name="repeatIteration" value="0" />
          </properties>
        </test-case>
      </test-suite>
      <test-suite type="TestFixture" id="1093" name="RegionRiverNetworkTests" fullname="RegionRiverNetworkTests" classname="RegionRiverNetworkTests" runstate="Runnable" testcasecount="10" result="Passed" start-time="2026-09-16 19:06:11Z" end-time="2026-09-16 19:06:12Z" duration="0.559667" total="10" passed="10" failed="0" inconclusive="0" skipped="0" asserts="0">
        <properties />
        <test-case id="1104" name="BorderClippingDoesNotRotateTheRiver" fullname="RegionRiverNetworkTests.BorderClippingDoesNotRotateTheRiver" methodname="BorderClippingDoesNotRotateTheRiver" classname="RegionRiverNetworkTests" runstate="Runnable" seed="1827220239" result="Passed" start-time="2026-09-16 19:06:11Z" end-time="2026-09-16 19:06:11Z" duration="0.047299" asserts="0">
          <properties>
            <property name="retryIteration" value="0" />
            <property name="repeatIteration" value="0" />
          </properties>
        </test-case>
        <test-case id="1105" name="EmptyDistrictLightingDoesNotInheritPreviousAmbient" fullname="RegionRiverNetworkTests.EmptyDistrictLightingDoesNotInheritPreviousAmbient" methodname="EmptyDistrictLightingDoesNotInheritPreviousAmbient" classname="RegionRiverNetworkTests" runstate="Runnable" seed="113003382" result="Passed" start-time="2026-09-16 19:06:11Z" end-time="2026-09-16 19:06:11Z" duration="0.001866" asserts="0">
          <properties>
            <property name="retryIteration" value="0" />
            <property name="repeatIteration" value="0" />
          </properties>
        </test-case>
        <test-suite type="ParameterizedMethod" id="1103" name="ExplicitDirectionMatchesCoordinatesAndDistrictMetadata" fullname="RegionRiverNetworkTests.ExplicitDirectionMatchesCoordinatesAndDistrictMetadata" classname="RegionRiverNetworkTests" runstate="Runnable" testcasecount="4" result="Passed" start-time="2026-09-16 19:06:11Z" end-time="2026-09-16 19:06:12Z" duration="0.206564" total="4" passed="4" failed="0" inconclusive="0" skipped="0" asserts="0">
          <properties />
          <test-case id="1099" name="ExplicitDirectionMatchesCoordinatesAndDistrictMetadata(WestToEast,WestToEast)" fullname="RegionRiverNetworkTests.ExplicitDirectionMatchesCoordinatesAndDistrictMetadata(WestToEast,WestToEast)" methodname="ExplicitDirectionMatchesCoordinatesAndDistrictMetadata" classname="RegionRiverNetworkTests" runstate="Runnable" seed="1909303257" result="Passed" start-time="2026-09-16 19:06:12Z" end-time="2026-09-16 19:06:12Z" duration="0.022534" asserts="0">
            <properties>
              <property name="retryIteration" value="0" />
              <property name="repeatIteration" value="0" />
            </properties>
          </test-case>
          <test-case id="1100" name="ExplicitDirectionMatchesCoordinatesAndDistrictMetadata(EastToWest,EastToWest)" fullname="RegionRiverNetworkTests.ExplicitDirectionMatchesCoordinatesAndDistrictMetadata(EastToWest,EastToWest)" methodname="ExplicitDirectionMatchesCoordinatesAndDistrictMetadata" classname="RegionRiverNetworkTests" runstate="Runnable" seed="1717259032" result="Passed" start-time="2026-09-16 19:06:12Z" end-time="2026-09-16 19:06:12Z" duration="0.010129" asserts="0">
            <properties>
              <property name="retryIteration" value="0" />
              <property name="repeatIteration" value="0" />
            </properties>
          </test-case>
          <test-case id="1101" name="ExplicitDirectionMatchesCoordinatesAndDistrictMetadata(NorthToSouth,NorthToSouth)" fullname="RegionRiverNetworkTests.ExplicitDirectionMatchesCoordinatesAndDistrictMetadata(NorthToSouth,NorthToSouth)" methodname="ExplicitDirectionMatchesCoordinatesAndDistrictMetadata" classname="RegionRiverNetworkTests" runstate="Runnable" seed="955989677" result="Passed" start-time="2026-09-16 19:06:12Z" end-time="2026-09-16 19:06:12Z" duration="0.011419" asserts="0">
            <properties>
              <property name="retryIteration" value="0" />
              <property name="repeatIteration" value="0" />
            </properties>
          </test-case>
          <test-case id="1102" name="ExplicitDirectionMatchesCoordinatesAndDistrictMetadata(SouthToNorth,SouthToNorth)" fullname="RegionRiverNetworkTests.ExplicitDirectionMatchesCoordinatesAndDistrictMetadata(SouthToNorth,SouthToNorth)" methodname="ExplicitDirectionMatchesCoordinatesAndDistrictMetadata" classname="RegionRiverNetworkTests" runstate="Runnable" seed="1758149902" result="Passed" start-time="2026-09-16 19:06:12Z" end-time="2026-09-16 19:06:12Z" duration="0.011671" asserts="0">
            <properties>
              <property name="retryIteration" value="0" />
              <property name="repeatIteration" value="0" />
            </properties>
          </test-case>
        </test-suite>
        <test-suite type="ParameterizedMethod" id="1098" name="NetworkHasVariedConnectedNonzeroBranches" fullname="RegionRiverNetworkTests.NetworkHasVariedConnectedNonzeroBranches" classname="RegionRiverNetworkTests" runstate="Runnable" testcasecount="4" result="Passed" start-time="2026-09-16 19:06:12Z" end-time="2026-09-16 19:06:12Z" duration="0.220082" total="4" passed="4" failed="0" inconclusive="0" skipped="0" asserts="0">
          <properties />
          <test-case id="1094" name="NetworkHasVariedConnectedNonzeroBranches(1)" fullname="RegionRiverNetworkTests.NetworkHasVariedConnectedNonzeroBranches(1)" methodname="NetworkHasVariedConnectedNonzeroBranches" classname="RegionRiverNetworkTests" runstate="Runnable" seed="692053170" result="Passed" start-time="2026-09-16 19:06:12Z" end-time="2026-09-16 19:06:12Z" duration="0.044348" asserts="0">
            <properties>
              <property name="retryIteration" value="0" />
              <property name="repeatIteration" value="0" />
            </properties>
          </test-case>
          <test-case id="1095" name="NetworkHasVariedConnectedNonzeroBranches(1785)" fullname="RegionRiverNetworkTests.NetworkHasVariedConnectedNonzeroBranches(1785)" methodname="NetworkHasVariedConnectedNonzeroBranches" classname="RegionRiverNetworkTests" runstate="Runnable" seed="765019542" result="Passed" start-time="2026-09-16 19:06:12Z" end-time="2026-09-16 19:06:12Z" duration="0.045695" asserts="0">
            <properties>
              <property name="retryIteration" value="0" />
              <property name="repeatIteration" value="0" />
            </properties>
          </test-case>
          <test-case id="1096" name="NetworkHasVariedConnectedNonzeroBranches(994)" fullname="RegionRiverNetworkTests.NetworkHasVariedConnectedNonzeroBranches(994)" methodname="NetworkHasVariedConnectedNonzeroBranches" classname="RegionRiverNetworkTests" runstate="Runnable" seed="1442418552" result="Passed" start-time="2026-09-16 19:06:12Z" end-time="2026-09-16 19:06:12Z" duration="0.044300" asserts="0">
            <properties>
              <property name="retryIteration" value="0" />
              <property name="repeatIteration" value="0" />
            </properties>
          </test-case>
          <test-case id="1097" name="NetworkHasVariedConnectedNonzeroBranches(26)" fullname="RegionRiverNetworkTests.NetworkHasVariedConnectedNonzeroBranches(26)" methodname="NetworkHasVariedConnectedNonzeroBranches" classname="RegionRiverNetworkTests" runstate="Runnable" seed="487363006" result="Passed" start-time="2026-09-16 19:06:12Z" end-time="2026-09-16 19:06:12Z" duration="0.042052" asserts="0">
            <properties>
              <property name="retryIteration" value="0" />
              <property name="repeatIteration" value="0" />
            </properties>
          </test-case>
        </test-suite>
      </test-suite>
      <test-suite type="TestFixture" id="1106" name="RegionTerrainMenuTests" fullname="RegionTerrainMenuTests" classname="RegionTerrainMenuTests" runstate="Runnable" testcasecount="2" result="Passed" start-time="2026-09-16 19:06:12Z" end-time="2026-09-16 19:06:12Z" duration="0.049574" total="2" passed="2" failed="0" inconclusive="0" skipped="0" asserts="0">
        <properties />
        <test-case id="1107" name="CheckboxesAreExclusiveWithinTypeAndIndependentAcrossTypes" fullname="RegionTerrainMenuTests.CheckboxesAreExclusiveWithinTypeAndIndependentAcrossTypes" methodname="CheckboxesAreExclusiveWithinTypeAndIndependentAcrossTypes" classname="RegionTerrainMenuTests" runstate="Runnable" seed="1825769558" result="Passed" start-time="2026-09-16 19:06:12Z" end-time="2026-09-16 19:06:12Z" duration="0.025343" asserts="0">
          <properties>
            <property name="retryIteration" value="0" />
            <property name="repeatIteration" value="0" />
          </properties>
        </test-case>
        <test-case id="1108" name="RegionOptionsSurviveSerialization" fullname="RegionTerrainMenuTests.RegionOptionsSurviveSerialization" methodname="RegionOptionsSurviveSerialization" classname="RegionTerrainMenuTests" runstate="Runnable" seed="1247078450" result="Passed" start-time="2026-09-16 19:06:12Z" end-time="2026-09-16 19:06:12Z" duration="0.000876" asserts="0">
          <properties>
            <property name="retryIteration" value="0" />
            <property name="repeatIteration" value="0" />
          </properties>
          <output><![CDATA[Saving results to: /var/folders/y3/d9wwhmv57sqgmsfvr_rswy8w0000gn/T/cityforge-CityForge_-_V3-map-layers-tests.xml
Saving results to: /var/folders/y3/d9wwhmv57sqgmsfvr_rswy8w0000gn/T/cityforge-CityForge_-_V3-map-layers-tests.xml
]]></output>
        </test-case>
      </test-suite>
    </test-suite>
  </test-suite>
</test-run>